Scenario - Own_name
Logfile written - 09/28/2021 15:47:14

Subject	Trial	Event Type	Code	Time	TTime	Uncertainty	Duration	Uncertainty	ReqTime	ReqDur	Stim Type	Pair Index

1	1	Response	1	11249	10867	2
1	2	Sound	std	17641	0	2339			0		other	0
1	3	Sound	std	26249	0	3			0		other	0
1	4	Sound	std	33889	0	3			0		other	0
1	5	Sound	std	39770	0	3			0		other	0
1	6	Sound	std	46989	0	2			0		other	0
1	7	Sound	std	54099	0	2			0		other	0
1	8	Sound	std	60509	0	3			0		other	0
1	9	Sound	std	66739	0	2			0		other	0
1	10	Sound	std	74399	0	3			0		other	0
1	11	Sound	std	80799	0	2			0		other	0
1	12	Sound	std	88099	0	3			0		other	0
1	13	Sound	std	94729	0	2			0		other	0
1	14	Sound	std	100639	0	3			0		other	0
1	15	Sound	deviant_rough	106370	0	2			0		other	0
1	15	Sound	0	118370	12000	3			12000		other	0
1	16	Sound	std	124709	0	3			0		other	0
1	17	Sound	deviant_rough	131699	0	2			0		other	0
1	17	Sound	0	143699	12000	3			12000		other	0
1	18	Sound	std	150719	0	2			0		other	0
1	19	Sound	std	156539	0	2			0		other	0
1	20	Sound	deviant_flat	162579	0	2			0		other	0
1	20	Sound	0	174579	12000	3			12000		other	0
1	21	Sound	std	180499	0	2			0		other	0
1	22	Sound	deviant_flat	187749	0	3			0		other	0
1	22	Sound	0	199749	12000	2			12000		other	0
1	23	Sound	std	207329	0	2			0		other	0
1	24	Sound	std	214359	0	3			0		other	0
1	25	Sound	std	222069	0	2			0		other	0
1	26	Sound	std	228678	0	3			0		other	0
1	27	Sound	std	235729	0	3			0		other	0
1	28	Sound	std	241838	0	2			0		other	0
1	29	Sound	std	247859	0	2			0		other	0
1	30	Sound	std	254530	0	2			0		other	0
1	31	Sound	std	261349	0	2			0		other	0
1	32	Sound	std	268328	0	3			0		other	0
1	33	Sound	std	275709	0	3			0		other	0
1	34	Sound	std	282749	0	3			0		other	0
1	35	Sound	deviant_rough	289199	0	2			0		other	0
1	35	Sound	0	301199	12000	2			12000		other	0
1	36	Sound	std	307429	0	3			0		other	0
1	37	Sound	std	314789	0	2			0		other	0
1	38	Sound	deviant_smile	321089	0	3			0		other	0
1	38	Sound	0	333089	12000	2			12000		other	0
1	39	Sound	std	339089	0	3			0		other	0
1	40	Sound	deviant_rough	346188	0	3			0		other	0
1	40	Sound	0	358188	12000	3			12000		other	0
1	41	Sound	std	364959	0	3			0		other	0
1	42	Sound	std	371869	0	3			0		other	0
1	43	Sound	std	379018	0	2			0		other	0
1	44	Sound	std	385989	0	3			0		other	0
1	45	Sound	std	392058	0	3			0		other	0
1	46	Sound	std	399758	0	2			0		other	0
1	47	Sound	std	406859	0	4			0		other	0
1	48	Sound	std	414080	0	3			0		other	0
1	49	Sound	std	419868	0	2			0		other	0
1	50	Sound	std	426188	0	3			0		other	0
1	51	Sound	std	432699	0	3			0		other	0
1	52	Sound	std	440408	0	2			0		other	0
1	53	Sound	deviant_rough	447989	0	2			0		other	0
1	53	Sound	0	459989	12000	3			12000		other	0
1	54	Sound	deviant_rough	465979	0	4			0		other	0
1	54	Sound	0	477979	12000	2			12000		other	0
1	55	Sound	std	485398	0	3			0		other	0
1	56	Sound	deviant_flat	492609	0	3			0		other	0
1	56	Sound	0	504609	12000	3			12000		other	0
1	57	Sound	std	511619	0	3			0		other	0
1	58	Sound	std	518719	0	3			0		other	0
1	59	Sound	std	526378	0	3			0		other	0
1	60	Sound	std	532449	0	2			0		other	0
1	61	Sound	std	538778	0	3			0		other	0
1	62	Sound	std	546048	0	3			0		other	0
1	63	Sound	deviant_flat	552589	0	2			0		other	0
1	63	Sound	0	564589	12000	2			12000		other	0
1	64	Sound	deviant_flat	572158	0	2			0		other	0
1	64	Sound	0	584158	12000	3			12000		other	0
1	65	Sound	std	590308	0	2			0		other	0
1	66	Sound	std	596729	0	3			0		other	0
1	67	Sound	std	604039	0	2			0		other	0
1	68	Sound	std	611599	0	2			0		other	0
1	69	Sound	std	617948	0	2			0		other	0
1	70	Sound	deviant_rough	624829	0	2			0		other	0
1	70	Sound	0	636829	12000	2			12000		other	0
1	71	Sound	std	643329	0	2			0		other	0
1	72	Sound	std	650228	0	3			0		other	0
1	73	Sound	deviant_rough	656659	0	3			0		other	0
1	73	Sound	0	668659	12000	3			12000		other	0
1	74	Sound	deviant_smile	675229	0	3			0		other	0
1	74	Sound	0	687229	12000	3			12000		other	0
1	75	Sound	std	693119	0	3			0		other	0
1	76	Sound	std	699938	0	3			0		other	0
1	77	Sound	std	707419	0	3			0		other	0
1	78	Sound	std	713928	0	3			0		other	0
1	79	Sound	deviant_flat	719798	0	3			0		other	0
1	79	Sound	0	731798	12000	3			12000		other	0
1	80	Sound	std	738012	0	3			0		other	0
1	81	Sound	std	744679	0	3			0		other	0
1	82	Sound	deviant_flat	751858	0	3			0		other	0
1	82	Sound	0	763858	12000	3			12000		other	0
1	83	Sound	std	771098	0	3			0		other	0
1	84	Sound	std	778279	0	3			0		other	0
1	85	Sound	std	785419	0	3			0		other	0
1	86	Sound	std	791809	0	3			0		other	0
1	87	Sound	std	799389	0	3			0		other	0
1	88	Sound	std	806818	0	3			0		other	0
1	89	Sound	std	814368	0	3			0		other	0
1	90	Sound	std	820819	0	3			0		other	0
1	91	Sound	std	828339	0	4			0		other	0
1	92	Sound	std	835258	0	2			0		other	0
1	93	Sound	deviant_flat	842878	0	3			0		other	0
1	93	Sound	0	854878	12000	3			12000		other	0
1	94	Sound	std	861358	0	2			0		other	0
1	95	Sound	std	867987	0	2			0		other	0
1	96	Sound	std	873869	0	3			0		other	0
1	97	Sound	std	880478	0	3			0		other	0
1	98	Sound	std	887718	0	3			0		other	0
1	99	Sound	deviant_rough	895228	0	3			0		other	0
1	99	Sound	0	907228	12000	2			12000		other	0
1	100	Sound	std	914839	0	3			0		other	0
1	101	Sound	deviant_rough	922248	0	2			0		other	0
1	101	Sound	0	934248	12000	3			12000		other	0
1	102	Sound	std	940548	0	3			0		other	0
1	103	Sound	deviant_smile	947428	0	3			0		other	0
1	103	Sound	0	959428	12000	3			12000		other	0
1	104	Sound	std	966167	0	2			0		other	0
1	105	Sound	std	973628	0	3			0		other	0
1	106	Sound	std	979528	0	3			0		other	0
1	107	Sound	deviant_smile	986678	0	2			0		other	0
1	107	Sound	0	998678	12000	3			12000		other	0
1	108	Sound	std	1005618	0	3			0		other	0
1	109	Sound	std	1011960	0	3			0		other	0
1	110	Sound	std	1018600	0	3			0		other	0
1	111	Sound	std	1024379	0	2			0		other	0
1	112	Sound	std	1030267	0	2			0		other	0
1	113	Sound	std	1036648	0	3			0		other	0
1	114	Sound	std	1042658	0	3			0		other	0
1	115	Sound	std	1049281	0	3			0		other	0
1	116	Sound	deviant_smile	1056538	0	3			0		other	0
1	116	Sound	0	1068538	12000	3			12000		other	0
1	117	Sound	std	1075409	0	3			0		other	0
1	118	Sound	std	1081449	0	3			0		other	0
1	119	Sound	std	1087178	0	2			0		other	0
1	120	Sound	deviant_flat	1094418	0	2			0		other	0
1	120	Sound	0	1106418	12000	2			12000		other	0
1	121	Sound	std	1113518	0	3			0		other	0
1	122	Sound	std	1119588	0	2			0		other	0
1	123	Sound	std	1126608	0	2			0		other	0
1	124	Sound	std	1133788	0	2			0		other	0
1	125	Sound	std	1140027	0	3			0		other	0
1	126	Sound	std	1146431	0	3			0		other	0
1	127	Sound	std	1152708	0	3			0		other	0
1	128	Sound	std	1159199	0	2			0		other	0
1	129	Sound	std	1165038	0	2			0		other	0
1	130	Sound	std	1172289	0	2			0		other	0
1	131	Sound	deviant_smile	1178097	0	2			0		other	0
1	131	Sound	0	1190097	12000	2			12000		other	0
1	132	Sound	std	1196388	0	3			0		other	0
1	133	Sound	deviant_flat	1203458	0	2			0		other	0
1	133	Sound	0	1215458	12000	3			12000		other	0
1	134	Sound	std	1221768	0	2			0		other	0
1	135	Sound	std	1229118	0	2			0		other	0
1	136	Sound	std	1236859	0	3			0		other	0
1	137	Sound	deviant_flat	1243288	0	3			0		other	0
1	137	Sound	0	1255288	12000	3			12000		other	0
1	138	Sound	std	1261068	0	3			0		other	0
1	139	Sound	deviant_smile	1267067	0	3			0		other	0
1	139	Sound	0	1279067	12000	3			12000		other	0
1	140	Sound	std	1285018	0	2			0		other	0
1	141	Sound	std	1291678	0	2			0		other	0
1	142	Sound	std	1298409	0	2			0		other	0
1	143	Sound	std	1306028	0	3			0		other	0
1	144	Sound	std	1312798	0	2			0		other	0
1	145	Sound	std	1319047	0	2			0		other	0
1	146	Sound	std	1326418	0	2			0		other	0
1	147	Sound	std	1334168	0	3			0		other	0
1	148	Sound	std	1341377	0	2			0		other	0
1	149	Sound	std	1349008	0	2			0		other	0
1	150	Sound	deviant_flat	1354967	0	3			0		other	0
1	150	Sound	0	1366967	12000	3			12000		other	0
1	151	Sound	std	1373487	0	2			0		other	0
1	152	Sound	std	1380778	0	3			0		other	0
1	153	Sound	deviant_flat	1387307	0	3			0		other	0
1	153	Sound	0	1399307	12000	2			12000		other	0
1	154	Sound	std	1406579	0	3			0		other	0
1	155	Sound	deviant_smile	1413898	0	3			0		other	0
1	155	Sound	0	1425898	12000	2			12000		other	0
1	156	Sound	deviant_flat	1432608	0	3			0		other	0
1	156	Sound	0	1444608	12000	3			12000		other	0
1	157	Sound	deviant_rough	1451497	0	3			0		other	0
1	157	Sound	0	1463497	12000	3			12000		other	0
1	158	Sound	deviant_rough	1469707	0	3			0		other	0
1	158	Sound	0	1481707	12000	2			12000		other	0
1	159	Sound	deviant_flat	1487757	0	3			0		other	0
1	159	Sound	0	1499757	12000	2			12000		other	0
1	160	Sound	std	1506617	0	3			0		other	0
1	161	Sound	std	1513760	0	7			0		other	0
1	162	Sound	std	1521327	0	3			0		other	0
1	163	Sound	std	1528168	0	3			0		other	0
1	164	Sound	std	1534088	0	3			0		other	0
1	165	Sound	deviant_rough	1541457	0	2			0		other	0
1	165	Sound	0	1553457	12000	3			12000		other	0
1	166	Sound	deviant_flat	1561137	0	2			0		other	0
1	166	Sound	0	1573137	12000	3			12000		other	0
1	167	Sound	deviant_rough	1580239	0	3			0		other	0
1	167	Sound	0	1592239	12000	3			12000		other	0
1	168	Sound	std	1598627	0	3			0		other	0
1	169	Sound	std	1605108	0	3			0		other	0
1	170	Sound	std	1611888	0	3			0		other	0
1	171	Sound	deviant_flat	1618057	0	3			0		other	0
1	171	Sound	0	1630057	12000	2			12000		other	0
1	172	Sound	std	1637238	0	2			0		other	0
1	173	Sound	std	1643028	0	3			0		other	0
1	174	Sound	std	1649762	0	2			0		other	0
1	175	Sound	std	1656869	0	3			0		other	0
1	176	Sound	std	1664668	0	3			0		other	0
1	177	Sound	std	1671367	0	3			0		other	0
1	178	Sound	std	1677257	0	3			0		other	0
1	179	Sound	std	1684499	0	3			0		other	0
1	180	Sound	std	1690587	0	2			0		other	0
1	181	Sound	std	1696438	0	3			0		other	0
1	182	Sound	deviant_smile	1703758	0	3			0		other	0
1	182	Sound	0	1715758	12000	3			12000		other	0
1	183	Sound	std	1722097	0	3			0		other	0
1	184	Sound	deviant_smile	1728167	0	3			0		other	0
1	184	Sound	0	1740167	12000	3			12000		other	0
1	185	Sound	std	1747068	0	3			0		other	0
1	186	Sound	std	1754448	0	3			0		other	0
1	187	Sound	std	1760757	0	3			0		other	0
1	188	Sound	std	1766528	0	3			0		other	0
1	189	Sound	std	1773888	0	3			0		other	0
1	190	Sound	std	1781367	0	3			0		other	0
1	191	Sound	deviant_flat	1787338	0	3			0		other	0
1	191	Sound	0	1799338	12000	3			12000		other	0
1	192	Sound	std	1805887	0	3			0		other	0
1	193	Sound	deviant_smile	1812037	0	3			0		other	0
1	193	Sound	0	1824037	12000	3			12000		other	0
1	194	Sound	deviant_smile	1829898	0	3			0		other	0
1	194	Sound	0	1841898	12000	2			12000		other	0
1	195	Sound	std	1848627	0	3			0		other	0
1	196	Sound	std	1855047	0	2			0		other	0
1	197	Sound	deviant_flat	1861457	0	2			0		other	0
1	197	Sound	0	1873457	12000	3			12000		other	0
1	198	Sound	std	1880067	0	3			0		other	0
1	199	Sound	std	1886627	0	2			0		other	0
1	200	Sound	deviant_flat	1892997	0	2			0		other	0
1	200	Sound	0	1904997	12000	3			12000		other	0
1	201	Sound	std	1910787	0	2			0		other	0
1	202	Sound	deviant_rough	1916867	0	3			0		other	0
1	202	Sound	0	1928867	12000	2			12000		other	0
1	203	Sound	std	1934677	0	3			0		other	0
1	204	Sound	deviant_smile	1940717	0	3			0		other	0
1	204	Sound	0	1952717	12000	3			12000		other	0
1	205	Sound	std	1959118	0	3			0		other	0
1	206	Sound	std	1966537	0	3			0		other	0
1	207	Sound	std	1973927	0	3			0		other	0
1	208	Sound	deviant_flat	1981490	0	2			0		other	0
1	208	Sound	0	1993490	12000	3			12000		other	0
1	209	Sound	std	2000217	0	2			0		other	0
1	210	Sound	deviant_smile	2006867	0	3			0		other	0
1	210	Sound	0	2018867	12000	2			12000		other	0
1	211	Sound	std	2026028	0	3			0		other	0
1	212	Sound	std	2032460	0	3			0		other	0
1	213	Sound	std	2039337	0	2			0		other	0
1	214	Sound	std	2045887	0	3			0		other	0
1	215	Sound	std	2052187	0	2			0		other	0
1	216	Sound	deviant_smile	2059906	0	3			0		other	0
1	216	Sound	0	2071906	12000	2			12000		other	0
1	217	Sound	std	2078756	0	3			0		other	0
1	218	Sound	std	2084597	0	2			0		other	0
1	219	Sound	deviant_rough	2091447	0	3			0		other	0
1	219	Sound	0	2103447	12000	3			12000		other	0
1	220	Sound	std	2110966	0	3			0		other	0
1	221	Sound	std	2118317	0	3			0		other	0
1	222	Sound	deviant_smile	2124166	0	3			0		other	0
1	222	Sound	0	2136166	12000	3			12000		other	0
1	223	Sound	std	2142346	0	3			0		other	0
1	224	Sound	deviant_flat	2149007	0	2			0		other	0
1	224	Sound	0	2161007	12000	3			12000		other	0
1	225	Sound	deviant_flat	2167606	0	2			0		other	0
1	225	Sound	0	2179606	12000	3			12000		other	0
1	226	Sound	std	2186116	0	3			0		other	0
1	227	Sound	deviant_rough	2192017	0	2			0		other	0
1	227	Sound	0	2204017	12000	3			12000		other	0
1	228	Sound	std	2210196	0	3			0		other	0
1	229	Sound	std	2216033	0	3			0		other	0
1	230	Sound	std	2222557	0	3			0		other	0
1	231	Sound	std	2229479	0	2			0		other	0
1	232	Sound	std	2236117	0	3			0		other	0
1	233	Sound	std	2243256	0	2			0		other	0
1	234	Sound	std	2250366	0	2			0		other	0
1	235	Sound	deviant_smile	2258117	0	3			0		other	0
1	235	Sound	0	2270117	12000	3			12000		other	0
1	236	Sound	std	2276547	0	3			0		other	0
1	237	Sound	std	2283217	0	2			0		other	0
1	238	Sound	std	2290676	0	2			0		other	0
1	239	Sound	std	2297326	0	3			0		other	0
1	240	Sound	std	2303996	0	2			0		other	0
1	241	Sound	std	2310456	0	3			0		other	0
1	242	Sound	std	2317356	0	3			0		other	0
1	243	Sound	std	2324476	0	3			0		other	0
1	244	Sound	deviant_rough	2331846	0	2			0		other	0
1	244	Sound	0	2343846	12000	2			12000		other	0
1	245	Sound	std	2349675	0	2			0		other	0
1	246	Sound	std	2355897	0	3			0		other	0
1	247	Sound	std	2362816	0	3			0		other	0
1	248	Sound	deviant_smile	2369236	0	3			0		other	0
1	248	Sound	0	2381236	12000	3			12000		other	0
1	249	Sound	deviant_smile	2388226	0	3			0		other	0
1	249	Sound	0	2400226	12000	3			12000		other	0
1	250	Sound	std	2407587	0	3			0		other	0
1	251	Sound	deviant_smile	2414786	0	2			0		other	0
1	251	Sound	0	2426786	12000	3			12000		other	0
1	252	Sound	deviant_rough	2433196	0	3			0		other	0
1	252	Sound	0	2445196	12000	2			12000		other	0
1	253	Sound	std	2452237	0	3			0		other	0
1	254	Sound	std	2459527	0	3			0		other	0
1	255	Sound	deviant_smile	2466326	0	46			0		other	0
1	255	Sound	0	2478326	12000	2			12000		other	0
1	256	Sound	std	2484596	0	2			0		other	0
1	257	Sound	std	2490917	0	3			0		other	0
1	258	Sound	std	2497576	0	2			0		other	0
1	259	Sound	std	2504536	0	3			0		other	0
1	260	Sound	deviant_flat	2512186	0	3			0		other	0
1	260	Sound	0	2524186	12000	3			12000		other	0
1	261	Sound	deviant_smile	2531427	0	2			0		other	0
1	261	Sound	0	2543427	12000	2			12000		other	0
1	262	Sound	std	2549556	0	3			0		other	0
1	263	Sound	std	2555756	0	2			0		other	0
1	264	Sound	std	2562186	0	2			0		other	0
1	265	Sound	deviant_smile	2568498	0	3			0		other	0
1	265	Sound	0	2580498	12000	3			12000		other	0
1	266	Sound	std	2586616	0	3			0		other	0
1	267	Sound	std	2593027	0	3			0		other	0
1	268	Sound	std	2599586	0	3			0		other	0
1	269	Sound	std	2606306	0	3			0		other	0
1	270	Sound	std	2612956	0	2			0		other	0
1	271	Sound	std	2619136	0	3			0		other	0
1	272	Sound	std	2626716	0	2			0		other	0
1	273	Sound	std	2632466	0	3			0		other	0
1	274	Sound	deviant_flat	2639877	0	3			0		other	0
1	274	Sound	0	2651877	12000	3			12000		other	0
1	275	Sound	std	2659536	0	3			0		other	0
1	276	Sound	deviant_rough	2666896	0	3			0		other	0
1	276	Sound	0	2678896	12000	3			12000		other	0
1	277	Sound	deviant_rough	2685186	0	3			0		other	0
1	277	Sound	0	2697186	12000	3			12000		other	0
1	278	Sound	std	2703776	0	3			0		other	0
1	279	Sound	std	2711485	0	3			0		other	0
1	280	Sound	std	2718766	0	3			0		other	0
1	281	Sound	std	2726216	0	3			0		other	0
1	282	Sound	deviant_flat	2733546	0	3			0		other	0
1	282	Sound	0	2745546	12000	3			12000		other	0
1	283	Sound	std	2751637	0	3			0		other	0
1	284	Sound	deviant_smile	2758067	0	3			0		other	0
1	284	Sound	0	2770067	12000	3			12000		other	0
1	285	Sound	std	2776287	0	3			0		other	0
1	286	Sound	deviant_flat	2783725	0	3			0		other	0
1	286	Sound	0	2795725	12000	3			12000		other	0
1	287	Sound	std	2801566	0	3			0		other	0
1	288	Sound	deviant_flat	2808216	0	3			0		other	0
1	288	Sound	0	2820216	12000	3			12000		other	0
1	289	Sound	std	2827425	0	3			0		other	0
1	290	Sound	std	2834647	0	3			0		other	0
1	291	Sound	deviant_rough	2840966	0	3			0		other	0
1	291	Sound	0	2852966	12000	3			12000		other	0
1	292	Sound	std	2858936	0	3			0		other	0
1	293	Sound	std	2864696	0	3			0		other	0
1	294	Sound	std	2871157	0	3			0		other	0
1	295	Sound	deviant_rough	2877018	0	2			0		other	0
1	295	Sound	0	2889018	12000	3			12000		other	0
1	296	Sound	std	2896456	0	3			0		other	0
1	297	Sound	std	2903486	0	3			0		other	0
1	298	Sound	deviant_rough	2910836	0	3			0		other	0
1	298	Sound	0	2922836	12000	3			12000		other	0
1	299	Sound	std	2928905	0	3			0		other	0
1	300	Sound	std	2936106	0	3			0		other	0
1	301	Sound	std	2942416	0	3			0		other	0
1	302	Sound	std	2948416	0	3			0		other	0
1	303	Sound	deviant_flat	2954176	0	3			0		other	0
1	303	Sound	0	2966176	12000	5			12000		other	0
1	304	Sound	std	2972847	0	3			0		other	0
1	305	Sound	std	2978936	0	3			0		other	0
1	306	Sound	std	2986636	0	3			0		other	0
1	307	Sound	std	2993786	0	3			0		other	0
1	308	Sound	std	3000105	0	3			0		other	0
1	309	Sound	std	3007466	0	3			0		other	0
1	310	Sound	std	3014536	0	3			0		other	0
1	311	Sound	std	3021117	0	3			0		other	0
1	312	Sound	std	3027656	0	2			0		other	0
1	313	Sound	std	3035326	0	3			0		other	0
1	314	Sound	std	3041546	0	3			0		other	0
1	315	Sound	deviant_smile	3048816	0	3			0		other	0
1	315	Sound	0	3060816	12000	2			12000		other	0
1	316	Sound	std	3066626	0	3			0		other	0
1	317	Sound	std	3073256	0	3			0		other	0
1	318	Sound	std	3080106	0	3			0		other	0
1	319	Sound	deviant_flat	3087416	0	3			0		other	0
1	319	Sound	0	3099416	12000	5			12000		other	0
1	320	Sound	deviant_flat	3106786	0	3			0		other	0
1	320	Sound	0	3118786	12000	3			12000		other	0
1	321	Sound	std	3125176	0	3			0		other	0
1	322	Sound	std	3131786	0	3			0		other	0
1	323	Sound	deviant_flat	3138476	0	3			0		other	0
1	323	Sound	0	3150476	12000	3			12000		other	0
1	324	Sound	std	3156596	0	3			0		other	0
1	325	Sound	std	3164286	0	2			0		other	0
1	326	Sound	std	3172066	0	3			0		other	0
1	327	Sound	std	3179196	0	3			0		other	0
1	328	Sound	deviant_smile	3186056	0	3			0		other	0
1	328	Sound	0	3198056	12000	3			12000		other	0
1	329	Sound	std	3204945	0	3			0		other	0
1	330	Sound	std	3210796	0	3			0		other	0
1	331	Sound	std	3216596	0	3			0		other	0
1	332	Sound	std	3224065	0	3			0		other	0
1	333	Sound	deviant_flat	3230935	0	4			0		other	0
1	333	Sound	0	3242935	12000	5			12000		other	0
1	334	Sound	std	3249196	0	3			0		other	0
1	335	Sound	std	3255626	0	3			0		other	0
1	336	Sound	std	3261915	0	3			0		other	0
1	337	Sound	std	3268706	0	2			0		other	0
1	338	Sound	std	3275975	0	2			0		other	0
1	339	Sound	std	3283605	0	6			0		other	0
1	340	Sound	std	3290176	0	2			0		other	0
1	341	Sound	std	3296496	0	3			0		other	0
1	342	Sound	deviant_smile	3303695	0	2			0		other	0
1	342	Sound	0	3315695	12000	3			12000		other	0
1	343	Sound	std	3322347	0	3			0		other	0
1	344	Sound	std	3328315	0	3			0		other	0
1	345	Sound	std	3334825	0	2			0		other	0
1	346	Sound	std	3342006	0	2			0		other	0
1	347	Sound	std	3348816	0	3			0		other	0
1	348	Sound	std	3356285	0	3			0		other	0
1	349	Sound	deviant_rough	3363625	0	2			0		other	0
1	349	Sound	0	3375625	12000	2			12000		other	0
1	350	Sound	std	3382105	0	3			0		other	0
1	351	Sound	std	3388336	0	3			0		other	0
1	352	Sound	std	3394065	0	2			0		other	0
1	353	Sound	std	3401415	0	2			0		other	0
1	354	Sound	std	3407175	0	3			0		other	0
1	355	Sound	std	3412975	0	2			0		other	0
1	356	Sound	std	3420105	0	4			0		other	0
1	357	Sound	std	3427457	0	3			0		other	0
1	358	Sound	std	3434635	0	3			0		other	0
1	359	Sound	std	3441945	0	3			0		other	0
1	360	Sound	deviant_rough	3449315	0	2			0		other	0
1	360	Sound	0	3461315	12000	2			12000		other	0
1	361	Sound	std	3467754	0	2			0		other	0
1	362	Sound	std	3474195	0	3			0		other	0
1	363	Sound	std	3481765	0	2			0		other	0
1	364	Sound	deviant_smile	3488835	0	3			0		other	0
1	364	Sound	0	3500835	12000	3			12000		other	0
1	365	Sound	deviant_rough	3507735	0	2			0		other	0
1	365	Sound	0	3519735	12000	3			12000		other	0
1	366	Sound	std	3526665	0	2			0		other	0
1	367	Sound	std	3534326	0	3			0		other	0
1	368	Sound	std	3541155	0	3			0		other	0
1	369	Sound	std	3548095	0	3			0		other	0
1	370	Sound	std	3554046	0	2			0		other	0
1	371	Sound	std	3560685	0	2			0		other	0
1	372	Sound	std	3567435	0	3			0		other	0
1	373	Sound	deviant_smile	3574025	0	3			0		other	0
1	373	Sound	0	3586025	12000	2			12000		other	0
1	374	Sound	std	3593705	0	2			0		other	0
1	375	Sound	deviant_rough	3599645	0	3			0		other	0
1	375	Sound	0	3611645	12000	3			12000		other	0
1	376	Sound	std	3618825	0	3			0		other	0
1	377	Sound	std	3625374	0	2			0		other	0
1	378	Sound	std	3631476	0	2			0		other	0
1	379	Sound	std	3638725	0	2			0		other	0
1	380	Sound	std	3645395	0	2			0		other	0
1	381	Sound	deviant_rough	3652495	0	3			0		other	0
1	381	Sound	0	3664495	12000	2			12000		other	0
1	382	Sound	deviant_flat	3670625	0	3			0		other	0
1	382	Sound	0	3682625	12000	3			12000		other	0
1	383	Sound	std	3689565	0	3			0		other	0
1	384	Sound	std	3696346	0	3			0		other	0
1	385	Sound	std	3702596	0	2			0		other	0
1	386	Sound	std	3709425	0	3			0		other	0
1	387	Sound	std	3715737	0	3			0		other	0
1	388	Sound	std	3722464	0	3			0		other	0
1	389	Sound	std	3729745	0	3			0		other	0
1	390	Sound	std	3736315	0	3			0		other	0
1	391	Sound	std	3742514	0	3			0		other	0
1	392	Sound	std	3749617	0	3			0		other	0
1	393	Sound	std	3755904	0	3			0		other	0
1	394	Sound	std	3763605	0	2			0		other	0
1	395	Sound	deviant_smile	3769805	0	3			0		other	0
1	395	Sound	0	3781805	12000	3			12000		other	0
1	396	Sound	std	3788046	0	3			0		other	0
1	397	Sound	std	3793805	0	3			0		other	0
1	398	Sound	std	3799606	0	3			0		other	0
1	399	Sound	std	3805545	0	3			0		other	0
1	400	Sound	std	3812685	0	3			0		other	0
1	401	Sound	deviant_rough	3820165	0	3			0		other	0
1	401	Sound	0	3832165	12000	3			12000		other	0
1	402	Sound	std	3839355	0	3			0		other	0
1	403	Sound	deviant_rough	3846565	0	3			0		other	0
1	403	Sound	0	3858565	12000	3			12000		other	0
1	404	Sound	std	3864984	0	3			0		other	0
1	405	Sound	std	3872336	0	3			0		other	0
1	406	Sound	std	3879626	0	3			0		other	0
1	407	Sound	deviant_smile	3886885	0	3			0		other	0
1	407	Sound	0	3898885	12000	3			12000		other	0
1	408	Sound	deviant_flat	3906155	0	3			0		other	0
1	408	Sound	0	3918155	12000	3			12000		other	0
1	409	Sound	deviant_smile	3925045	0	3			0		other	0
1	409	Sound	0	3937045	12000	3			12000		other	0
1	410	Sound	std	3943725	0	3			0		other	0
1	411	Sound	std	3950055	0	2			0		other	0
1	412	Sound	std	3957456	0	7			0		other	0
1	413	Sound	std	3964085	0	3			0		other	0
1	414	Sound	deviant_smile	3971255	0	3			0		other	0
1	414	Sound	0	3983255	12000	3			12000		other	0
1	415	Sound	std	3989424	0	3			0		other	0
1	416	Sound	std	3996896	0	3			0		other	0
1	417	Sound	std	4003994	0	3			0		other	0
1	418	Sound	std	4010464	0	3			0		other	0
1	419	Sound	deviant_flat	4017694	0	2			0		other	0
1	419	Sound	0	4029694	12000	3			12000		other	0
1	420	Sound	std	4035474	0	2			0		other	0
1	421	Sound	std	4041605	0	2			0		other	0
1	422	Sound	std	4048504	0	3			0		other	0
1	423	Sound	deviant_rough	4055704	0	3			0		other	0
1	423	Sound	0	4067704	12000	2			12000		other	0
1	424	Sound	deviant_smile	4074054	0	2			0		other	0
1	424	Sound	0	4086054	12000	2			12000		other	0
1	425	Sound	deviant_smile	4092246	0	3			0		other	0
1	425	Sound	0	4104246	12000	2			12000		other	0
1	426	Sound	std	4110434	0	3			0		other	0
1	427	Sound	deviant_flat	4116875	0	3			0		other	0
1	427	Sound	0	4128875	12000	3			12000		other	0
1	428	Sound	std	4135164	0	2			0		other	0
1	429	Sound	deviant_rough	4142515	0	3			0		other	0
1	429	Sound	0	4154515	12000	3			12000		other	0
1	430	Sound	std	4160685	0	3			0		other	0
1	431	Sound	deviant_smile	4167135	0	3			0		other	0
1	431	Sound	0	4179135	12000	3			12000		other	0
1	432	Sound	deviant_smile	4184935	0	3			0		other	0
1	432	Sound	0	4196935	12000	2			12000		other	0
1	433	Sound	std	4203594	0	2			0		other	0
1	434	Sound	std	4210046	0	3			0		other	0
1	435	Sound	std	4216576	0	3			0		other	0
1	436	Sound	deviant_smile	4224255	0	3			0		other	0
1	436	Sound	0	4236255	12000	2			12000		other	0
1	437	Sound	std	4243645	0	3			0		other	0
1	438	Sound	std	4249896	0	2			0		other	0
1	439	Sound	std	4256364	0	3			0		other	0
1	440	Sound	std	4262114	0	3			0		other	0
1	441	Sound	std	4269864	0	2			0		other	0
1	442	Sound	std	4276985	0	3			0		other	0
1	443	Sound	std	4282984	0	3			0		other	0
1	444	Sound	std	4289024	0	3			0		other	0
1	445	Sound	std	4296524	0	3			0		other	0
1	446	Sound	std	4302364	0	3			0		other	0
1	447	Sound	std	4309325	0	2			0		other	0
1	448	Sound	std	4315175	0	2			0		other	0
1	449	Sound	deviant_smile	4322884	0	3			0		other	0
1	449	Sound	0	4334884	12000	3			12000		other	0
1	450	Sound	deviant_smile	4342024	0	2			0		other	0
1	450	Sound	0	4354024	12000	2			12000		other	0
1	451	Sound	std	4360534	0	3			0		other	0
1	452	Sound	std	4367375	0	3			0		other	0
1	453	Sound	std	4374115	0	3			0		other	0
1	454	Sound	std	4380185	0	3			0		other	0
1	455	Sound	deviant_flat	4386405	0	3			0		other	0
1	455	Sound	0	4398405	12000	2			12000		other	0
1	456	Sound	std	4404974	0	3			0		other	0
1	457	Sound	deviant_smile	4411074	0	2			0		other	0
1	457	Sound	0	4423074	12000	2			12000		other	0
1	458	Sound	std	4429614	0	2			0		other	0
1	459	Sound	deviant_rough	4436554	0	3			0		other	0
1	459	Sound	0	4448554	12000	3			12000		other	0
1	460	Sound	std	4455304	0	3			0		other	0
1	461	Sound	deviant_smile	4462484	0	2			0		other	0
1	461	Sound	0	4474484	12000	3			12000		other	0
1	462	Sound	std	4480535	0	3			0		other	0
1	463	Sound	std	4487873	0	2			0		other	0
1	464	Sound	std	4494094	0	3			0		other	0
1	465	Sound	std	4501834	0	3			0		other	0
1	466	Sound	std	4508814	0	2			0		other	0
1	467	Sound	deviant_smile	4515874	0	2			0		other	0
1	467	Sound	0	4527874	12000	3			12000		other	0
1	468	Sound	std	4534133	0	2			0		other	0
1	469	Sound	std	4539954	0	3			0		other	0
1	470	Sound	std	4546824	0	2			0		other	0
1	471	Sound	std	4553314	0	2			0		other	0
1	472	Sound	deviant_smile	4559743	0	2			0		other	0
1	472	Sound	0	4571743	12000	2			12000		other	0
1	473	Sound	std	4579084	0	2			0		other	0
1	474	Sound	std	4585505	0	2			0		other	0
1	475	Sound	std	4593124	0	2			0		other	0
1	476	Sound	std	4600555	0	2			0		other	0
1	477	Sound	std	4606895	0	2			0		other	0
1	478	Sound	deviant_rough	4613213	0	2			0		other	0
1	478	Sound	0	4625213	12000	2			12000		other	0
1	479	Sound	deviant_rough	4631144	0	3			0		other	0
1	479	Sound	0	4643144	12000	2			12000		other	0
1	480	Sound	deviant_rough	4650584	0	3			0		other	0
1	480	Sound	0	4662584	12000	2			12000		other	0
1	481	Sound	std	4668845	0	6			0		other	0
1	482	Sound	std	4675093	0	3			0		other	0
1	483	Sound	std	4681763	0	3			0		other	0
1	484	Sound	deviant_rough	4688863	0	6			0		other	0
1	484	Sound	0	4700863	12000	4			12000		other	0
1	485	Sound	deviant_flat	4707213	0	3			0		other	0
1	485	Sound	0	4719213	12000	3			12000		other	0
1	486	Sound	std	4726474	0	3			0		other	0
1	487	Sound	std	4733105	0	3			0		other	0
1	488	Sound	std	4739105	0	2			0		other	0
1	489	Sound	std	4745114	0	3			0		other	0
1	490	Sound	std	4751533	0	2			0		other	0
1	491	Sound	std	4757393	0	2			0		other	0
1	492	Sound	std	4764054	0	3			0		other	0
1	493	Sound	std	4770793	0	3			0		other	0
1	494	Sound	std	4776763	0	3			0		other	0
1	495	Sound	std	4783743	0	3			0		other	0
1	496	Sound	std	4790433	0	2			0		other	0
1	497	Sound	std	4797483	0	3			0		other	0
1	498	Sound	std	4804574	0	2			0		other	0
1	499	Sound	std	4810885	0	2			0		other	0
1	500	Sound	std	4817663	0	2			0		other	0
1	501	Sound	deviant_flat	4823703	0	2			0		other	0
1	501	Sound	0	4835703	12000	3			12000		other	0
1	502	Sound	std	4842695	0	2			0		other	0
1	503	Sound	std	4850323	0	2			0		other	0
1	504	Sound	std	4857094	0	3			0		other	0
1	505	Sound	deviant_rough	4863974	0	3			0		other	0
1	505	Sound	0	4875974	12000	2			12000		other	0
1	506	Sound	std	4881974	0	3			0		other	0
1	507	Sound	std	4888353	0	2			0		other	0
1	508	Sound	std	4895784	0	3			0		other	0
1	509	Sound	std	4902014	0	2			0		other	0
1	510	Sound	deviant_smile	4908584	0	2			0		other	0
1	510	Sound	0	4920584	12000	2			12000		other	0
1	511	Sound	std	4927463	0	4			0		other	0
1	512	Sound	std	4934505	0	3			0		other	0
1	513	Sound	std	4941274	0	3			0		other	0
1	514	Sound	std	4948123	0	2			0		other	0
1	515	Sound	std	4954733	0	3			0		other	0
1	516	Sound	std	4961883	0	2			0		other	0
1	517	Sound	deviant_flat	4968744	0	3			0		other	0
1	517	Sound	0	4980744	12000	2			12000		other	0
1	518	Sound	std	4987203	0	3			0		other	0
1	519	Sound	std	4994564	0	2			0		other	0
1	520	Sound	deviant_smile	5001694	0	3			0		other	0
1	520	Sound	0	5013694	12000	3			12000		other	0
1	521	Sound	std	5020273	0	2			0		other	0
1	522	Sound	deviant_rough	5026725	0	2			0		other	0
1	522	Sound	0	5038725	12000	3			12000		other	0
1	523	Sound	deviant_smile	5045591	0	3			0		other	0
1	523	Sound	0	5057591	12000	3			12000		other	0
1	524	Sound	std	5064463	0	2			0		other	0
1	525	Sound	std	5070743	0	3			0		other	0
1	526	Sound	std	5076833	0	3			0		other	0
1	527	Sound	std	5083593	0	3			0		other	0
1	528	Sound	std	5090285	0	3			0		other	0
1	529	Sound	std	5097023	0	3			0		other	0
1	530	Sound	std	5104623	0	3			0		other	0
1	531	Sound	std	5111583	0	3			0		other	0
1	532	Sound	deviant_flat	5118284	0	3			0		other	0
1	532	Sound	0	5130284	12000	2			12000		other	0
1	533	Sound	std	5137133	0	3			0		other	0
1	534	Sound	std	5143893	0	3			0		other	0
1	535	Sound	std	5150334	0	4			0		other	0
1	536	Sound	std	5156464	0	2			0		other	0
1	537	Sound	deviant_flat	5163743	0	3			0		other	0
1	537	Sound	0	5175743	12000	3			12000		other	0
1	538	Sound	std	5183123	0	3			0		other	0
1	539	Sound	std	5188943	0	2			0		other	0
1	540	Sound	std	5196606	0	2			0		other	0
1	541	Sound	deviant_flat	5202472	0	3			0		other	0
1	541	Sound	0	5214472	12000	3			12000		other	0
1	542	Sound	std	5221653	0	3			0		other	0
1	543	Sound	std	5228352	0	3			0		other	0
1	544	Sound	std	5236063	0	3			0		other	0
1	545	Sound	std	5242633	0	3			0		other	0
1	546	Sound	std	5250193	0	3			0		other	0
1	547	Sound	std	5257733	0	3			0		other	0
1	548	Sound	std	5263564	0	3			0		other	0
1	549	Sound	std	5270064	0	3			0		other	0
1	550	Sound	std	5275993	0	3			0		other	0
1	551	Sound	deviant_flat	5282513	0	3			0		other	0
1	551	Sound	0	5294513	12000	3			12000		other	0
1	552	Sound	std	5300814	0	3			0		other	0
1	553	Sound	std	5308054	0	3			0		other	0
1	554	Sound	deviant_rough	5315373	0	3			0		other	0
1	554	Sound	0	5327373	12000	3			12000		other	0
1	555	Sound	std	5334553	0	3			0		other	0
1	556	Sound	std	5341513	0	3			0		other	0
1	557	Sound	std	5349093	0	2			0		other	0
1	558	Sound	std	5355554	0	3			0		other	0
1	559	Sound	std	5362093	0	3			0		other	0
1	560	Sound	std	5368023	0	3			0		other	0
1	561	Sound	std	5374294	0	3			0		other	0
1	562	Sound	std	5380152	0	3			0		other	0
1	563	Sound	std	5387633	0	3			0		other	0
1	564	Sound	std	5395154	0	3			0		other	0
1	565	Sound	std	5402133	0	3			0		other	0
1	566	Sound	std	5408394	0	3			0		other	0
1	567	Sound	std	5414193	0	3			0		other	0
1	568	Sound	std	5420053	0	3			0		other	0
1	569	Sound	std	5427044	0	3			0		other	0
1	570	Sound	deviant_smile	5433053	0	3			0		other	0
1	570	Sound	0	5445053	12000	3			12000		other	0
1	571	Sound	std	5451924	0	2			0		other	0
1	572	Sound	std	5458712	0	3			0		other	0
1	573	Sound	std	5465654	0	3			0		other	0
1	574	Sound	std	5473153	0	3			0		other	0
1	575	Sound	deviant_rough	5480033	0	3			0		other	0
1	575	Sound	0	5492034	12000	3			12000		other	0
1	576	Sound	deviant_flat	5499693	0	3			0		other	0
1	576	Sound	0	5511693	12000	3			12000		other	0
1	577	Sound	std	5518033	0	2			0		other	0
1	578	Sound	deviant_smile	5525013	0	3			0		other	0
1	578	Sound	0	5537013	12000	3			12000		other	0
1	579	Sound	std	5543163	0	3			0		other	0
1	580	Sound	deviant_flat	5550153	0	3			0		other	0
1	580	Sound	0	5562153	12000	3			12000		other	0
1	581	Sound	std	5568942	0	3			0		other	0
1	582	Sound	std	5576283	0	3			0		other	0
1	583	Sound	deviant_rough	5582472	0	3			0		other	0
1	583	Sound	0	5594472	12000	3			12000		other	0
1	584	Sound	std	5600573	0	3			0		other	0
1	585	Sound	std	5607473	0	3			0		other	0
1	586	Sound	std	5614193	0	3			0		other	0
1	587	Sound	std	5621672	0	3			0		other	0
1	588	Sound	std	5628943	0	3			0		other	0
1	589	Sound	std	5635403	0	3			0		other	0
1	590	Sound	deviant_flat	5641402	0	3			0		other	0
1	590	Sound	0	5653402	12000	4			12000		other	0
1	591	Sound	std	5660403	0	5			0		other	0
1	592	Sound	std	5666624	0	2			0		other	0
1	593	Sound	deviant_flat	5672702	0	3			0		other	0
1	593	Sound	0	5684702	12000	3			12000		other	0
1	594	Sound	std	5691472	0	2			0		other	0
1	595	Sound	std	5699262	0	2			0		other	0
1	596	Sound	std	5705583	0	3			0		other	0
1	597	Sound	std	5711552	0	3			0		other	0
1	598	Sound	deviant_smile	5718692	0	2			0		other	0
1	598	Sound	0	5730692	12000	2			12000		other	0
1	599	Sound	std	5736732	0	3			0		other	0
1	600	Sound	std	5743602	0	3			0		other	0
1	601	Sound	std	5749952	0	3			0		other	0
1	602	Sound	std	5756232	0	2			0		other	0
1	603	Sound	std	5762812	0	3			0		other	0
1	604	Sound	std	5770163	0	4			0		other	0
1	605	Sound	std	5777273	0	3			0		other	0
1	606	Sound	std	5784912	0	3			0		other	0
1	607	Sound	std	5790863	0	2			0		other	0
1	608	Sound	std	5798532	0	3			0		other	0
1	609	Sound	std	5805413	0	3			0		other	0
1	610	Sound	std	5812782	0	3			0		other	0
1	611	Sound	std	5819003	0	3			0		other	0
1	612	Sound	std	5826524	0	3			0		other	0
1	613	Sound	deviant_smile	5834124	0	3			0		other	0
1	613	Sound	0	5846124	12000	3			12000		other	0
1	614	Sound	std	5853712	0	3			0		other	0
1	615	Sound	std	5859892	0	3			0		other	0
1	616	Sound	std	5866623	0	2			0		other	0
1	617	Sound	std	5874001	0	3			0		other	0
1	618	Sound	std	5880082	0	3			0		other	0
1	619	Sound	std	5887212	0	2			0		other	0
1	620	Sound	deviant_rough	5894613	0	2			0		other	0
1	620	Sound	0	5906613	12000	3			12000		other	0
1	621	Sound	deviant_rough	5913182	0	2			0		other	0
1	621	Sound	0	5925182	12000	3			12000		other	0
1	622	Sound	std	5931242	0	3			0		other	0
1	623	Sound	std	5938372	0	3			0		other	0
1	624	Sound	std	5945632	0	3			0		other	0
1	625	Sound	std	5952112	0	3			0		other	0
1	626	Sound	std	5959093	0	3			0		other	0
1	627	Sound	deviant_rough	5965713	0	2			0		other	0
1	627	Sound	0	5977713	12000	2			12000		other	0
1	628	Sound	std	5984382	0	3			0		other	0
1	629	Sound	std	5991044	0	2			0		other	0
1	630	Sound	std	5998463	0	3			0		other	0
1	631	Sound	std	6005502	0	3			0		other	0
1	632	Sound	std	6011303	0	3			0		other	0
1	633	Sound	std	6019001	0	3			0		other	0
1	634	Sound	deviant_rough	6025152	0	3			0		other	0
1	634	Sound	0	6037152	12000	3			12000		other	0
1	635	Sound	std	6043193	0	3			0		other	0
1	636	Sound	std	6050002	0	3			0		other	0
1	637	Sound	std	6056852	0	3			0		other	0
1	638	Sound	std	6063401	0	3			0		other	0
1	639	Sound	std	6070833	0	3			0		other	0
1	640	Sound	std	6077352	0	3			0		other	0
1	641	Sound	std	6083422	0	3			0		other	0
1	642	Sound	deviant_rough	6089923	0	3			0		other	0
1	642	Sound	0	6101923	12000	3			12000		other	0
1	643	Sound	std	6108233	0	3			0		other	0
1	644	Sound	std	6114472	0	3			0		other	0
1	645	Sound	std	6121322	0	3			0		other	0
1	646	Sound	std	6128502	0	3			0		other	0
1	647	Sound	std	6134332	0	4			0		other	0
1	648	Sound	deviant_flat	6141392	0	3			0		other	0
1	648	Sound	0	6153392	12000	3			12000		other	0
1	649	Sound	std	6159263	0	3			0		other	0
1	650	Sound	std	6165492	0	3			0		other	0
1	651	Sound	std	6171893	0	3			0		other	0
1	652	Sound	std	6179643	0	3			0		other	0
1	653	Sound	std	6186203	0	3			0		other	0
1	654	Sound	std	6191963	0	3			0		other	0
1	655	Sound	deviant_rough	6197842	0	3			0		other	0
1	655	Sound	0	6209842	12000	3			12000		other	0
1	656	Sound	deviant_flat	6217222	0	4			0		other	0
1	656	Sound	0	6229222	12000	3			12000		other	0
1	657	Sound	std	6235103	0	3			0		other	0
1	658	Sound	deviant_rough	6241752	0	3			0		other	0
1	658	Sound	0	6253752	12000	3			12000		other	0
1	659	Sound	deviant_smile	6259932	0	3			0		other	0
1	659	Sound	0	6271932	12000	3			12000		other	0
1	660	Sound	std	6279463	0	3			0		other	0
1	661	Sound	std	6286104	0	3			0		other	0
1	662	Sound	std	6293313	0	3			0		other	0
1	663	Sound	deviant_smile	6300803	0	3			0		other	0
1	663	Sound	0	6312803	12000	3			12000		other	0
1	664	Sound	std	6318842	0	3			0		other	0
1	665	Sound	std	6325541	0	3			0		other	0
1	666	Sound	std	6331432	0	3			0		other	0
1	667	Sound	std	6337452	0	3			0		other	0
1	668	Sound	deviant_flat	6343672	0	3			0		other	0
1	668	Sound	0	6355672	12000	2			12000		other	0
1	669	Sound	deviant_flat	6361892	0	3			0		other	0
1	669	Sound	0	6373892	12000	3			12000		other	0
1	670	Sound	std	6381182	0	3			0		other	0
1	671	Sound	std	6388341	0	3			0		other	0
1	672	Sound	std	6395302	0	3			0		other	0
1	673	Sound	std	6401413	0	38			0		other	0
1	674	Sound	std	6408951	0	3			0		other	0
1	675	Sound	deviant_smile	6415802	0	3			0		other	0
1	675	Sound	0	6427802	12000	3			12000		other	0
1	676	Sound	deviant_smile	6433982	0	3			0		other	0
1	676	Sound	0	6445982	12000	2			12000		other	0
1	677	Sound	std	6453611	0	2			0		other	0
1	678	Sound	deviant_flat	6460202	0	3			0		other	0
1	678	Sound	0	6472202	12000	3			12000		other	0
1	679	Sound	std	6478631	0	2			0		other	0
1	680	Sound	std	6484831	0	3			0		other	0
1	681	Sound	deviant_rough	6490761	0	3			0		other	0
1	681	Sound	0	6502761	12000	3			12000		other	0
1	682	Sound	deviant_rough	6508802	0	2			0		other	0
1	682	Sound	0	6520802	12000	3			12000		other	0
1	683	Sound	deviant_flat	6528042	0	3			0		other	0
1	683	Sound	0	6540042	12000	3			12000		other	0
1	684	Sound	std	6547492	0	3			0		other	0
1	685	Sound	std	6553552	0	2			0		other	0
1	686	Sound	deviant_smile	6561002	0	3			0		other	0
1	686	Sound	0	6573002	12000	3			12000		other	0
1	687	Sound	std	6579932	0	3			0		other	0
1	688	Sound	std	6587021	0	3			0		other	0
1	689	Sound	std	6593582	0	3			0		other	0
1	690	Sound	std	6600402	0	3			0		other	0
1	691	Sound	deviant_flat	6606372	0	3			0		other	0
1	691	Sound	0	6618372	12000	3			12000		other	0
1	692	Sound	std	6624631	0	3			0		other	0
1	693	Sound	std	6632081	0	3			0		other	0
1	694	Sound	deviant_rough	6638442	0	3			0		other	0
1	694	Sound	0	6650442	12000	3			12000		other	0
1	695	Sound	std	6656841	0	3			0		other	0
1	696	Sound	std	6663222	0	3			0		other	0
1	697	Sound	std	6670571	0	3			0		other	0
1	698	Sound	deviant_flat	6676822	0	3			0		other	0
1	698	Sound	0	6688822	12000	3			12000		other	0
1	699	Sound	std	6695010	0	3			0		other	0
1	700	Sound	deviant_rough	6701662	0	3			0		other	0
1	700	Sound	0	6713662	12000	3			12000		other	0
1	701	Sound	deviant_rough	6721302	0	3			0		other	0
1	701	Sound	0	6733302	12000	3			12000		other	0
1	702	Sound	std	6740452	0	3			0		other	0
1	703	Sound	std	6747001	0	3			0		other	0
1	704	Sound	deviant_flat	6754052	0	3			0		other	0
1	704	Sound	0	6766052	12000	3			12000		other	0
1	705	Sound	deviant_flat	6773161	0	3			0		other	0
1	705	Sound	0	6785161	12000	3			12000		other	0
1	706	Sound	std	6791281	0	3			0		other	0
1	707	Sound	std	6797922	0	3			0		other	0
1	708	Sound	std	6803731	0	3			0		other	0
1	709	Sound	std	6809911	0	3			0		other	0
1	710	Sound	std	6815772	0	3			0		other	0
1	711	Sound	deviant_rough	6823341	0	2			0		other	0
1	711	Sound	0	6835341	12000	3			12000		other	0
1	712	Sound	deviant_smile	6842412	0	3			0		other	0
1	712	Sound	0	6854412	12000	3			12000		other	0
1	713	Sound	std	6861781	0	3			0		other	0
1	714	Sound	deviant_rough	6869552	0	3			0		other	0
1	714	Sound	0	6881552	12000	3			12000		other	0
1	715	Sound	std	6887682	0	2			0		other	0
1	716	Sound	deviant_flat	6893892	0	2			0		other	0
1	716	Sound	0	6905892	12000	3			12000		other	0
1	717	Sound	deviant_flat	6912071	0	3			0		other	0
1	717	Sound	0	6924071	12000	2			12000		other	0
1	718	Sound	std	6930071	0	3			0		other	0
1	719	Sound	std	6937562	0	3			0		other	0
1	720	Sound	std	6944272	0	2			0		other	0
1	721	Sound	deviant_smile	6951722	0	3			0		other	0
1	721	Sound	0	6963722	12000	3			12000		other	0
1	722	Sound	std	6970021	0	3			0		other	0
1	723	Sound	std	6976742	0	3			0		other	0
1	724	Sound	std	6984252	0	3			0		other	0
1	725	Sound	std	6990151	0	2			0		other	0
1	726	Sound	std	6996531	0	2			0		other	0
1	727	Sound	std	7002452	0	5			0		other	0
1	728	Sound	deviant_rough	7009612	0	3			0		other	0
1	728	Sound	0	7021612	12000	3			12000		other	0
1	729	Sound	std	7027633	0	3			0		other	0
1	730	Sound	std	7035012	0	3			0		other	0
1	731	Sound	std	7042471	0	3			0		other	0
1	732	Sound	std	7049562	0	3			0		other	0
1	733	Sound	deviant_smile	7055581	0	3			0		other	0
1	733	Sound	0	7067581	12000	2			12000		other	0
1	734	Sound	deviant_smile	7073751	0	3			0		other	0
1	734	Sound	0	7085751	12000	2			12000		other	0
1	735	Sound	std	7092292	0	3			0		other	0
1	736	Sound	std	7099112	0	3			0		other	0
1	737	Sound	std	7106141	0	3			0		other	0
1	738	Sound	std	7112232	0	3			0		other	0
1	739	Sound	std	7118161	0	3			0		other	0
1	740	Sound	std	7124543	0	3			0		other	0
1	741	Sound	deviant_smile	7130841	0	3			0		other	0
1	741	Sound	0	7142841	12000	3			12000		other	0
1	742	Sound	std	7149281	0	2			0		other	0
1	743	Sound	std	7155172	0	3			0		other	0
1	744	Sound	std	7162501	0	2			0		other	0
1	745	Sound	std	7168850	0	3			0		other	0
1	746	Sound	std	7175310	0	2			0		other	0
1	747	Sound	std	7181740	0	3			0		other	0
1	748	Sound	deviant_rough	7188201	0	3			0		other	0
1	748	Sound	0	7200201	12000	2			12000		other	0
1	749	Sound	deviant_rough	7206911	0	2			0		other	0
1	749	Sound	0	7218911	12000	3			12000		other	0
1	750	Sound	std	7225100	0	2			0		other	0
1	751	Sound	std	7231321	0	3			0		other	0
1	752	Sound	deviant_flat	7237721	0	3			0		other	0
1	752	Sound	0	7249721	12000	3			12000		other	0
1	753	Sound	std	7256491	0	2			0		other	0
1	754	Sound	std	7262774	0	13			0		other	0
1	755	Sound	std	7268682	0	3			0		other	0
1	756	Sound	std	7275471	0	2			0		other	0
1	757	Sound	deviant_rough	7282491	0	2			0		other	0
1	757	Sound	0	7294491	12000	2			12000		other	0
1	758	Sound	std	7301961	0	3			0		other	0
1	759	Sound	std	7308663	0	2			0		other	0
1	760	Sound	std	7315571	0	3			0		other	0
1	761	Sound	deviant_rough	7322430	0	2			0		other	0
1	761	Sound	0	7334430	12000	2			12000		other	0
1	762	Sound	deviant_flat	7340221	0	2			0		other	0
1	762	Sound	0	7352221	12000	2			12000		other	0
1	763	Sound	std	7359940	0	3			0		other	0
1	764	Sound	std	7366290	0	3			0		other	0
1	765	Sound	std	7373310	0	3			0		other	0
1	766	Sound	std	7380811	0	3			0		other	0
1	767	Sound	std	7386610	0	2			0		other	0
1	768	Sound	std	7392491	0	3			0		other	0
1	769	Sound	deviant_flat	7399281	0	3			0		other	0
1	769	Sound	0	7411281	12000	3			12000		other	0
1	770	Sound	std	7418541	0	2			0		other	0
1	771	Sound	std	7424372	0	3			0		other	0
1	772	Sound	std	7431532	0	3			0		other	0
1	773	Sound	std	7439200	0	3			0		other	0
1	774	Sound	std	7445220	0	3			0		other	0
1	775	Sound	std	7452611	0	3			0		other	0
1	776	Sound	std	7459451	0	2			0		other	0
1	777	Sound	std	7466111	0	3			0		other	0
1	778	Sound	deviant_rough	7472931	0	2			0		other	0
1	778	Sound	0	7484931	12000	2			12000		other	0
1	779	Sound	std	7492281	0	2			0		other	0
1	780	Sound	std	7499946	0	3			0		other	0
1	781	Sound	std	7506961	0	2			0		other	0
1	782	Sound	deviant_smile	7513490	0	2			0		other	0
1	782	Sound	0	7525490	12000	3			12000		other	0
1	783	Sound	deviant_flat	7531270	0	3			0		other	0
1	783	Sound	0	7543270	12000	2			12000		other	0
1	784	Sound	std	7549360	0	2			0		other	0
1	785	Sound	deviant_rough	7555771	0	2			0		other	0
1	785	Sound	0	7567771	12000	2			12000		other	0
1	786	Sound	std	7574400	0	3			0		other	0
1	787	Sound	std	7580720	0	2			0		other	0
1	788	Sound	std	7587890	0	3			0		other	0
1	789	Sound	std	7595410	0	3			0		other	0
1	790	Sound	std	7602230	0	2			0		other	0
1	791	Sound	std	7609830	0	2			0		other	0
1	792	Sound	std	7617340	0	3			0		other	0
1	793	Sound	std	7624050	0	4			0		other	0
1	794	Sound	std	7630121	0	2			0		other	0
1	795	Sound	std	7636630	0	2			0		other	0
1	796	Sound	std	7643061	0	3			0		other	0
1	797	Sound	std	7650581	0	2			0		other	0
1	798	Sound	std	7656800	0	3			0		other	0
1	799	Sound	std	7664311	0	3			0		other	0
1	800	Sound	std	7670070	0	2			0		other	0
1	801	Sound	deviant_smile	7677731	0	3			0		other	0
1	801	Sound	0	7689731	12000	2			12000		other	0
1	802	Sound	deviant_smile	7697171	0	3			0		other	0
1	802	Sound	0	7709171	12000	3			12000		other	0
1	803	Sound	std	7716850	0	4			0		other	0
1	804	Sound	std	7723750	0	3			0		other	0
1	805	Sound	std	7731290	0	3			0		other	0
1	806	Sound	std	7738399	0	2			0		other	0
1	807	Sound	std	7745751	0	2			0		other	0
1	808	Sound	std	7753370	0	3			0		other	0
1	809	Sound	std	7760180	0	3			0		other	0
1	810	Sound	deviant_rough	7767690	0	2			0		other	0
1	810	Sound	0	7779690	12000	2			12000		other	0
1	811	Sound	std	7786840	0	3			0		other	0
1	812	Sound	std	7793280	0	3			0		other	0
1	813	Sound	std	7799890	0	2			0		other	0
1	814	Sound	std	7807110	0	3			0		other	0
1	815	Sound	std	7813340	0	2			0		other	0
1	816	Sound	deviant_rough	7819300	0	3			0		other	0
1	816	Sound	0	7831300	12000	3			12000		other	0
1	817	Sound	std	7837769	0	3			0		other	0
1	818	Sound	std	7845360	0	3			0		other	0
1	819	Sound	std	7853150	0	3			0		other	0
1	820	Sound	deviant_rough	7860371	0	2			0		other	0
1	820	Sound	0	7872371	12000	2			12000		other	0
1	821	Sound	std	7880010	0	2			0		other	0
1	822	Sound	std	7886970	0	3			0		other	0
1	823	Sound	std	7894659	0	2			0		other	0
1	824	Sound	std	7900430	0	3			0		other	0
1	825	Sound	std	7907530	0	3			0		other	0
1	826	Sound	deviant_rough	7913700	0	2			0		other	0
1	826	Sound	0	7925700	12000	3			12000		other	0
1	827	Sound	std	7932759	0	3			0		other	0
1	828	Sound	deviant_smile	7939380	0	2			0		other	0
1	828	Sound	0	7951380	12000	3			12000		other	0
1	829	Sound	std	7958380	0	3			0		other	0
1	830	Sound	std	7965441	0	2			0		other	0
1	831	Sound	deviant_flat	7971289	0	2			0		other	0
1	831	Sound	0	7983289	12000	2			12000		other	0
1	832	Sound	std	7989369	0	2			0		other	0
1	833	Sound	deviant_smile	7996389	0	3			0		other	0
1	833	Sound	0	8008389	12000	3			12000		other	0
1	834	Sound	std	8015700	0	2			0		other	0
1	835	Sound	deviant_flat	8022659	0	3			0		other	0
1	835	Sound	0	8034659	12000	4			12000		other	0
1	836	Sound	std	8040989	0	3			0		other	0
1	837	Sound	std	8047960	0	2			0		other	0
1	838	Sound	deviant_smile	8055681	0	3			0		other	0
1	838	Sound	0	8067681	12000	3			12000		other	0
1	839	Sound	std	8074080	0	2			0		other	0
1	840	Sound	std	8081090	0	3			0		other	0
1	841	Sound	std	8087010	0	3			0		other	0
1	842	Sound	std	8093440	0	3			0		other	0
1	843	Sound	std	8100541	0	3			0		other	0
1	844	Sound	std	8106509	0	3			0		other	0
1	845	Sound	std	8112340	0	3			0		other	0
1	846	Sound	deviant_rough	8119309	0	3			0		other	0
1	846	Sound	0	8131309	12000	3			12000		other	0
1	847	Sound	deviant_smile	8138719	0	3			0		other	0
1	847	Sound	0	8150719	12000	3			12000		other	0
1	848	Sound	std	8158099	0	3			0		other	0
1	849	Sound	std	8165059	0	21			0		other	0
1	850	Sound	std	8171630	0	3			0		other	0
1	851	Sound	std	8177920	0	2			0		other	0
1	852	Sound	std	8184670	0	3			0		other	0
1	853	Sound	deviant_rough	8191880	0	3			0		other	0
1	853	Sound	0	8203880	12000	3			12000		other	0
1	854	Sound	std	8209800	0	3			0		other	0
1	855	Sound	std	8217340	0	3			0		other	0
1	856	Sound	std	8225019	0	3			0		other	0
1	857	Sound	std	8231270	0	3			0		other	0
1	858	Sound	std	8238590	0	3			0		other	0
1	859	Sound	deviant_flat	8245100	0	3			0		other	0
1	859	Sound	0	8257100	12000	3			12000		other	0
1	860	Sound	std	8264160	0	3			0		other	0
1	861	Sound	std	8270819	0	3			0		other	0
1	862	Sound	deviant_smile	8277949	0	2			0		other	0
1	862	Sound	0	8289949	12000	3			12000		other	0
1	863	Sound	deviant_rough	8297609	0	3			0		other	0
1	863	Sound	0	8309609	12000	2			12000		other	0
1	864	Sound	deviant_smile	8315859	0	3			0		other	0
1	864	Sound	0	8327859	12000	3			12000		other	0
1	865	Sound	std	8334490	0	2			0		other	0
1	866	Sound	std	8342130	0	3			0		other	0
1	867	Sound	std	8349850	0	3			0		other	0
1	868	Sound	deviant_flat	8355819	0	3			0		other	0
1	868	Sound	0	8367819	12000	2			12000		other	0
1	869	Sound	std	8374939	0	2			0		other	0
1	870	Sound	std	8381819	0	2			0		other	0
1	871	Sound	std	8389189	0	2			0		other	0
1	872	Sound	std	8396010	0	3			0		other	0
1	873	Sound	std	8403589	0	3			0		other	0
1	874	Sound	std	8409709	0	2			0		other	0
1	875	Sound	std	8415701	0	2			0		other	0
1	876	Sound	deviant_rough	8421580	0	2			0		other	0
1	876	Sound	0	8433580	12000	3			12000		other	0
1	877	Sound	std	8440982	0	2			0		other	0
1	878	Sound	std	8448499	0	2			0		other	0
1	879	Sound	deviant_smile	8455190	0	2			0		other	0
1	879	Sound	0	8467190	12000	3			12000		other	0
1	880	Sound	std	8474489	0	2			0		other	0
1	881	Sound	deviant_flat	8481520	0	2			0		other	0
1	881	Sound	0	8493520	12000	3			12000		other	0
1	882	Sound	std	8499419	0	4			0		other	0
1	883	Sound	std	8506019	0	2			0		other	0
1	884	Sound	deviant_smile	8512739	0	3			0		other	0
1	884	Sound	0	8524739	12000	5			12000		other	0
1	885	Sound	deviant_flat	8532279	0	3			0		other	0
1	885	Sound	0	8544279	12000	3			12000		other	0
1	886	Sound	deviant_flat	8551959	0	2			0		other	0
1	886	Sound	0	8563959	12000	3			12000		other	0
1	887	Sound	std	8570189	0	3			0		other	0
1	888	Sound	deviant_rough	8576889	0	2			0		other	0
1	888	Sound	0	8588889	12000	3			12000		other	0
1	889	Sound	deviant_smile	8595569	0	2			0		other	0
1	889	Sound	0	8607569	12000	3			12000		other	0
1	890	Sound	std	8613599	0	2			0		other	0
1	891	Sound	deviant_flat	8619702	0	3			0		other	0
1	891	Sound	0	8631702	12000	2			12000		other	0
1	892	Sound	std	8638619	0	3			0		other	0
1	893	Sound	deviant_rough	8645269	0	3			0		other	0
1	893	Sound	0	8657269	12000	3			12000		other	0
1	894	Sound	deviant_rough	8665029	0	3			0		other	0
1	894	Sound	0	8677029	12000	3			12000		other	0
1	895	Sound	std	8684179	0	2			0		other	0
1	896	Sound	deviant_flat	8689978	0	3			0		other	0
1	896	Sound	0	8701978	12000	3			12000		other	0
1	897	Sound	deviant_flat	8708549	0	3			0		other	0
1	897	Sound	0	8720549	12000	2			12000		other	0
1	898	Sound	std	8728039	0	2			0		other	0
1	899	Sound	std	8735589	0	2			0		other	0
1	900	Sound	std	8741780	0	3			0		other	0
1	901	Sound	std	8748539	0	3			0		other	0
1	902	Sound	deviant_rough	8754379	0	3			0		other	0
1	902	Sound	0	8766379	12000	2			12000		other	0
1	903	Sound	std	8772899	0	2			0		other	0
1	904	Sound	std	8780169	0	3			0		other	0
1	905	Sound	std	8787679	0	3			0		other	0
1	906	Sound	std	8793509	0	2			0		other	0
1	907	Sound	std	8800230	0	2			0		other	0
1	908	Sound	std	8807378	0	3			0		other	0
1	909	Sound	std	8813558	0	3			0		other	0
1	910	Sound	deviant_smile	8819439	0	2			0		other	0
1	910	Sound	0	8831439	12000	2			12000		other	0
1	911	Sound	std	8838889	0	3			0		other	0
1	912	Sound	std	8844829	0	3			0		other	0
1	913	Sound	std	8850569	0	2			0		other	0
1	914	Sound	std	8857209	0	3			0		other	0
1	915	Sound	std	8863999	0	3			0		other	0
1	916	Sound	deviant_rough	8870469	0	3			0		other	0
1	916	Sound	0	8882469	12000	2			12000		other	0
1	917	Sound	std	8890098	0	2			0		other	0
1	918	Sound	std	8896618	0	3			0		other	0
1	919	Sound	std	8902639	0	3			0		other	0
1	920	Sound	std	8908789	0	3			0		other	0
1	921	Sound	std	8915319	0	6			0		other	0
1	922	Sound	deviant_flat	8922140	0	3			0		other	0
1	922	Sound	0	8934140	12000	3			12000		other	0
1	923	Sound	std	8941149	0	3			0		other	0
1	924	Sound	std	8946872	0	3			0		other	0
1	925	Sound	std	8953048	0	3			0		other	0
1	926	Sound	std	8959560	0	3			0		other	0
1	927	Sound	std	8967089	0	3			0		other	0
1	928	Sound	std	8973798	0	3			0		other	0
1	929	Sound	deviant_flat	8981409	0	2			0		other	0
1	929	Sound	0	8993409	12000	2			12000		other	0
1	930	Sound	std	9001109	0	2			0		other	0
1	931	Sound	deviant_smile	9007669	0	3			0		other	0
1	931	Sound	0	9019669	12000	3			12000		other	0
1	932	Sound	std	9025608	0	3			0		other	0
1	933	Sound	std	9032349	0	3			0		other	0
1	934	Sound	deviant_smile	9038888	0	2			0		other	0
1	934	Sound	0	9050888	12000	3			12000		other	0
1	935	Sound	std	9058269	0	2			0		other	0
1	936	Sound	deviant_rough	9064389	0	3			0		other	0
1	936	Sound	0	9076389	12000	2			12000		other	0
1	937	Sound	deviant_smile	9083349	0	2			0		other	0
1	937	Sound	0	9095349	12000	2			12000		other	0
1	938	Sound	deviant_rough	9101798	0	2			0		other	0
1	938	Sound	0	9113798	12000	2			12000		other	0
1	939	Sound	std	9120078	0	3			0		other	0
1	940	Sound	std	9126128	0	2			0		other	0
1	941	Sound	deviant_smile	9131980	0	3			0		other	0
1	941	Sound	0	9143980	12000	3			12000		other	0
1	942	Sound	deviant_flat	9150708	0	3			0		other	0
1	942	Sound	0	9162708	12000	3			12000		other	0
1	943	Sound	std	9169759	0	3			0		other	0
1	944	Sound	std	9176889	0	3			0		other	0
1	945	Sound	std	9183049	0	3			0		other	0
1	946	Sound	std	9190749	0	3			0		other	0
1	947	Sound	std	9198159	0	3			0		other	0
1	948	Sound	deviant_flat	9205619	0	3			0		other	0
1	948	Sound	0	9217619	12000	3			12000		other	0
1	949	Sound	std	9225149	0	3			0		other	0
1	950	Sound	std	9231493	0	3			0		other	0
1	951	Sound	deviant_smile	9238699	0	3			0		other	0
1	951	Sound	0	9250699	12000	3			12000		other	0
1	952	Sound	std	9257118	0	3			0		other	0
1	953	Sound	std	9264189	0	3			0		other	0
1	954	Sound	std	9270418	0	2			0		other	0
1	955	Sound	std	9276348	0	3			0		other	0
1	956	Sound	std	9282358	0	3			0		other	0
1	957	Response	1	10901414	1618039	5


Event Type	Code	Type	Response	RT	RT Uncertainty	Time	Uncertainty	Duration	Uncertainty	ReqTime	ReqDur

Sound	std	other				17641	2339			0
Sound	std	other				26249	3			0
Sound	std	other				33889	3			0
Sound	std	other				39770	3			0
Sound	std	other				46989	2			0
Sound	std	other				54099	2			0
Sound	std	other				60509	3			0
Sound	std	other				66739	2			0
Sound	std	other				74399	3			0
Sound	std	other				80799	2			0
Sound	std	other				88099	3			0
Sound	std	other				94729	2			0
Sound	std	other				100639	3			0
Sound	deviant_rough	other				106370	2			0
Sound	0	other				118370	3			12000
Sound	std	other				124709	3			0
Sound	deviant_rough	other				131699	2			0
Sound	0	other				143699	3			12000
Sound	std	other				150719	2			0
Sound	std	other				156539	2			0
Sound	deviant_flat	other				162579	2			0
Sound	0	other				174579	3			12000
Sound	std	other				180499	2			0
Sound	deviant_flat	other				187749	3			0
Sound	0	other				199749	2			12000
Sound	std	other				207329	2			0
Sound	std	other				214359	3			0
Sound	std	other				222069	2			0
Sound	std	other				228678	3			0
Sound	std	other				235729	3			0
Sound	std	other				241838	2			0
Sound	std	other				247859	2			0
Sound	std	other				254530	2			0
Sound	std	other				261349	2			0
Sound	std	other				268328	3			0
Sound	std	other				275709	3			0
Sound	std	other				282749	3			0
Sound	deviant_rough	other				289199	2			0
Sound	0	other				301199	2			12000
Sound	std	other				307429	3			0
Sound	std	other				314789	2			0
Sound	deviant_smile	other				321089	3			0
Sound	0	other				333089	2			12000
Sound	std	other				339089	3			0
Sound	deviant_rough	other				346188	3			0
Sound	0	other				358188	3			12000
Sound	std	other				364959	3			0
Sound	std	other				371869	3			0
Sound	std	other				379018	2			0
Sound	std	other				385989	3			0
Sound	std	other				392058	3			0
Sound	std	other				399758	2			0
Sound	std	other				406859	4			0
Sound	std	other				414080	3			0
Sound	std	other				419868	2			0
Sound	std	other				426188	3			0
Sound	std	other				432699	3			0
Sound	std	other				440408	2			0
Sound	deviant_rough	other				447989	2			0
Sound	0	other				459989	3			12000
Sound	deviant_rough	other				465979	4			0
Sound	0	other				477979	2			12000
Sound	std	other				485398	3			0
Sound	deviant_flat	other				492609	3			0
Sound	0	other				504609	3			12000
Sound	std	other				511619	3			0
Sound	std	other				518719	3			0
Sound	std	other				526378	3			0
Sound	std	other				532449	2			0
Sound	std	other				538778	3			0
Sound	std	other				546048	3			0
Sound	deviant_flat	other				552589	2			0
Sound	0	other				564589	2			12000
Sound	deviant_flat	other				572158	2			0
Sound	0	other				584158	3			12000
Sound	std	other				590308	2			0
Sound	std	other				596729	3			0
Sound	std	other				604039	2			0
Sound	std	other				611599	2			0
Sound	std	other				617948	2			0
Sound	deviant_rough	other				624829	2			0
Sound	0	other				636829	2			12000
Sound	std	other				643329	2			0
Sound	std	other				650228	3			0
Sound	deviant_rough	other				656659	3			0
Sound	0	other				668659	3			12000
Sound	deviant_smile	other				675229	3			0
Sound	0	other				687229	3			12000
Sound	std	other				693119	3			0
Sound	std	other				699938	3			0
Sound	std	other				707419	3			0
Sound	std	other				713928	3			0
Sound	deviant_flat	other				719798	3			0
Sound	0	other				731798	3			12000
Sound	std	other				738012	3			0
Sound	std	other				744679	3			0
Sound	deviant_flat	other				751858	3			0
Sound	0	other				763858	3			12000
Sound	std	other				771098	3			0
Sound	std	other				778279	3			0
Sound	std	other				785419	3			0
Sound	std	other				791809	3			0
Sound	std	other				799389	3			0
Sound	std	other				806818	3			0
Sound	std	other				814368	3			0
Sound	std	other				820819	3			0
Sound	std	other				828339	4			0
Sound	std	other				835258	2			0
Sound	deviant_flat	other				842878	3			0
Sound	0	other				854878	3			12000
Sound	std	other				861358	2			0
Sound	std	other				867987	2			0
Sound	std	other				873869	3			0
Sound	std	other				880478	3			0
Sound	std	other				887718	3			0
Sound	deviant_rough	other				895228	3			0
Sound	0	other				907228	2			12000
Sound	std	other				914839	3			0
Sound	deviant_rough	other				922248	2			0
Sound	0	other				934248	3			12000
Sound	std	other				940548	3			0
Sound	deviant_smile	other				947428	3			0
Sound	0	other				959428	3			12000
Sound	std	other				966167	2			0
Sound	std	other				973628	3			0
Sound	std	other				979528	3			0
Sound	deviant_smile	other				986678	2			0
Sound	0	other				998678	3			12000
Sound	std	other				1005618	3			0
Sound	std	other				1011960	3			0
Sound	std	other				1018600	3			0
Sound	std	other				1024379	2			0
Sound	std	other				1030267	2			0
Sound	std	other				1036648	3			0
Sound	std	other				1042658	3			0
Sound	std	other				1049281	3			0
Sound	deviant_smile	other				1056538	3			0
Sound	0	other				1068538	3			12000
Sound	std	other				1075409	3			0
Sound	std	other				1081449	3			0
Sound	std	other				1087178	2			0
Sound	deviant_flat	other				1094418	2			0
Sound	0	other				1106418	2			12000
Sound	std	other				1113518	3			0
Sound	std	other				1119588	2			0
Sound	std	other				1126608	2			0
Sound	std	other				1133788	2			0
Sound	std	other				1140027	3			0
Sound	std	other				1146431	3			0
Sound	std	other				1152708	3			0
Sound	std	other				1159199	2			0
Sound	std	other				1165038	2			0
Sound	std	other				1172289	2			0
Sound	deviant_smile	other				1178097	2			0
Sound	0	other				1190097	2			12000
Sound	std	other				1196388	3			0
Sound	deviant_flat	other				1203458	2			0
Sound	0	other				1215458	3			12000
Sound	std	other				1221768	2			0
Sound	std	other				1229118	2			0
Sound	std	other				1236859	3			0
Sound	deviant_flat	other				1243288	3			0
Sound	0	other				1255288	3			12000
Sound	std	other				1261068	3			0
Sound	deviant_smile	other				1267067	3			0
Sound	0	other				1279067	3			12000
Sound	std	other				1285018	2			0
Sound	std	other				1291678	2			0
Sound	std	other				1298409	2			0
Sound	std	other				1306028	3			0
Sound	std	other				1312798	2			0
Sound	std	other				1319047	2			0
Sound	std	other				1326418	2			0
Sound	std	other				1334168	3			0
Sound	std	other				1341377	2			0
Sound	std	other				1349008	2			0
Sound	deviant_flat	other				1354967	3			0
Sound	0	other				1366967	3			12000
Sound	std	other				1373487	2			0
Sound	std	other				1380778	3			0
Sound	deviant_flat	other				1387307	3			0
Sound	0	other				1399307	2			12000
Sound	std	other				1406579	3			0
Sound	deviant_smile	other				1413898	3			0
Sound	0	other				1425898	2			12000
Sound	deviant_flat	other				1432608	3			0
Sound	0	other				1444608	3			12000
Sound	deviant_rough	other				1451497	3			0
Sound	0	other				1463497	3			12000
Sound	deviant_rough	other				1469707	3			0
Sound	0	other				1481707	2			12000
Sound	deviant_flat	other				1487757	3			0
Sound	0	other				1499757	2			12000
Sound	std	other				1506617	3			0
Sound	std	other				1513760	7			0
Sound	std	other				1521327	3			0
Sound	std	other				1528168	3			0
Sound	std	other				1534088	3			0
Sound	deviant_rough	other				1541457	2			0
Sound	0	other				1553457	3			12000
Sound	deviant_flat	other				1561137	2			0
Sound	0	other				1573137	3			12000
Sound	deviant_rough	other				1580239	3			0
Sound	0	other				1592239	3			12000
Sound	std	other				1598627	3			0
Sound	std	other				1605108	3			0
Sound	std	other				1611888	3			0
Sound	deviant_flat	other				1618057	3			0
Sound	0	other				1630057	2			12000
Sound	std	other				1637238	2			0
Sound	std	other				1643028	3			0
Sound	std	other				1649762	2			0
Sound	std	other				1656869	3			0
Sound	std	other				1664668	3			0
Sound	std	other				1671367	3			0
Sound	std	other				1677257	3			0
Sound	std	other				1684499	3			0
Sound	std	other				1690587	2			0
Sound	std	other				1696438	3			0
Sound	deviant_smile	other				1703758	3			0
Sound	0	other				1715758	3			12000
Sound	std	other				1722097	3			0
Sound	deviant_smile	other				1728167	3			0
Sound	0	other				1740167	3			12000
Sound	std	other				1747068	3			0
Sound	std	other				1754448	3			0
Sound	std	other				1760757	3			0
Sound	std	other				1766528	3			0
Sound	std	other				1773888	3			0
Sound	std	other				1781367	3			0
Sound	deviant_flat	other				1787338	3			0
Sound	0	other				1799338	3			12000
Sound	std	other				1805887	3			0
Sound	deviant_smile	other				1812037	3			0
Sound	0	other				1824037	3			12000
Sound	deviant_smile	other				1829898	3			0
Sound	0	other				1841898	2			12000
Sound	std	other				1848627	3			0
Sound	std	other				1855047	2			0
Sound	deviant_flat	other				1861457	2			0
Sound	0	other				1873457	3			12000
Sound	std	other				1880067	3			0
Sound	std	other				1886627	2			0
Sound	deviant_flat	other				1892997	2			0
Sound	0	other				1904997	3			12000
Sound	std	other				1910787	2			0
Sound	deviant_rough	other				1916867	3			0
Sound	0	other				1928867	2			12000
Sound	std	other				1934677	3			0
Sound	deviant_smile	other				1940717	3			0
Sound	0	other				1952717	3			12000
Sound	std	other				1959118	3			0
Sound	std	other				1966537	3			0
Sound	std	other				1973927	3			0
Sound	deviant_flat	other				1981490	2			0
Sound	0	other				1993490	3			12000
Sound	std	other				2000217	2			0
Sound	deviant_smile	other				2006867	3			0
Sound	0	other				2018867	2			12000
Sound	std	other				2026028	3			0
Sound	std	other				2032460	3			0
Sound	std	other				2039337	2			0
Sound	std	other				2045887	3			0
Sound	std	other				2052187	2			0
Sound	deviant_smile	other				2059906	3			0
Sound	0	other				2071906	2			12000
Sound	std	other				2078756	3			0
Sound	std	other				2084597	2			0
Sound	deviant_rough	other				2091447	3			0
Sound	0	other				2103447	3			12000
Sound	std	other				2110966	3			0
Sound	std	other				2118317	3			0
Sound	deviant_smile	other				2124166	3			0
Sound	0	other				2136166	3			12000
Sound	std	other				2142346	3			0
Sound	deviant_flat	other				2149007	2			0
Sound	0	other				2161007	3			12000
Sound	deviant_flat	other				2167606	2			0
Sound	0	other				2179606	3			12000
Sound	std	other				2186116	3			0
Sound	deviant_rough	other				2192017	2			0
Sound	0	other				2204017	3			12000
Sound	std	other				2210196	3			0
Sound	std	other				2216033	3			0
Sound	std	other				2222557	3			0
Sound	std	other				2229479	2			0
Sound	std	other				2236117	3			0
Sound	std	other				2243256	2			0
Sound	std	other				2250366	2			0
Sound	deviant_smile	other				2258117	3			0
Sound	0	other				2270117	3			12000
Sound	std	other				2276547	3			0
Sound	std	other				2283217	2			0
Sound	std	other				2290676	2			0
Sound	std	other				2297326	3			0
Sound	std	other				2303996	2			0
Sound	std	other				2310456	3			0
Sound	std	other				2317356	3			0
Sound	std	other				2324476	3			0
Sound	deviant_rough	other				2331846	2			0
Sound	0	other				2343846	2			12000
Sound	std	other				2349675	2			0
Sound	std	other				2355897	3			0
Sound	std	other				2362816	3			0
Sound	deviant_smile	other				2369236	3			0
Sound	0	other				2381236	3			12000
Sound	deviant_smile	other				2388226	3			0
Sound	0	other				2400226	3			12000
Sound	std	other				2407587	3			0
Sound	deviant_smile	other				2414786	2			0
Sound	0	other				2426786	3			12000
Sound	deviant_rough	other				2433196	3			0
Sound	0	other				2445196	2			12000
Sound	std	other				2452237	3			0
Sound	std	other				2459527	3			0
Sound	deviant_smile	other				2466326	46			0
Sound	0	other				2478326	2			12000
Sound	std	other				2484596	2			0
Sound	std	other				2490917	3			0
Sound	std	other				2497576	2			0
Sound	std	other				2504536	3			0
Sound	deviant_flat	other				2512186	3			0
Sound	0	other				2524186	3			12000
Sound	deviant_smile	other				2531427	2			0
Sound	0	other				2543427	2			12000
Sound	std	other				2549556	3			0
Sound	std	other				2555756	2			0
Sound	std	other				2562186	2			0
Sound	deviant_smile	other				2568498	3			0
Sound	0	other				2580498	3			12000
Sound	std	other				2586616	3			0
Sound	std	other				2593027	3			0
Sound	std	other				2599586	3			0
Sound	std	other				2606306	3			0
Sound	std	other				2612956	2			0
Sound	std	other				2619136	3			0
Sound	std	other				2626716	2			0
Sound	std	other				2632466	3			0
Sound	deviant_flat	other				2639877	3			0
Sound	0	other				2651877	3			12000
Sound	std	other				2659536	3			0
Sound	deviant_rough	other				2666896	3			0
Sound	0	other				2678896	3			12000
Sound	deviant_rough	other				2685186	3			0
Sound	0	other				2697186	3			12000
Sound	std	other				2703776	3			0
Sound	std	other				2711485	3			0
Sound	std	other				2718766	3			0
Sound	std	other				2726216	3			0
Sound	deviant_flat	other				2733546	3			0
Sound	0	other				2745546	3			12000
Sound	std	other				2751637	3			0
Sound	deviant_smile	other				2758067	3			0
Sound	0	other				2770067	3			12000
Sound	std	other				2776287	3			0
Sound	deviant_flat	other				2783725	3			0
Sound	0	other				2795725	3			12000
Sound	std	other				2801566	3			0
Sound	deviant_flat	other				2808216	3			0
Sound	0	other				2820216	3			12000
Sound	std	other				2827425	3			0
Sound	std	other				2834647	3			0
Sound	deviant_rough	other				2840966	3			0
Sound	0	other				2852966	3			12000
Sound	std	other				2858936	3			0
Sound	std	other				2864696	3			0
Sound	std	other				2871157	3			0
Sound	deviant_rough	other				2877018	2			0
Sound	0	other				2889018	3			12000
Sound	std	other				2896456	3			0
Sound	std	other				2903486	3			0
Sound	deviant_rough	other				2910836	3			0
Sound	0	other				2922836	3			12000
Sound	std	other				2928905	3			0
Sound	std	other				2936106	3			0
Sound	std	other				2942416	3			0
Sound	std	other				2948416	3			0
Sound	deviant_flat	other				2954176	3			0
Sound	0	other				2966176	5			12000
Sound	std	other				2972847	3			0
Sound	std	other				2978936	3			0
Sound	std	other				2986636	3			0
Sound	std	other				2993786	3			0
Sound	std	other				3000105	3			0
Sound	std	other				3007466	3			0
Sound	std	other				3014536	3			0
Sound	std	other				3021117	3			0
Sound	std	other				3027656	2			0
Sound	std	other				3035326	3			0
Sound	std	other				3041546	3			0
Sound	deviant_smile	other				3048816	3			0
Sound	0	other				3060816	2			12000
Sound	std	other				3066626	3			0
Sound	std	other				3073256	3			0
Sound	std	other				3080106	3			0
Sound	deviant_flat	other				3087416	3			0
Sound	0	other				3099416	5			12000
Sound	deviant_flat	other				3106786	3			0
Sound	0	other				3118786	3			12000
Sound	std	other				3125176	3			0
Sound	std	other				3131786	3			0
Sound	deviant_flat	other				3138476	3			0
Sound	0	other				3150476	3			12000
Sound	std	other				3156596	3			0
Sound	std	other				3164286	2			0
Sound	std	other				3172066	3			0
Sound	std	other				3179196	3			0
Sound	deviant_smile	other				3186056	3			0
Sound	0	other				3198056	3			12000
Sound	std	other				3204945	3			0
Sound	std	other				3210796	3			0
Sound	std	other				3216596	3			0
Sound	std	other				3224065	3			0
Sound	deviant_flat	other				3230935	4			0
Sound	0	other				3242935	5			12000
Sound	std	other				3249196	3			0
Sound	std	other				3255626	3			0
Sound	std	other				3261915	3			0
Sound	std	other				3268706	2			0
Sound	std	other				3275975	2			0
Sound	std	other				3283605	6			0
Sound	std	other				3290176	2			0
Sound	std	other				3296496	3			0
Sound	deviant_smile	other				3303695	2			0
Sound	0	other				3315695	3			12000
Sound	std	other				3322347	3			0
Sound	std	other				3328315	3			0
Sound	std	other				3334825	2			0
Sound	std	other				3342006	2			0
Sound	std	other				3348816	3			0
Sound	std	other				3356285	3			0
Sound	deviant_rough	other				3363625	2			0
Sound	0	other				3375625	2			12000
Sound	std	other				3382105	3			0
Sound	std	other				3388336	3			0
Sound	std	other				3394065	2			0
Sound	std	other				3401415	2			0
Sound	std	other				3407175	3			0
Sound	std	other				3412975	2			0
Sound	std	other				3420105	4			0
Sound	std	other				3427457	3			0
Sound	std	other				3434635	3			0
Sound	std	other				3441945	3			0
Sound	deviant_rough	other				3449315	2			0
Sound	0	other				3461315	2			12000
Sound	std	other				3467754	2			0
Sound	std	other				3474195	3			0
Sound	std	other				3481765	2			0
Sound	deviant_smile	other				3488835	3			0
Sound	0	other				3500835	3			12000
Sound	deviant_rough	other				3507735	2			0
Sound	0	other				3519735	3			12000
Sound	std	other				3526665	2			0
Sound	std	other				3534326	3			0
Sound	std	other				3541155	3			0
Sound	std	other				3548095	3			0
Sound	std	other				3554046	2			0
Sound	std	other				3560685	2			0
Sound	std	other				3567435	3			0
Sound	deviant_smile	other				3574025	3			0
Sound	0	other				3586025	2			12000
Sound	std	other				3593705	2			0
Sound	deviant_rough	other				3599645	3			0
Sound	0	other				3611645	3			12000
Sound	std	other				3618825	3			0
Sound	std	other				3625374	2			0
Sound	std	other				3631476	2			0
Sound	std	other				3638725	2			0
Sound	std	other				3645395	2			0
Sound	deviant_rough	other				3652495	3			0
Sound	0	other				3664495	2			12000
Sound	deviant_flat	other				3670625	3			0
Sound	0	other				3682625	3			12000
Sound	std	other				3689565	3			0
Sound	std	other				3696346	3			0
Sound	std	other				3702596	2			0
Sound	std	other				3709425	3			0
Sound	std	other				3715737	3			0
Sound	std	other				3722464	3			0
Sound	std	other				3729745	3			0
Sound	std	other				3736315	3			0
Sound	std	other				3742514	3			0
Sound	std	other				3749617	3			0
Sound	std	other				3755904	3			0
Sound	std	other				3763605	2			0
Sound	deviant_smile	other				3769805	3			0
Sound	0	other				3781805	3			12000
Sound	std	other				3788046	3			0
Sound	std	other				3793805	3			0
Sound	std	other				3799606	3			0
Sound	std	other				3805545	3			0
Sound	std	other				3812685	3			0
Sound	deviant_rough	other				3820165	3			0
Sound	0	other				3832165	3			12000
Sound	std	other				3839355	3			0
Sound	deviant_rough	other				3846565	3			0
Sound	0	other				3858565	3			12000
Sound	std	other				3864984	3			0
Sound	std	other				3872336	3			0
Sound	std	other				3879626	3			0
Sound	deviant_smile	other				3886885	3			0
Sound	0	other				3898885	3			12000
Sound	deviant_flat	other				3906155	3			0
Sound	0	other				3918155	3			12000
Sound	deviant_smile	other				3925045	3			0
Sound	0	other				3937045	3			12000
Sound	std	other				3943725	3			0
Sound	std	other				3950055	2			0
Sound	std	other				3957456	7			0
Sound	std	other				3964085	3			0
Sound	deviant_smile	other				3971255	3			0
Sound	0	other				3983255	3			12000
Sound	std	other				3989424	3			0
Sound	std	other				3996896	3			0
Sound	std	other				4003994	3			0
Sound	std	other				4010464	3			0
Sound	deviant_flat	other				4017694	2			0
Sound	0	other				4029694	3			12000
Sound	std	other				4035474	2			0
Sound	std	other				4041605	2			0
Sound	std	other				4048504	3			0
Sound	deviant_rough	other				4055704	3			0
Sound	0	other				4067704	2			12000
Sound	deviant_smile	other				4074054	2			0
Sound	0	other				4086054	2			12000
Sound	deviant_smile	other				4092246	3			0
Sound	0	other				4104246	2			12000
Sound	std	other				4110434	3			0
Sound	deviant_flat	other				4116875	3			0
Sound	0	other				4128875	3			12000
Sound	std	other				4135164	2			0
Sound	deviant_rough	other				4142515	3			0
Sound	0	other				4154515	3			12000
Sound	std	other				4160685	3			0
Sound	deviant_smile	other				4167135	3			0
Sound	0	other				4179135	3			12000
Sound	deviant_smile	other				4184935	3			0
Sound	0	other				4196935	2			12000
Sound	std	other				4203594	2			0
Sound	std	other				4210046	3			0
Sound	std	other				4216576	3			0
Sound	deviant_smile	other				4224255	3			0
Sound	0	other				4236255	2			12000
Sound	std	other				4243645	3			0
Sound	std	other				4249896	2			0
Sound	std	other				4256364	3			0
Sound	std	other				4262114	3			0
Sound	std	other				4269864	2			0
Sound	std	other				4276985	3			0
Sound	std	other				4282984	3			0
Sound	std	other				4289024	3			0
Sound	std	other				4296524	3			0
Sound	std	other				4302364	3			0
Sound	std	other				4309325	2			0
Sound	std	other				4315175	2			0
Sound	deviant_smile	other				4322884	3			0
Sound	0	other				4334884	3			12000
Sound	deviant_smile	other				4342024	2			0
Sound	0	other				4354024	2			12000
Sound	std	other				4360534	3			0
Sound	std	other				4367375	3			0
Sound	std	other				4374115	3			0
Sound	std	other				4380185	3			0
Sound	deviant_flat	other				4386405	3			0
Sound	0	other				4398405	2			12000
Sound	std	other				4404974	3			0
Sound	deviant_smile	other				4411074	2			0
Sound	0	other				4423074	2			12000
Sound	std	other				4429614	2			0
Sound	deviant_rough	other				4436554	3			0
Sound	0	other				4448554	3			12000
Sound	std	other				4455304	3			0
Sound	deviant_smile	other				4462484	2			0
Sound	0	other				4474484	3			12000
Sound	std	other				4480535	3			0
Sound	std	other				4487873	2			0
Sound	std	other				4494094	3			0
Sound	std	other				4501834	3			0
Sound	std	other				4508814	2			0
Sound	deviant_smile	other				4515874	2			0
Sound	0	other				4527874	3			12000
Sound	std	other				4534133	2			0
Sound	std	other				4539954	3			0
Sound	std	other				4546824	2			0
Sound	std	other				4553314	2			0
Sound	deviant_smile	other				4559743	2			0
Sound	0	other				4571743	2			12000
Sound	std	other				4579084	2			0
Sound	std	other				4585505	2			0
Sound	std	other				4593124	2			0
Sound	std	other				4600555	2			0
Sound	std	other				4606895	2			0
Sound	deviant_rough	other				4613213	2			0
Sound	0	other				4625213	2			12000
Sound	deviant_rough	other				4631144	3			0
Sound	0	other				4643144	2			12000
Sound	deviant_rough	other				4650584	3			0
Sound	0	other				4662584	2			12000
Sound	std	other				4668845	6			0
Sound	std	other				4675093	3			0
Sound	std	other				4681763	3			0
Sound	deviant_rough	other				4688863	6			0
Sound	0	other				4700863	4			12000
Sound	deviant_flat	other				4707213	3			0
Sound	0	other				4719213	3			12000
Sound	std	other				4726474	3			0
Sound	std	other				4733105	3			0
Sound	std	other				4739105	2			0
Sound	std	other				4745114	3			0
Sound	std	other				4751533	2			0
Sound	std	other				4757393	2			0
Sound	std	other				4764054	3			0
Sound	std	other				4770793	3			0
Sound	std	other				4776763	3			0
Sound	std	other				4783743	3			0
Sound	std	other				4790433	2			0
Sound	std	other				4797483	3			0
Sound	std	other				4804574	2			0
Sound	std	other				4810885	2			0
Sound	std	other				4817663	2			0
Sound	deviant_flat	other				4823703	2			0
Sound	0	other				4835703	3			12000
Sound	std	other				4842695	2			0
Sound	std	other				4850323	2			0
Sound	std	other				4857094	3			0
Sound	deviant_rough	other				4863974	3			0
Sound	0	other				4875974	2			12000
Sound	std	other				4881974	3			0
Sound	std	other				4888353	2			0
Sound	std	other				4895784	3			0
Sound	std	other				4902014	2			0
Sound	deviant_smile	other				4908584	2			0
Sound	0	other				4920584	2			12000
Sound	std	other				4927463	4			0
Sound	std	other				4934505	3			0
Sound	std	other				4941274	3			0
Sound	std	other				4948123	2			0
Sound	std	other				4954733	3			0
Sound	std	other				4961883	2			0
Sound	deviant_flat	other				4968744	3			0
Sound	0	other				4980744	2			12000
Sound	std	other				4987203	3			0
Sound	std	other				4994564	2			0
Sound	deviant_smile	other				5001694	3			0
Sound	0	other				5013694	3			12000
Sound	std	other				5020273	2			0
Sound	deviant_rough	other				5026725	2			0
Sound	0	other				5038725	3			12000
Sound	deviant_smile	other				5045591	3			0
Sound	0	other				5057591	3			12000
Sound	std	other				5064463	2			0
Sound	std	other				5070743	3			0
Sound	std	other				5076833	3			0
Sound	std	other				5083593	3			0
Sound	std	other				5090285	3			0
Sound	std	other				5097023	3			0
Sound	std	other				5104623	3			0
Sound	std	other				5111583	3			0
Sound	deviant_flat	other				5118284	3			0
Sound	0	other				5130284	2			12000
Sound	std	other				5137133	3			0
Sound	std	other				5143893	3			0
Sound	std	other				5150334	4			0
Sound	std	other				5156464	2			0
Sound	deviant_flat	other				5163743	3			0
Sound	0	other				5175743	3			12000
Sound	std	other				5183123	3			0
Sound	std	other				5188943	2			0
Sound	std	other				5196606	2			0
Sound	deviant_flat	other				5202472	3			0
Sound	0	other				5214472	3			12000
Sound	std	other				5221653	3			0
Sound	std	other				5228352	3			0
Sound	std	other				5236063	3			0
Sound	std	other				5242633	3			0
Sound	std	other				5250193	3			0
Sound	std	other				5257733	3			0
Sound	std	other				5263564	3			0
Sound	std	other				5270064	3			0
Sound	std	other				5275993	3			0
Sound	deviant_flat	other				5282513	3			0
Sound	0	other				5294513	3			12000
Sound	std	other				5300814	3			0
Sound	std	other				5308054	3			0
Sound	deviant_rough	other				5315373	3			0
Sound	0	other				5327373	3			12000
Sound	std	other				5334553	3			0
Sound	std	other				5341513	3			0
Sound	std	other				5349093	2			0
Sound	std	other				5355554	3			0
Sound	std	other				5362093	3			0
Sound	std	other				5368023	3			0
Sound	std	other				5374294	3			0
Sound	std	other				5380152	3			0
Sound	std	other				5387633	3			0
Sound	std	other				5395154	3			0
Sound	std	other				5402133	3			0
Sound	std	other				5408394	3			0
Sound	std	other				5414193	3			0
Sound	std	other				5420053	3			0
Sound	std	other				5427044	3			0
Sound	deviant_smile	other				5433053	3			0
Sound	0	other				5445053	3			12000
Sound	std	other				5451924	2			0
Sound	std	other				5458712	3			0
Sound	std	other				5465654	3			0
Sound	std	other				5473153	3			0
Sound	deviant_rough	other				5480033	3			0
Sound	0	other				5492034	3			12000
Sound	deviant_flat	other				5499693	3			0
Sound	0	other				5511693	3			12000
Sound	std	other				5518033	2			0
Sound	deviant_smile	other				5525013	3			0
Sound	0	other				5537013	3			12000
Sound	std	other				5543163	3			0
Sound	deviant_flat	other				5550153	3			0
Sound	0	other				5562153	3			12000
Sound	std	other				5568942	3			0
Sound	std	other				5576283	3			0
Sound	deviant_rough	other				5582472	3			0
Sound	0	other				5594472	3			12000
Sound	std	other				5600573	3			0
Sound	std	other				5607473	3			0
Sound	std	other				5614193	3			0
Sound	std	other				5621672	3			0
Sound	std	other				5628943	3			0
Sound	std	other				5635403	3			0
Sound	deviant_flat	other				5641402	3			0
Sound	0	other				5653402	4			12000
Sound	std	other				5660403	5			0
Sound	std	other				5666624	2			0
Sound	deviant_flat	other				5672702	3			0
Sound	0	other				5684702	3			12000
Sound	std	other				5691472	2			0
Sound	std	other				5699262	2			0
Sound	std	other				5705583	3			0
Sound	std	other				5711552	3			0
Sound	deviant_smile	other				5718692	2			0
Sound	0	other				5730692	2			12000
Sound	std	other				5736732	3			0
Sound	std	other				5743602	3			0
Sound	std	other				5749952	3			0
Sound	std	other				5756232	2			0
Sound	std	other				5762812	3			0
Sound	std	other				5770163	4			0
Sound	std	other				5777273	3			0
Sound	std	other				5784912	3			0
Sound	std	other				5790863	2			0
Sound	std	other				5798532	3			0
Sound	std	other				5805413	3			0
Sound	std	other				5812782	3			0
Sound	std	other				5819003	3			0
Sound	std	other				5826524	3			0
Sound	deviant_smile	other				5834124	3			0
Sound	0	other				5846124	3			12000
Sound	std	other				5853712	3			0
Sound	std	other				5859892	3			0
Sound	std	other				5866623	2			0
Sound	std	other				5874001	3			0
Sound	std	other				5880082	3			0
Sound	std	other				5887212	2			0
Sound	deviant_rough	other				5894613	2			0
Sound	0	other				5906613	3			12000
Sound	deviant_rough	other				5913182	2			0
Sound	0	other				5925182	3			12000
Sound	std	other				5931242	3			0
Sound	std	other				5938372	3			0
Sound	std	other				5945632	3			0
Sound	std	other				5952112	3			0
Sound	std	other				5959093	3			0
Sound	deviant_rough	other				5965713	2			0
Sound	0	other				5977713	2			12000
Sound	std	other				5984382	3			0
Sound	std	other				5991044	2			0
Sound	std	other				5998463	3			0
Sound	std	other				6005502	3			0
Sound	std	other				6011303	3			0
Sound	std	other				6019001	3			0
Sound	deviant_rough	other				6025152	3			0
Sound	0	other				6037152	3			12000
Sound	std	other				6043193	3			0
Sound	std	other				6050002	3			0
Sound	std	other				6056852	3			0
Sound	std	other				6063401	3			0
Sound	std	other				6070833	3			0
Sound	std	other				6077352	3			0
Sound	std	other				6083422	3			0
Sound	deviant_rough	other				6089923	3			0
Sound	0	other				6101923	3			12000
Sound	std	other				6108233	3			0
Sound	std	other				6114472	3			0
Sound	std	other				6121322	3			0
Sound	std	other				6128502	3			0
Sound	std	other				6134332	4			0
Sound	deviant_flat	other				6141392	3			0
Sound	0	other				6153392	3			12000
Sound	std	other				6159263	3			0
Sound	std	other				6165492	3			0
Sound	std	other				6171893	3			0
Sound	std	other				6179643	3			0
Sound	std	other				6186203	3			0
Sound	std	other				6191963	3			0
Sound	deviant_rough	other				6197842	3			0
Sound	0	other				6209842	3			12000
Sound	deviant_flat	other				6217222	4			0
Sound	0	other				6229222	3			12000
Sound	std	other				6235103	3			0
Sound	deviant_rough	other				6241752	3			0
Sound	0	other				6253752	3			12000
Sound	deviant_smile	other				6259932	3			0
Sound	0	other				6271932	3			12000
Sound	std	other				6279463	3			0
Sound	std	other				6286104	3			0
Sound	std	other				6293313	3			0
Sound	deviant_smile	other				6300803	3			0
Sound	0	other				6312803	3			12000
Sound	std	other				6318842	3			0
Sound	std	other				6325541	3			0
Sound	std	other				6331432	3			0
Sound	std	other				6337452	3			0
Sound	deviant_flat	other				6343672	3			0
Sound	0	other				6355672	2			12000
Sound	deviant_flat	other				6361892	3			0
Sound	0	other				6373892	3			12000
Sound	std	other				6381182	3			0
Sound	std	other				6388341	3			0
Sound	std	other				6395302	3			0
Sound	std	other				6401413	38			0
Sound	std	other				6408951	3			0
Sound	deviant_smile	other				6415802	3			0
Sound	0	other				6427802	3			12000
Sound	deviant_smile	other				6433982	3			0
Sound	0	other				6445982	2			12000
Sound	std	other				6453611	2			0
Sound	deviant_flat	other				6460202	3			0
Sound	0	other				6472202	3			12000
Sound	std	other				6478631	2			0
Sound	std	other				6484831	3			0
Sound	deviant_rough	other				6490761	3			0
Sound	0	other				6502761	3			12000
Sound	deviant_rough	other				6508802	2			0
Sound	0	other				6520802	3			12000
Sound	deviant_flat	other				6528042	3			0
Sound	0	other				6540042	3			12000
Sound	std	other				6547492	3			0
Sound	std	other				6553552	2			0
Sound	deviant_smile	other				6561002	3			0
Sound	0	other				6573002	3			12000
Sound	std	other				6579932	3			0
Sound	std	other				6587021	3			0
Sound	std	other				6593582	3			0
Sound	std	other				6600402	3			0
Sound	deviant_flat	other				6606372	3			0
Sound	0	other				6618372	3			12000
Sound	std	other				6624631	3			0
Sound	std	other				6632081	3			0
Sound	deviant_rough	other				6638442	3			0
Sound	0	other				6650442	3			12000
Sound	std	other				6656841	3			0
Sound	std	other				6663222	3			0
Sound	std	other				6670571	3			0
Sound	deviant_flat	other				6676822	3			0
Sound	0	other				6688822	3			12000
Sound	std	other				6695010	3			0
Sound	deviant_rough	other				6701662	3			0
Sound	0	other				6713662	3			12000
Sound	deviant_rough	other				6721302	3			0
Sound	0	other				6733302	3			12000
Sound	std	other				6740452	3			0
Sound	std	other				6747001	3			0
Sound	deviant_flat	other				6754052	3			0
Sound	0	other				6766052	3			12000
Sound	deviant_flat	other				6773161	3			0
Sound	0	other				6785161	3			12000
Sound	std	other				6791281	3			0
Sound	std	other				6797922	3			0
Sound	std	other				6803731	3			0
Sound	std	other				6809911	3			0
Sound	std	other				6815772	3			0
Sound	deviant_rough	other				6823341	2			0
Sound	0	other				6835341	3			12000
Sound	deviant_smile	other				6842412	3			0
Sound	0	other				6854412	3			12000
Sound	std	other				6861781	3			0
Sound	deviant_rough	other				6869552	3			0
Sound	0	other				6881552	3			12000
Sound	std	other				6887682	2			0
Sound	deviant_flat	other				6893892	2			0
Sound	0	other				6905892	3			12000
Sound	deviant_flat	other				6912071	3			0
Sound	0	other				6924071	2			12000
Sound	std	other				6930071	3			0
Sound	std	other				6937562	3			0
Sound	std	other				6944272	2			0
Sound	deviant_smile	other				6951722	3			0
Sound	0	other				6963722	3			12000
Sound	std	other				6970021	3			0
Sound	std	other				6976742	3			0
Sound	std	other				6984252	3			0
Sound	std	other				6990151	2			0
Sound	std	other				6996531	2			0
Sound	std	other				7002452	5			0
Sound	deviant_rough	other				7009612	3			0
Sound	0	other				7021612	3			12000
Sound	std	other				7027633	3			0
Sound	std	other				7035012	3			0
Sound	std	other				7042471	3			0
Sound	std	other				7049562	3			0
Sound	deviant_smile	other				7055581	3			0
Sound	0	other				7067581	2			12000
Sound	deviant_smile	other				7073751	3			0
Sound	0	other				7085751	2			12000
Sound	std	other				7092292	3			0
Sound	std	other				7099112	3			0
Sound	std	other				7106141	3			0
Sound	std	other				7112232	3			0
Sound	std	other				7118161	3			0
Sound	std	other				7124543	3			0
Sound	deviant_smile	other				7130841	3			0
Sound	0	other				7142841	3			12000
Sound	std	other				7149281	2			0
Sound	std	other				7155172	3			0
Sound	std	other				7162501	2			0
Sound	std	other				7168850	3			0
Sound	std	other				7175310	2			0
Sound	std	other				7181740	3			0
Sound	deviant_rough	other				7188201	3			0
Sound	0	other				7200201	2			12000
Sound	deviant_rough	other				7206911	2			0
Sound	0	other				7218911	3			12000
Sound	std	other				7225100	2			0
Sound	std	other				7231321	3			0
Sound	deviant_flat	other				7237721	3			0
Sound	0	other				7249721	3			12000
Sound	std	other				7256491	2			0
Sound	std	other				7262774	13			0
Sound	std	other				7268682	3			0
Sound	std	other				7275471	2			0
Sound	deviant_rough	other				7282491	2			0
Sound	0	other				7294491	2			12000
Sound	std	other				7301961	3			0
Sound	std	other				7308663	2			0
Sound	std	other				7315571	3			0
Sound	deviant_rough	other				7322430	2			0
Sound	0	other				7334430	2			12000
Sound	deviant_flat	other				7340221	2			0
Sound	0	other				7352221	2			12000
Sound	std	other				7359940	3			0
Sound	std	other				7366290	3			0
Sound	std	other				7373310	3			0
Sound	std	other				7380811	3			0
Sound	std	other				7386610	2			0
Sound	std	other				7392491	3			0
Sound	deviant_flat	other				7399281	3			0
Sound	0	other				7411281	3			12000
Sound	std	other				7418541	2			0
Sound	std	other				7424372	3			0
Sound	std	other				7431532	3			0
Sound	std	other				7439200	3			0
Sound	std	other				7445220	3			0
Sound	std	other				7452611	3			0
Sound	std	other				7459451	2			0
Sound	std	other				7466111	3			0
Sound	deviant_rough	other				7472931	2			0
Sound	0	other				7484931	2			12000
Sound	std	other				7492281	2			0
Sound	std	other				7499946	3			0
Sound	std	other				7506961	2			0
Sound	deviant_smile	other				7513490	2			0
Sound	0	other				7525490	3			12000
Sound	deviant_flat	other				7531270	3			0
Sound	0	other				7543270	2			12000
Sound	std	other				7549360	2			0
Sound	deviant_rough	other				7555771	2			0
Sound	0	other				7567771	2			12000
Sound	std	other				7574400	3			0
Sound	std	other				7580720	2			0
Sound	std	other				7587890	3			0
Sound	std	other				7595410	3			0
Sound	std	other				7602230	2			0
Sound	std	other				7609830	2			0
Sound	std	other				7617340	3			0
Sound	std	other				7624050	4			0
Sound	std	other				7630121	2			0
Sound	std	other				7636630	2			0
Sound	std	other				7643061	3			0
Sound	std	other				7650581	2			0
Sound	std	other				7656800	3			0
Sound	std	other				7664311	3			0
Sound	std	other				7670070	2			0
Sound	deviant_smile	other				7677731	3			0
Sound	0	other				7689731	2			12000
Sound	deviant_smile	other				7697171	3			0
Sound	0	other				7709171	3			12000
Sound	std	other				7716850	4			0
Sound	std	other				7723750	3			0
Sound	std	other				7731290	3			0
Sound	std	other				7738399	2			0
Sound	std	other				7745751	2			0
Sound	std	other				7753370	3			0
Sound	std	other				7760180	3			0
Sound	deviant_rough	other				7767690	2			0
Sound	0	other				7779690	2			12000
Sound	std	other				7786840	3			0
Sound	std	other				7793280	3			0
Sound	std	other				7799890	2			0
Sound	std	other				7807110	3			0
Sound	std	other				7813340	2			0
Sound	deviant_rough	other				7819300	3			0
Sound	0	other				7831300	3			12000
Sound	std	other				7837769	3			0
Sound	std	other				7845360	3			0
Sound	std	other				7853150	3			0
Sound	deviant_rough	other				7860371	2			0
Sound	0	other				7872371	2			12000
Sound	std	other				7880010	2			0
Sound	std	other				7886970	3			0
Sound	std	other				7894659	2			0
Sound	std	other				7900430	3			0
Sound	std	other				7907530	3			0
Sound	deviant_rough	other				7913700	2			0
Sound	0	other				7925700	3			12000
Sound	std	other				7932759	3			0
Sound	deviant_smile	other				7939380	2			0
Sound	0	other				7951380	3			12000
Sound	std	other				7958380	3			0
Sound	std	other				7965441	2			0
Sound	deviant_flat	other				7971289	2			0
Sound	0	other				7983289	2			12000
Sound	std	other				7989369	2			0
Sound	deviant_smile	other				7996389	3			0
Sound	0	other				8008389	3			12000
Sound	std	other				8015700	2			0
Sound	deviant_flat	other				8022659	3			0
Sound	0	other				8034659	4			12000
Sound	std	other				8040989	3			0
Sound	std	other				8047960	2			0
Sound	deviant_smile	other				8055681	3			0
Sound	0	other				8067681	3			12000
Sound	std	other				8074080	2			0
Sound	std	other				8081090	3			0
Sound	std	other				8087010	3			0
Sound	std	other				8093440	3			0
Sound	std	other				8100541	3			0
Sound	std	other				8106509	3			0
Sound	std	other				8112340	3			0
Sound	deviant_rough	other				8119309	3			0
Sound	0	other				8131309	3			12000
Sound	deviant_smile	other				8138719	3			0
Sound	0	other				8150719	3			12000
Sound	std	other				8158099	3			0
Sound	std	other				8165059	21			0
Sound	std	other				8171630	3			0
Sound	std	other				8177920	2			0
Sound	std	other				8184670	3			0
Sound	deviant_rough	other				8191880	3			0
Sound	0	other				8203880	3			12000
Sound	std	other				8209800	3			0
Sound	std	other				8217340	3			0
Sound	std	other				8225019	3			0
Sound	std	other				8231270	3			0
Sound	std	other				8238590	3			0
Sound	deviant_flat	other				8245100	3			0
Sound	0	other				8257100	3			12000
Sound	std	other				8264160	3			0
Sound	std	other				8270819	3			0
Sound	deviant_smile	other				8277949	2			0
Sound	0	other				8289949	3			12000
Sound	deviant_rough	other				8297609	3			0
Sound	0	other				8309609	2			12000
Sound	deviant_smile	other				8315859	3			0
Sound	0	other				8327859	3			12000
Sound	std	other				8334490	2			0
Sound	std	other				8342130	3			0
Sound	std	other				8349850	3			0
Sound	deviant_flat	other				8355819	3			0
Sound	0	other				8367819	2			12000
Sound	std	other				8374939	2			0
Sound	std	other				8381819	2			0
Sound	std	other				8389189	2			0
Sound	std	other				8396010	3			0
Sound	std	other				8403589	3			0
Sound	std	other				8409709	2			0
Sound	std	other				8415701	2			0
Sound	deviant_rough	other				8421580	2			0
Sound	0	other				8433580	3			12000
Sound	std	other				8440982	2			0
Sound	std	other				8448499	2			0
Sound	deviant_smile	other				8455190	2			0
Sound	0	other				8467190	3			12000
Sound	std	other				8474489	2			0
Sound	deviant_flat	other				8481520	2			0
Sound	0	other				8493520	3			12000
Sound	std	other				8499419	4			0
Sound	std	other				8506019	2			0
Sound	deviant_smile	other				8512739	3			0
Sound	0	other				8524739	5			12000
Sound	deviant_flat	other				8532279	3			0
Sound	0	other				8544279	3			12000
Sound	deviant_flat	other				8551959	2			0
Sound	0	other				8563959	3			12000
Sound	std	other				8570189	3			0
Sound	deviant_rough	other				8576889	2			0
Sound	0	other				8588889	3			12000
Sound	deviant_smile	other				8595569	2			0
Sound	0	other				8607569	3			12000
Sound	std	other				8613599	2			0
Sound	deviant_flat	other				8619702	3			0
Sound	0	other				8631702	2			12000
Sound	std	other				8638619	3			0
Sound	deviant_rough	other				8645269	3			0
Sound	0	other				8657269	3			12000
Sound	deviant_rough	other				8665029	3			0
Sound	0	other				8677029	3			12000
Sound	std	other				8684179	2			0
Sound	deviant_flat	other				8689978	3			0
Sound	0	other				8701978	3			12000
Sound	deviant_flat	other				8708549	3			0
Sound	0	other				8720549	2			12000
Sound	std	other				8728039	2			0
Sound	std	other				8735589	2			0
Sound	std	other				8741780	3			0
Sound	std	other				8748539	3			0
Sound	deviant_rough	other				8754379	3			0
Sound	0	other				8766379	2			12000
Sound	std	other				8772899	2			0
Sound	std	other				8780169	3			0
Sound	std	other				8787679	3			0
Sound	std	other				8793509	2			0
Sound	std	other				8800230	2			0
Sound	std	other				8807378	3			0
Sound	std	other				8813558	3			0
Sound	deviant_smile	other				8819439	2			0
Sound	0	other				8831439	2			12000
Sound	std	other				8838889	3			0
Sound	std	other				8844829	3			0
Sound	std	other				8850569	2			0
Sound	std	other				8857209	3			0
Sound	std	other				8863999	3			0
Sound	deviant_rough	other				8870469	3			0
Sound	0	other				8882469	2			12000
Sound	std	other				8890098	2			0
Sound	std	other				8896618	3			0
Sound	std	other				8902639	3			0
Sound	std	other				8908789	3			0
Sound	std	other				8915319	6			0
Sound	deviant_flat	other				8922140	3			0
Sound	0	other				8934140	3			12000
Sound	std	other				8941149	3			0
Sound	std	other				8946872	3			0
Sound	std	other				8953048	3			0
Sound	std	other				8959560	3			0
Sound	std	other				8967089	3			0
Sound	std	other				8973798	3			0
Sound	deviant_flat	other				8981409	2			0
Sound	0	other				8993409	2			12000
Sound	std	other				9001109	2			0
Sound	deviant_smile	other				9007669	3			0
Sound	0	other				9019669	3			12000
Sound	std	other				9025608	3			0
Sound	std	other				9032349	3			0
Sound	deviant_smile	other				9038888	2			0
Sound	0	other				9050888	3			12000
Sound	std	other				9058269	2			0
Sound	deviant_rough	other				9064389	3			0
Sound	0	other				9076389	2			12000
Sound	deviant_smile	other				9083349	2			0
Sound	0	other				9095349	2			12000
Sound	deviant_rough	other				9101798	2			0
Sound	0	other				9113798	2			12000
Sound	std	other				9120078	3			0
Sound	std	other				9126128	2			0
Sound	deviant_smile	other				9131980	3			0
Sound	0	other				9143980	3			12000
Sound	deviant_flat	other				9150708	3			0
Sound	0	other				9162708	3			12000
Sound	std	other				9169759	3			0
Sound	std	other				9176889	3			0
Sound	std	other				9183049	3			0
Sound	std	other				9190749	3			0
Sound	std	other				9198159	3			0
Sound	deviant_flat	other				9205619	3			0
Sound	0	other				9217619	3			12000
Sound	std	other				9225149	3			0
Sound	std	other				9231493	3			0
Sound	deviant_smile	other				9238699	3			0
Sound	0	other				9250699	3			12000
Sound	std	other				9257118	3			0
Sound	std	other				9264189	3			0
Sound	std	other				9270418	2			0
Sound	std	other				9276348	3			0
Sound	std	other				9282358	3			0
