Scenario - Own_name
Logfile written - 09/28/2021 16:19:22

Subject	Trial	Event Type	Code	Time	TTime	Uncertainty	Duration	Uncertainty	ReqTime	ReqDur	Stim Type	Pair Index

1	1	Response	1	102241	101865	4
1	2	Sound	std	109234	0	2414			0		other	0
1	3	Sound	std	118520	0	3			0		other	0
1	4	Sound	std	126140	0	3			0		other	0
1	5	Sound	std	131960	0	2			0		other	0
1	6	Sound	std	138690	0	3			0		other	0
1	7	Sound	std	145941	0	3			0		other	0
1	8	Sound	std	152050	0	3			0		other	0
1	9	Sound	std	159161	0	3			0		other	0
1	10	Sound	std	165910	0	3			0		other	0
1	11	Sound	std	173131	0	2			0		other	0
1	12	Sound	std	179040	0	3			0		other	0
1	13	Sound	deviant_rise	185940	0	3			0		other	0
1	13	Sound	0	197940	12000	3			12000		other	0
1	14	Sound	std	204611	0	3			0		other	0
1	15	Sound	deviant_fall	210610	0	3			0		other	0
1	15	Sound	0	222610	12000	3			12000		other	0
1	16	Sound	std	228720	0	3			0		other	0
1	17	Sound	std	234920	0	3			0		other	0
1	18	Sound	deviant_flat	241900	0	3			0		other	0
1	18	Sound	0	253900	12000	3			12000		other	0
1	19	Sound	std	261190	0	3			0		other	0
1	20	Sound	std	267001	0	3			0		other	0
1	21	Sound	std	273770	0	3			0		other	0
1	22	Sound	deviant_flat	280740	0	3			0		other	0
1	22	Sound	0	292740	12000	3			12000		other	0
1	23	Sound	deviant_flat	299560	0	3			0		other	0
1	23	Sound	0	311560	12000	3			12000		other	0
1	24	Sound	deviant_rise	318050	0	3			0		other	0
1	24	Sound	0	330050	12000	3			12000		other	0
1	25	Sound	deviant_rise	336860	0	3			0		other	0
1	25	Sound	0	348860	12000	3			12000		other	0
1	26	Sound	deviant_rise	356640	0	3			0		other	0
1	26	Sound	0	368640	12000	4			12000		other	0
1	27	Sound	std	375481	0	3			0		other	0
1	28	Sound	std	381870	0	3			0		other	0
1	29	Sound	std	388810	0	3			0		other	0
1	30	Sound	deviant_rise	396390	0	3			0		other	0
1	30	Sound	0	408390	12000	3			12000		other	0
1	31	Sound	deviant_fall	415510	0	3			0		other	0
1	31	Sound	0	427510	12000	3			12000		other	0
1	32	Sound	std	433970	0	3			0		other	0
1	33	Sound	std	440039	0	3			0		other	0
1	34	Sound	std	445920	0	3			0		other	0
1	35	Sound	deviant_fall	452920	0	3			0		other	0
1	35	Sound	0	464920	12000	3			12000		other	0
1	36	Sound	std	471109	0	3			0		other	0
1	37	Sound	deviant_rise	477980	0	3			0		other	0
1	37	Sound	0	489980	12000	3			12000		other	0
1	38	Sound	std	496370	0	3			0		other	0
1	39	Sound	std	503669	0	3			0		other	0
1	40	Sound	std	510679	0	3			0		other	0
1	41	Sound	std	517110	0	3			0		other	0
1	42	Sound	deviant_rise	524491	0	3			0		other	0
1	42	Sound	0	536491	12000	3			12000		other	0
1	43	Sound	std	543140	0	3			0		other	0
1	44	Sound	std	549120	0	3			0		other	0
1	45	Sound	deviant_rise	556209	0	3			0		other	0
1	45	Sound	0	568209	12000	3			12000		other	0
1	46	Sound	std	575860	0	3			0		other	0
1	47	Sound	std	582260	0	3			0		other	0
1	48	Sound	std	588080	0	3			0		other	0
1	49	Sound	std	595389	0	3			0		other	0
1	50	Sound	std	601460	0	3			0		other	0
1	51	Sound	deviant_fall	607819	0	3			0		other	0
1	51	Sound	0	619819	12000	3			12000		other	0
1	52	Sound	std	625709	0	3			0		other	0
1	53	Sound	std	632180	0	3			0		other	0
1	54	Sound	std	639730	0	3			0		other	0
1	55	Sound	std	646109	0	3			0		other	0
1	56	Sound	deviant_rise	653099	0	3			0		other	0
1	56	Sound	0	665099	12000	3			12000		other	0
1	57	Sound	std	671949	0	2			0		other	0
1	58	Sound	std	677759	0	3			0		other	0
1	59	Sound	std	685140	0	3			0		other	0
1	60	Sound	deviant_fall	692299	0	3			0		other	0
1	60	Sound	0	704299	12000	3			12000		other	0
1	61	Sound	std	710899	0	3			0		other	0
1	62	Sound	deviant_flat	716819	0	3			0		other	0
1	62	Sound	0	728819	12000	3			12000		other	0
1	63	Sound	std	736360	0	3			0		other	0
1	64	Sound	std	743239	0	2			0		other	0
1	65	Sound	std	750269	0	3			0		other	0
1	66	Sound	std	756959	0	3			0		other	0
1	67	Sound	std	764559	0	3			0		other	0
1	68	Sound	deviant_rise	771499	0	3			0		other	0
1	68	Sound	0	783499	12000	3			12000		other	0
1	69	Sound	deviant_flat	790539	0	3			0		other	0
1	69	Sound	0	802539	12000	3			12000		other	0
1	70	Sound	std	810120	0	3			0		other	0
1	71	Sound	deviant_flat	816949	0	3			0		other	0
1	71	Sound	0	828949	12000	2			12000		other	0
1	72	Sound	std	836430	0	3			0		other	0
1	73	Sound	std	843879	0	3			0		other	0
1	74	Sound	std	850149	0	3			0		other	0
1	75	Sound	std	856449	0	3			0		other	0
1	76	Sound	std	862969	0	3			0		other	0
1	77	Sound	std	870459	0	3			0		other	0
1	78	Sound	std	877881	0	3			0		other	0
1	79	Sound	std	884959	0	2			0		other	0
1	80	Sound	std	892439	0	2			0		other	0
1	81	Sound	std	898290	0	3			0		other	0
1	82	Sound	std	904219	0	2			0		other	0
1	83	Sound	std	911000	0	2			0		other	0
1	84	Sound	std	918278	0	3			0		other	0
1	85	Sound	std	924300	0	3			0		other	0
1	86	Sound	std	931240	0	2			0		other	0
1	87	Sound	deviant_rise	938839	0	2			0		other	0
1	87	Sound	0	950839	12000	2			12000		other	0
1	88	Sound	deviant_flat	958009	0	2			0		other	0
1	88	Sound	0	970009	12000	3			12000		other	0
1	89	Sound	std	975979	0	3			0		other	0
1	90	Sound	std	982349	0	3			0		other	0
1	91	Sound	deviant_fall	990139	0	2			0		other	0
1	91	Sound	0	1002139	12000	3			12000		other	0
1	92	Sound	std	1008559	0	3			0		other	0
1	93	Sound	std	1015939	0	3			0		other	0
1	94	Sound	std	1023159	0	3			0		other	0
1	95	Sound	std	1030050	0	3			0		other	0
1	96	Sound	deviant_fall	1035859	0	3			0		other	0
1	96	Sound	0	1047859	12000	3			12000		other	0
1	97	Sound	deviant_rise	1054319	0	3			0		other	0
1	97	Sound	0	1066319	12000	3			12000		other	0
1	98	Sound	std	1072929	0	3			0		other	0
1	99	Sound	std	1079861	0	3			0		other	0
1	100	Sound	deviant_rise	1086859	0	3			0		other	0
1	100	Sound	0	1098859	12000	3			12000		other	0
1	101	Sound	std	1106309	0	3			0		other	0
1	102	Sound	std	1113199	0	4			0		other	0
1	103	Sound	std	1119459	0	3			0		other	0
1	104	Sound	std	1125279	0	3			0		other	0
1	105	Sound	std	1132949	0	3			0		other	0
1	106	Sound	std	1140629	0	3			0		other	0
1	107	Sound	std	1147239	0	3			0		other	0
1	108	Sound	std	1154838	0	2			0		other	0
1	109	Sound	std	1160689	0	2			0		other	0
1	110	Sound	std	1167819	0	2			0		other	0
1	111	Sound	std	1174338	0	3			0		other	0
1	112	Sound	deviant_flat	1181248	0	3			0		other	0
1	112	Sound	0	1193248	12000	3			12000		other	0
1	113	Sound	std	1199949	0	3			0		other	0
1	114	Sound	deviant_rise	1207458	0	3			0		other	0
1	114	Sound	0	1219458	12000	3			12000		other	0
1	115	Sound	std	1226469	0	2			0		other	0
1	116	Sound	std	1232519	0	3			0		other	0
1	117	Sound	std	1238258	0	3			0		other	0
1	118	Sound	deviant_fall	1245421	0	3			0		other	0
1	118	Sound	0	1257421	12000	3			12000		other	0
1	119	Sound	std	1264589	0	3			0		other	0
1	120	Sound	std	1270368	0	3			0		other	0
1	121	Sound	std	1276969	0	3			0		other	0
1	122	Sound	std	1283459	0	2			0		other	0
1	123	Sound	std	1291209	0	3			0		other	0
1	124	Sound	std	1297429	0	3			0		other	0
1	125	Sound	std	1304298	0	3			0		other	0
1	126	Sound	std	1311219	0	3			0		other	0
1	127	Sound	std	1317599	0	3			0		other	0
1	128	Sound	std	1324978	0	3			0		other	0
1	129	Sound	deviant_flat	1331208	0	3			0		other	0
1	129	Sound	0	1343208	12000	3			12000		other	0
1	130	Sound	std	1349059	0	3			0		other	0
1	131	Sound	std	1355349	0	3			0		other	0
1	132	Sound	deviant_rise	1361309	0	3			0		other	0
1	132	Sound	0	1373309	12000	3			12000		other	0
1	133	Sound	std	1379118	0	3			0		other	0
1	134	Sound	std	1385779	0	3			0		other	0
1	135	Sound	deviant_fall	1391630	0	3			0		other	0
1	135	Sound	0	1403630	12000	3			12000		other	0
1	136	Sound	std	1410579	0	3			0		other	0
1	137	Sound	std	1416908	0	3			0		other	0
1	138	Sound	deviant_rise	1424479	0	3			0		other	0
1	138	Sound	0	1436479	12000	3			12000		other	0
1	139	Sound	std	1442399	0	3			0		other	0
1	140	Sound	std	1449848	0	3			0		other	0
1	141	Sound	std	1456079	0	3			0		other	0
1	142	Sound	std	1461939	0	3			0		other	0
1	143	Sound	deviant_flat	1467819	0	3			0		other	0
1	143	Sound	0	1479819	12000	3			12000		other	0
1	144	Sound	std	1486808	0	3			0		other	0
1	145	Sound	std	1494079	0	3			0		other	0
1	146	Sound	std	1500430	0	3			0		other	0
1	147	Sound	std	1507569	0	3			0		other	0
1	148	Sound	std	1513480	0	3			0		other	0
1	149	Sound	std	1519840	0	3			0		other	0
1	150	Sound	std	1526099	0	2			0		other	0
1	151	Sound	deviant_flat	1533088	0	3			0		other	0
1	151	Sound	0	1545088	12000	3			12000		other	0
1	152	Sound	deviant_rise	1552277	0	3			0		other	0
1	152	Sound	0	1564277	12000	3			12000		other	0
1	153	Sound	std	1571639	0	3			0		other	0
1	154	Sound	std	1578929	0	3			0		other	0
1	155	Sound	std	1586389	0	3			0		other	0
1	156	Sound	std	1592868	0	3			0		other	0
1	157	Sound	std	1599948	0	4			0		other	0
1	158	Sound	deviant_fall	1606279	0	3			0		other	0
1	158	Sound	0	1618279	12000	3			12000		other	0
1	159	Sound	std	1624858	0	3			0		other	0
1	160	Sound	std	1630749	0	3			0		other	0
1	161	Sound	std	1637378	0	3			0		other	0
1	162	Sound	std	1643228	0	3			0		other	0
1	163	Sound	std	1650449	0	3			0		other	0
1	164	Sound	std	1658048	0	3			0		other	0
1	165	Sound	deviant_rise	1664418	0	3			0		other	0
1	165	Sound	0	1676418	12000	3			12000		other	0
1	166	Sound	deviant_flat	1683388	0	3			0		other	0
1	166	Sound	0	1695388	12000	3			12000		other	0
1	167	Sound	std	1702846	0	2			0		other	0
1	168	Sound	std	1709888	0	3			0		other	0
1	169	Sound	std	1715750	0	2			0		other	0
1	170	Sound	std	1722048	0	2			0		other	0
1	171	Sound	std	1728938	0	3			0		other	0
1	172	Sound	std	1736639	0	3			0		other	0
1	173	Sound	std	1743528	0	2			0		other	0
1	174	Sound	std	1751178	0	3			0		other	0
1	175	Sound	deviant_rise	1757100	0	2			0		other	0
1	175	Sound	0	1769100	12000	2			12000		other	0
1	176	Sound	std	1775418	0	2			0		other	0
1	177	Sound	std	1782908	0	2			0		other	0
1	178	Sound	std	1788778	0	3			0		other	0
1	179	Sound	std	1795818	0	2			0		other	0
1	180	Sound	std	1803008	0	3			0		other	0
1	181	Sound	deviant_fall	1810208	0	2			0		other	0
1	181	Sound	0	1822208	12000	3			12000		other	0
1	182	Sound	std	1829317	0	3			0		other	0
1	183	Sound	deviant_rise	1835118	0	2			0		other	0
1	183	Sound	0	1847118	12000	3			12000		other	0
1	184	Sound	std	1853558	0	3			0		other	0
1	185	Sound	std	1860258	0	3			0		other	0
1	186	Sound	std	1867728	0	3			0		other	0
1	187	Sound	std	1874937	0	3			0		other	0
1	188	Sound	deviant_fall	1880738	0	3			0		other	0
1	188	Sound	0	1892738	12000	2			12000		other	0
1	189	Sound	std	1898747	0	3			0		other	0
1	190	Sound	deviant_flat	1904707	0	2			0		other	0
1	190	Sound	0	1916707	12000	2			12000		other	0
1	191	Sound	deviant_flat	1923417	0	3			0		other	0
1	191	Sound	0	1935417	12000	2			12000		other	0
1	192	Sound	std	1942318	0	3			0		other	0
1	193	Sound	deviant_flat	1948141	0	2			0		other	0
1	193	Sound	0	1960141	12000	3			12000		other	0
1	194	Sound	std	1966587	0	3			0		other	0
1	195	Sound	std	1972668	0	3			0		other	0
1	196	Sound	std	1979017	0	2			0		other	0
1	197	Sound	std	1984978	0	3			0		other	0
1	198	Sound	std	1992217	0	2			0		other	0
1	199	Sound	std	1999517	0	3			0		other	0
1	200	Sound	std	2006687	0	9			0		other	0
1	201	Sound	std	2012877	0	3			0		other	0
1	202	Sound	std	2018758	0	2			0		other	0
1	203	Sound	std	2026047	0	3			0		other	0
1	204	Sound	deviant_rise	2032098	0	2			0		other	0
1	204	Sound	0	2044098	12000	3			12000		other	0
1	205	Sound	std	2051678	0	3			0		other	0
1	206	Sound	std	2057948	0	2			0		other	0
1	207	Sound	std	2064408	0	3			0		other	0
1	208	Sound	std	2071527	0	3			0		other	0
1	209	Sound	deviant_rise	2077357	0	3			0		other	0
1	209	Sound	0	2089357	12000	2			12000		other	0
1	210	Sound	std	2095958	0	2			0		other	0
1	211	Sound	std	2102657	0	3			0		other	0
1	212	Sound	std	2109408	0	2			0		other	0
1	213	Sound	std	2115427	0	3			0		other	0
1	214	Sound	deviant_flat	2121368	0	2			0		other	0
1	214	Sound	0	2133368	12000	3			12000		other	0
1	215	Sound	std	2139588	0	3			0		other	0
1	216	Sound	std	2146368	0	2			0		other	0
1	217	Sound	deviant_rise	2153828	0	3			0		other	0
1	217	Sound	0	2165828	12000	2			12000		other	0
1	218	Sound	std	2172848	0	2			0		other	0
1	219	Sound	std	2180068	0	3			0		other	0
1	220	Sound	std	2186678	0	3			0		other	0
1	221	Sound	std	2193556	0	2			0		other	0
1	222	Sound	std	2199417	0	3			0		other	0
1	223	Sound	std	2206588	0	3			0		other	0
1	224	Sound	std	2213578	0	3			0		other	0
1	225	Sound	deviant_fall	2221328	0	2			0		other	0
1	225	Sound	0	2233328	12000	3			12000		other	0
1	226	Sound	deviant_fall	2239917	0	3			0		other	0
1	226	Sound	0	2251917	12000	2			12000		other	0
1	227	Sound	deviant_rise	2258667	0	3			0		other	0
1	227	Sound	0	2270667	12000	2			12000		other	0
1	228	Sound	std	2277148	0	2			0		other	0
1	229	Sound	std	2284277	0	2			0		other	0
1	230	Sound	std	2290707	0	2			0		other	0
1	231	Sound	std	2296799	0	2			0		other	0
1	232	Sound	std	2303447	0	3			0		other	0
1	233	Sound	std	2309417	0	2			0		other	0
1	234	Sound	std	2317118	0	2			0		other	0
1	235	Sound	std	2323258	0	3			0		other	0
1	236	Sound	std	2329488	0	3			0		other	0
1	237	Sound	std	2336766	0	3			0		other	0
1	238	Sound	deviant_fall	2342537	0	2			0		other	0
1	238	Sound	0	2354537	12000	3			12000		other	0
1	239	Sound	std	2361677	0	2			0		other	0
1	240	Sound	std	2368518	0	3			0		other	0
1	241	Sound	deviant_flat	2376168	0	3			0		other	0
1	241	Sound	0	2388168	12000	2			12000		other	0
1	242	Sound	std	2395658	0	3			0		other	0
1	243	Sound	std	2403207	0	4			0		other	0
1	244	Sound	std	2409018	0	3			0		other	0
1	245	Sound	deviant_fall	2415357	0	3			0		other	0
1	245	Sound	0	2427357	12000	2			12000		other	0
1	246	Sound	std	2434329	0	3			0		other	0
1	247	Sound	std	2441098	0	3			0		other	0
1	248	Sound	deviant_rise	2448227	0	3			0		other	0
1	248	Sound	0	2460227	12000	2			12000		other	0
1	249	Sound	std	2466127	0	2			0		other	0
1	250	Sound	std	2472728	0	3			0		other	0
1	251	Sound	std	2479007	0	3			0		other	0
1	252	Sound	std	2485688	0	2			0		other	0
1	253	Sound	std	2492078	0	3			0		other	0
1	254	Sound	std	2499837	0	2			0		other	0
1	255	Sound	deviant_flat	2505588	0	2			0		other	0
1	255	Sound	0	2517588	12000	3			12000		other	0
1	256	Sound	std	2524117	0	3			0		other	0
1	257	Sound	std	2531188	0	3			0		other	0
1	258	Sound	std	2537797	0	3			0		other	0
1	259	Sound	deviant_rise	2545077	0	3			0		other	0
1	259	Sound	0	2557077	12000	2			12000		other	0
1	260	Sound	deviant_fall	2564026	0	3			0		other	0
1	260	Sound	0	2576026	12000	3			12000		other	0
1	261	Sound	std	2581887	0	3			0		other	0
1	262	Sound	deviant_flat	2588847	0	3			0		other	0
1	262	Sound	0	2600847	12000	3			12000		other	0
1	263	Sound	std	2607487	0	3			0		other	0
1	264	Sound	std	2614418	0	3			0		other	0
1	265	Sound	std	2620487	0	3			0		other	0
1	266	Sound	std	2627287	0	3			0		other	0
1	267	Sound	deviant_rise	2634547	0	2			0		other	0
1	267	Sound	0	2646547	12000	3			12000		other	0
1	268	Sound	std	2653787	0	3			0		other	0
1	269	Sound	std	2659617	0	3			0		other	0
1	270	Sound	std	2666076	0	3			0		other	0
1	271	Sound	deviant_rise	2673436	0	3			0		other	0
1	271	Sound	0	2685436	12000	3			12000		other	0
1	272	Sound	std	2692736	0	2			0		other	0
1	273	Sound	std	2698758	0	3			0		other	0
1	274	Sound	deviant_fall	2705767	0	3			0		other	0
1	274	Sound	0	2717767	12000	3			12000		other	0
1	275	Sound	deviant_rise	2724137	0	3			0		other	0
1	275	Sound	0	2736137	12000	3			12000		other	0
1	276	Sound	std	2742347	0	3			0		other	0
1	277	Sound	deviant_rise	2748197	0	2			0		other	0
1	277	Sound	0	2760197	12000	3			12000		other	0
1	278	Sound	std	2766237	0	3			0		other	0
1	279	Sound	deviant_fall	2772327	0	2			0		other	0
1	279	Sound	0	2784327	12000	3			12000		other	0
1	280	Sound	std	2791967	0	2			0		other	0
1	281	Sound	std	2798257	0	3			0		other	0
1	282	Sound	std	2804256	0	2			0		other	0
1	283	Sound	std	2811437	0	2			0		other	0
1	284	Sound	deviant_fall	2819008	0	2			0		other	0
1	284	Sound	0	2831008	12000	3			12000		other	0
1	285	Sound	std	2836896	0	2			0		other	0
1	286	Sound	deviant_rise	2842877	0	3			0		other	0
1	286	Sound	0	2854877	12000	3			12000		other	0
1	287	Sound	deviant_flat	2860636	0	3			0		other	0
1	287	Sound	0	2872636	12000	2			12000		other	0
1	288	Sound	std	2878868	0	2			0		other	0
1	289	Sound	deviant_fall	2884956	0	3			0		other	0
1	289	Sound	0	2896956	12000	2			12000		other	0
1	290	Sound	std	2904607	0	3			0		other	0
1	291	Sound	deviant_rise	2912246	0	2			0		other	0
1	291	Sound	0	2924246	12000	3			12000		other	0
1	292	Sound	deviant_flat	2931526	0	3			0		other	0
1	292	Sound	0	2943526	12000	3			12000		other	0
1	293	Sound	std	2949537	0	2			0		other	0
1	294	Sound	std	2956886	0	3			0		other	0
1	295	Sound	std	2964357	0	3			0		other	0
1	296	Sound	std	2971817	0	3			0		other	0
1	297	Sound	std	2978676	0	3			0		other	0
1	298	Sound	std	2984607	0	3			0		other	0
1	299	Sound	std	2991546	0	3			0		other	0
1	300	Sound	std	2997757	0	3			0		other	0
1	301	Sound	std	3003558	0	3			0		other	0
1	302	Sound	std	3010277	0	3			0		other	0
1	303	Sound	std	3017247	0	3			0		other	0
1	304	Sound	std	3024986	0	3			0		other	0
1	305	Sound	std	3030877	0	3			0		other	0
1	306	Sound	deviant_rise	3038547	0	3			0		other	0
1	306	Sound	0	3050547	12000	3			12000		other	0
1	307	Sound	std	3058277	0	3			0		other	0
1	308	Sound	std	3065477	0	3			0		other	0
1	309	Sound	std	3071417	0	3			0		other	0
1	310	Sound	std	3077727	0	3			0		other	0
1	311	Sound	std	3085267	0	3			0		other	0
1	312	Sound	std	3092477	0	3			0		other	0
1	313	Sound	deviant_fall	3098947	0	2			0		other	0
1	313	Sound	0	3110947	12000	3			12000		other	0
1	314	Sound	deviant_fall	3118367	0	7			0		other	0
1	314	Sound	0	3130367	12000	2			12000		other	0
1	315	Sound	deviant_rise	3138076	0	3			0		other	0
1	315	Sound	0	3150076	12000	2			12000		other	0
1	316	Sound	std	3156536	0	2			0		other	0
1	317	Sound	deviant_fall	3163377	0	3			0		other	0
1	317	Sound	0	3175377	12000	3			12000		other	0
1	318	Sound	std	3183046	0	3			0		other	0
1	319	Sound	std	3190487	0	3			0		other	0
1	320	Sound	std	3197826	0	3			0		other	0
1	321	Sound	std	3203947	0	3			0		other	0
1	322	Sound	std	3211016	0	3			0		other	0
1	323	Sound	std	3218726	0	3			0		other	0
1	324	Sound	std	3225716	0	2			0		other	0
1	325	Sound	std	3231796	0	2			0		other	0
1	326	Sound	std	3238096	0	3			0		other	0
1	327	Sound	std	3245095	0	3			0		other	0
1	328	Sound	std	3251227	0	3			0		other	0
1	329	Sound	std	3257316	0	3			0		other	0
1	330	Sound	std	3264255	0	2			0		other	0
1	331	Sound	std	3270686	0	6			0		other	0
1	332	Sound	std	3277048	0	3			0		other	0
1	333	Sound	std	3283116	0	3			0		other	0
1	334	Sound	std	3290067	0	3			0		other	0
1	335	Sound	deviant_rise	3297477	0	3			0		other	0
1	335	Sound	0	3309477	12000	2			12000		other	0
1	336	Sound	std	3315406	0	3			0		other	0
1	337	Sound	std	3322107	0	3			0		other	0
1	338	Sound	deviant_flat	3328126	0	3			0		other	0
1	338	Sound	0	3340126	12000	3			12000		other	0
1	339	Sound	std	3346816	0	2			0		other	0
1	340	Sound	std	3353376	0	3			0		other	0
1	341	Sound	std	3360827	0	3			0		other	0
1	342	Sound	std	3368336	0	2			0		other	0
1	343	Sound	std	3374736	0	3			0		other	0
1	344	Sound	std	3380558	0	3			0		other	0
1	345	Sound	std	3386446	0	3			0		other	0
1	346	Sound	std	3392756	0	3			0		other	0
1	347	Sound	std	3400237	0	3			0		other	0
1	348	Sound	std	3407347	0	3			0		other	0
1	349	Sound	std	3414097	0	3			0		other	0
1	350	Sound	std	3421016	0	3			0		other	0
1	351	Sound	std	3428237	0	3			0		other	0
1	352	Sound	std	3434275	0	2			0		other	0
1	353	Sound	std	3441147	0	2			0		other	0
1	354	Sound	std	3447166	0	3			0		other	0
1	355	Sound	deviant_fall	3454407	0	3			0		other	0
1	355	Sound	0	3466407	12000	3			12000		other	0
1	356	Sound	std	3473836	0	3			0		other	0
1	357	Sound	std	3480426	0	2			0		other	0
1	358	Sound	std	3486566	0	3			0		other	0
1	359	Sound	deviant_flat	3493657	0	3			0		other	0
1	359	Sound	0	3505657	12000	2			12000		other	0
1	360	Sound	std	3512396	0	3			0		other	0
1	361	Sound	std	3519196	0	3			0		other	0
1	362	Sound	std	3525005	0	3			0		other	0
1	363	Sound	deviant_rise	3532376	0	3			0		other	0
1	363	Sound	0	3544376	12000	3			12000		other	0
1	364	Sound	std	3552067	0	3			0		other	0
1	365	Sound	std	3558376	0	3			0		other	0
1	366	Sound	deviant_fall	3565176	0	3			0		other	0
1	366	Sound	0	3577176	12000	3			12000		other	0
1	367	Sound	std	3584756	0	3			0		other	0
1	368	Sound	std	3592337	0	2			0		other	0
1	369	Sound	deviant_rise	3598956	0	3			0		other	0
1	369	Sound	0	3610956	12000	2			12000		other	0
1	370	Sound	deviant_fall	3617435	0	2			0		other	0
1	370	Sound	0	3629435	12000	3			12000		other	0
1	371	Sound	std	3637056	0	3			0		other	0
1	372	Sound	deviant_fall	3644426	0	3			0		other	0
1	372	Sound	0	3656426	12000	3			12000		other	0
1	373	Sound	deviant_rise	3663396	0	3			0		other	0
1	373	Sound	0	3675396	12000	3			12000		other	0
1	374	Sound	deviant_fall	3682566	0	3			0		other	0
1	374	Sound	0	3694566	12000	3			12000		other	0
1	375	Sound	std	3700855	0	2			0		other	0
1	376	Sound	std	3706796	0	3			0		other	0
1	377	Sound	std	3713266	0	3			0		other	0
1	378	Sound	deviant_flat	3719456	0	3			0		other	0
1	378	Sound	0	3731456	12000	3			12000		other	0
1	379	Sound	std	3739095	0	3			0		other	0
1	380	Sound	std	3746806	0	3			0		other	0
1	381	Sound	std	3754276	0	3			0		other	0
1	382	Sound	std	3761895	0	3			0		other	0
1	383	Sound	deviant_flat	3767986	0	3			0		other	0
1	383	Sound	0	3779986	12000	3			12000		other	0
1	384	Sound	deviant_flat	3785946	0	2			0		other	0
1	384	Sound	0	3797946	12000	2			12000		other	0
1	385	Sound	std	3804075	0	2			0		other	0
1	386	Sound	std	3811075	0	2			0		other	0
1	387	Sound	std	3817215	0	3			0		other	0
1	388	Sound	std	3823385	0	3			0		other	0
1	389	Sound	deviant_fall	3830916	0	3			0		other	0
1	389	Sound	0	3842916	12000	3			12000		other	0
1	390	Sound	std	3849515	0	3			0		other	0
1	391	Sound	std	3855416	0	3			0		other	0
1	392	Sound	deviant_flat	3861605	0	2			0		other	0
1	392	Sound	0	3873605	12000	2			12000		other	0
1	393	Sound	deviant_fall	3880736	0	2			0		other	0
1	393	Sound	0	3892736	12000	2			12000		other	0
1	394	Sound	std	3899126	0	2			0		other	0
1	395	Sound	std	3904926	0	2			0		other	0
1	396	Sound	std	3911165	0	3			0		other	0
1	397	Sound	std	3917756	0	3			0		other	0
1	398	Sound	std	3924336	0	3			0		other	0
1	399	Sound	std	3930696	0	2			0		other	0
1	400	Sound	deviant_rise	3938236	0	3			0		other	0
1	400	Sound	0	3950236	12000	3			12000		other	0
1	401	Sound	deviant_fall	3956265	0	2			0		other	0
1	401	Sound	0	3968265	12000	3			12000		other	0
1	402	Sound	std	3975985	0	2			0		other	0
1	403	Sound	std	3983706	0	3			0		other	0
1	404	Sound	std	3991405	0	2			0		other	0
1	405	Sound	deviant_rise	3998945	0	2			0		other	0
1	405	Sound	0	4010945	12000	2			12000		other	0
1	406	Sound	std	4017555	0	3			0		other	0
1	407	Sound	std	4025155	0	3			0		other	0
1	408	Sound	std	4032745	0	3			0		other	0
1	409	Sound	std	4039375	0	3			0		other	0
1	410	Sound	deviant_rise	4046685	0	3			0		other	0
1	410	Sound	0	4058685	12000	3			12000		other	0
1	411	Sound	std	4065395	0	2			0		other	0
1	412	Sound	std	4071465	0	3			0		other	0
1	413	Sound	deviant_flat	4078535	0	2			0		other	0
1	413	Sound	0	4090535	12000	3			12000		other	0
1	414	Sound	deviant_fall	4097575	0	2			0		other	0
1	414	Sound	0	4109575	12000	3			12000		other	0
1	415	Sound	std	4115535	0	2			0		other	0
1	416	Sound	std	4122445	0	2			0		other	0
1	417	Sound	std	4128965	0	3			0		other	0
1	418	Sound	std	4134936	0	3			0		other	0
1	419	Sound	std	4142594	0	3			0		other	0
1	420	Sound	deviant_flat	4149495	0	3			0		other	0
1	420	Sound	0	4161495	12000	2			12000		other	0
1	421	Sound	std	4167977	0	3			0		other	0
1	422	Sound	std	4174905	0	3			0		other	0
1	423	Sound	std	4182215	0	2			0		other	0
1	424	Sound	std	4189016	0	3			0		other	0
1	425	Sound	std	4195586	0	3			0		other	0
1	426	Sound	deviant_fall	4202495	0	3			0		other	0
1	426	Sound	0	4214495	12000	3			12000		other	0
1	427	Sound	deviant_flat	4222196	0	3			0		other	0
1	427	Sound	0	4234196	12000	2			12000		other	0
1	428	Sound	std	4240055	0	3			0		other	0
1	429	Sound	std	4247815	0	2			0		other	0
1	430	Sound	std	4255175	0	3			0		other	0
1	431	Sound	deviant_rise	4262295	0	4			0		other	0
1	431	Sound	0	4274295	12000	3			12000		other	0
1	432	Sound	std	4280185	0	3			0		other	0
1	433	Sound	std	4287015	0	3			0		other	0
1	434	Sound	deviant_fall	4294106	0	3			0		other	0
1	434	Sound	0	4306106	12000	3			12000		other	0
1	435	Sound	std	4313095	0	3			0		other	0
1	436	Sound	std	4320025	0	3			0		other	0
1	437	Sound	deviant_fall	4327235	0	3			0		other	0
1	437	Sound	0	4339235	12000	2			12000		other	0
1	438	Sound	std	4346765	0	3			0		other	0
1	439	Sound	std	4353006	0	2			0		other	0
1	440	Sound	std	4359164	0	3			0		other	0
1	441	Sound	std	4366824	0	3			0		other	0
1	442	Sound	std	4374095	0	3			0		other	0
1	443	Sound	std	4380975	0	3			0		other	0
1	444	Sound	deviant_rise	4388575	0	3			0		other	0
1	444	Sound	0	4400575	12000	3			12000		other	0
1	445	Sound	std	4407065	0	3			0		other	0
1	446	Sound	std	4414335	0	3			0		other	0
1	447	Sound	std	4421557	0	3			0		other	0
1	448	Sound	deviant_rise	4428135	0	2			0		other	0
1	448	Sound	0	4440135	12000	3			12000		other	0
1	449	Sound	std	4446134	0	3			0		other	0
1	450	Sound	std	4452746	0	3			0		other	0
1	451	Sound	std	4458925	0	3			0		other	0
1	452	Sound	std	4465745	0	3			0		other	0
1	453	Sound	std	4472998	0	3			0		other	0
1	454	Sound	deviant_fall	4480455	0	2			0		other	0
1	454	Sound	0	4492455	12000	2			12000		other	0
1	455	Sound	deviant_fall	4498384	0	3			0		other	0
1	455	Sound	0	4510384	12000	3			12000		other	0
1	456	Sound	std	4516545	0	3			0		other	0
1	457	Sound	std	4524088	0	3			0		other	0
1	458	Sound	std	4530275	0	2			0		other	0
1	459	Sound	std	4536534	0	3			0		other	0
1	460	Sound	std	4542885	0	2			0		other	0
1	461	Sound	deviant_fall	4548835	0	3			0		other	0
1	461	Sound	0	4560835	12000	3			12000		other	0
1	462	Sound	deviant_flat	4567384	0	3			0		other	0
1	462	Sound	0	4579384	12000	2			12000		other	0
1	463	Sound	std	4586095	0	3			0		other	0
1	464	Sound	std	4592174	0	3			0		other	0
1	465	Sound	std	4599704	0	3			0		other	0
1	466	Sound	std	4606064	0	2			0		other	0
1	467	Sound	std	4612165	0	3			0		other	0
1	468	Sound	std	4617984	0	2			0		other	0
1	469	Sound	deviant_fall	4625694	0	3			0		other	0
1	469	Sound	0	4637694	12000	2			12000		other	0
1	470	Sound	std	4644134	0	2			0		other	0
1	471	Sound	std	4651805	0	3			0		other	0
1	472	Sound	deviant_fall	4657655	0	3			0		other	0
1	472	Sound	0	4669655	12000	3			12000		other	0
1	473	Sound	std	4677194	0	3			0		other	0
1	474	Sound	deviant_fall	4684084	0	3			0		other	0
1	474	Sound	0	4696084	12000	2			12000		other	0
1	475	Sound	deviant_flat	4703435	0	2			0		other	0
1	475	Sound	0	4715435	12000	3			12000		other	0
1	476	Sound	deviant_flat	4723164	0	3			0		other	0
1	476	Sound	0	4735164	12000	3			12000		other	0
1	477	Sound	deviant_fall	4742225	0	3			0		other	0
1	477	Sound	0	4754225	12000	3			12000		other	0
1	478	Sound	std	4761833	0	3			0		other	0
1	479	Sound	deviant_rise	4769325	0	2			0		other	0
1	479	Sound	0	4781325	12000	11			12000		other	0
1	480	Sound	deviant_rise	4788864	0	3			0		other	0
1	480	Sound	0	4800864	12000	2			12000		other	0
1	481	Sound	std	4808325	0	3			0		other	0
1	482	Sound	std	4815094	0	3			0		other	0
1	483	Sound	std	4822004	0	3			0		other	0
1	484	Sound	std	4828674	0	3			0		other	0
1	485	Sound	std	4835954	0	3			0		other	0
1	486	Sound	std	4841845	0	2			0		other	0
1	487	Sound	std	4848995	0	2			0		other	0
1	488	Sound	std	4855424	0	2			0		other	0
1	489	Sound	std	4862875	0	3			0		other	0
1	490	Sound	std	4869394	0	4			0		other	0
1	491	Sound	std	4876334	0	2			0		other	0
1	492	Sound	std	4882815	0	3			0		other	0
1	493	Sound	std	4889324	0	3			0		other	0
1	494	Sound	deviant_fall	4896354	0	3			0		other	0
1	494	Sound	0	4908354	12000	3			12000		other	0
1	495	Sound	std	4915863	0	3			0		other	0
1	496	Sound	std	4922534	0	2			0		other	0
1	497	Sound	std	4929464	0	3			0		other	0
1	498	Sound	std	4937165	0	3			0		other	0
1	499	Sound	std	4943484	0	3			0		other	0
1	500	Sound	std	4949464	0	2			0		other	0
1	501	Sound	std	4957105	0	3			0		other	0
1	502	Sound	std	4963754	0	2			0		other	0
1	503	Sound	std	4971164	0	3			0		other	0
1	504	Sound	std	4977004	0	3			0		other	0
1	505	Sound	std	4982754	0	3			0		other	0
1	506	Sound	std	4988604	0	3			0		other	0
1	507	Sound	deviant_flat	4994334	0	3			0		other	0
1	507	Sound	0	5006334	12000	3			12000		other	0
1	508	Sound	std	5012474	0	3			0		other	0
1	509	Sound	std	5018235	0	3			0		other	0
1	510	Sound	std	5025514	0	3			0		other	0
1	511	Sound	deviant_flat	5031944	0	3			0		other	0
1	511	Sound	0	5043944	12000	3			12000		other	0
1	512	Sound	std	5051654	0	3			0		other	0
1	513	Sound	std	5058814	0	3			0		other	0
1	514	Sound	std	5064815	0	3			0		other	0
1	515	Sound	std	5070864	0	3			0		other	0
1	516	Sound	std	5077454	0	3			0		other	0
1	517	Sound	std	5084904	0	2			0		other	0
1	518	Sound	std	5090825	0	3			0		other	0
1	519	Sound	deviant_fall	5098078	0	3			0		other	0
1	519	Sound	0	5110078	12000	3			12000		other	0
1	520	Sound	std	5116724	0	3			0		other	0
1	521	Sound	std	5123064	0	3			0		other	0
1	522	Sound	std	5130114	0	3			0		other	0
1	523	Sound	deviant_flat	5137054	0	3			0		other	0
1	523	Sound	0	5149054	12000	3			12000		other	0
1	524	Sound	std	5155604	0	3			0		other	0
1	525	Sound	std	5162684	0	2			0		other	0
1	526	Sound	deviant_flat	5169424	0	3			0		other	0
1	526	Sound	0	5181424	12000	3			12000		other	0
1	527	Sound	std	5188105	0	3			0		other	0
1	528	Sound	std	5195354	0	3			0		other	0
1	529	Sound	std	5202125	0	3			0		other	0
1	530	Sound	std	5209125	0	2			0		other	0
1	531	Sound	std	5216125	0	3			0		other	0
1	532	Sound	std	5222954	0	3			0		other	0
1	533	Sound	std	5229775	0	3			0		other	0
1	534	Sound	std	5237085	0	3			0		other	0
1	535	Sound	std	5244434	0	2			0		other	0
1	536	Sound	deviant_flat	5250725	0	3			0		other	0
1	536	Sound	0	5262725	12000	3			12000		other	0
1	537	Sound	std	5269953	0	3			0		other	0
1	538	Sound	deviant_fall	5277144	0	2			0		other	0
1	538	Sound	0	5289144	12000	2			12000		other	0
1	539	Sound	deviant_fall	5296084	0	3			0		other	0
1	539	Sound	0	5308084	12000	2			12000		other	0
1	540	Sound	std	5313944	0	3			0		other	0
1	541	Sound	std	5321213	0	3			0		other	0
1	542	Sound	deviant_rise	5328003	0	3			0		other	0
1	542	Sound	0	5340003	12000	3			12000		other	0
1	543	Sound	deviant_rise	5347504	0	3			0		other	0
1	543	Sound	0	5359504	12000	3			12000		other	0
1	544	Sound	std	5366274	0	2			0		other	0
1	545	Sound	deviant_fall	5373853	0	2			0		other	0
1	545	Sound	0	5385853	12000	3			12000		other	0
1	546	Sound	deviant_rise	5392723	0	3			0		other	0
1	546	Sound	0	5404723	12000	3			12000		other	0
1	547	Sound	std	5411814	0	2			0		other	0
1	548	Sound	std	5418524	0	3			0		other	0
1	549	Sound	std	5426174	0	3			0		other	0
1	550	Sound	std	5433493	0	2			0		other	0
1	551	Sound	std	5439714	0	3			0		other	0
1	552	Sound	std	5445576	0	3			0		other	0
1	553	Sound	deviant_flat	5451384	0	2			0		other	0
1	553	Sound	0	5463384	12000	3			12000		other	0
1	554	Sound	std	5470564	0	3			0		other	0
1	555	Sound	std	5476954	0	3			0		other	0
1	556	Sound	std	5483415	0	3			0		other	0
1	557	Sound	std	5490953	0	3			0		other	0
1	558	Sound	std	5498064	0	3			0		other	0
1	559	Sound	std	5505405	0	2			0		other	0
1	560	Sound	std	5511814	0	2			0		other	0
1	561	Sound	std	5519064	0	42			0		other	0
1	562	Sound	std	5526584	0	3			0		other	0
1	563	Sound	std	5534024	0	3			0		other	0
1	564	Sound	std	5540164	0	3			0		other	0
1	565	Sound	std	5547504	0	3			0		other	0
1	566	Sound	deviant_flat	5554344	0	2			0		other	0
1	566	Sound	0	5566344	12000	4			12000		other	0
1	567	Sound	std	5573294	0	3			0		other	0
1	568	Sound	std	5579913	0	3			0		other	0
1	569	Sound	std	5586023	0	2			0		other	0
1	570	Sound	std	5593073	0	2			0		other	0
1	571	Sound	std	5600433	0	2			0		other	0
1	572	Sound	std	5607806	0	3			0		other	0
1	573	Sound	std	5615043	0	3			0		other	0
1	574	Sound	std	5622583	0	2			0		other	0
1	575	Sound	deviant_rise	5629873	0	3			0		other	0
1	575	Sound	0	5641873	12000	2			12000		other	0
1	576	Sound	std	5648324	0	3			0		other	0
1	577	Sound	std	5654544	0	3			0		other	0
1	578	Sound	std	5662264	0	2			0		other	0
1	579	Sound	deviant_fall	5669663	0	3			0		other	0
1	579	Sound	0	5681663	12000	3			12000		other	0
1	580	Sound	std	5689393	0	3			0		other	0
1	581	Sound	std	5696143	0	3			0		other	0
1	582	Sound	std	5702533	0	4			0		other	0
1	583	Sound	std	5708504	0	3			0		other	0
1	584	Sound	std	5714383	0	8			0		other	0
1	585	Sound	std	5721254	0	3			0		other	0
1	586	Sound	std	5728263	0	3			0		other	0
1	587	Sound	std	5735333	0	3			0		other	0
1	588	Sound	std	5742914	0	2			0		other	0
1	589	Sound	std	5750583	0	3			0		other	0
1	590	Sound	deviant_flat	5757254	0	3			0		other	0
1	590	Sound	0	5769254	12000	3			12000		other	0
1	591	Sound	std	5776044	0	3			0		other	0
1	592	Sound	std	5783303	0	3			0		other	0
1	593	Sound	std	5790563	0	3			0		other	0
1	594	Sound	std	5797353	0	3			0		other	0
1	595	Sound	deviant_fall	5804543	0	2			0		other	0
1	595	Sound	0	5816543	12000	56			12000		other	0
1	596	Sound	deviant_fall	5823793	0	3			0		other	0
1	596	Sound	0	5835793	12000	3			12000		other	0
1	597	Sound	std	5842713	0	3			0		other	0
1	598	Sound	std	5849253	0	2			0		other	0
1	599	Sound	std	5856993	0	3			0		other	0
1	600	Sound	std	5864393	0	2			0		other	0
1	601	Sound	std	5871803	0	2			0		other	0
1	602	Sound	std	5877983	0	56			0		other	0
1	603	Sound	std	5885483	0	3			0		other	0
1	604	Sound	std	5891603	0	2			0		other	0
1	605	Sound	std	5898913	0	3			0		other	0
1	606	Sound	std	5905123	0	3			0		other	0
1	607	Sound	deviant_flat	5911274	0	3			0		other	0
1	607	Sound	0	5923274	12000	3			12000		other	0
1	608	Sound	std	5930623	0	2			0		other	0
1	609	Sound	deviant_fall	5937164	0	3			0		other	0
1	609	Sound	0	5949164	12000	3			12000		other	0
1	610	Sound	std	5955834	0	3			0		other	0
1	611	Sound	std	5961763	0	2			0		other	0
1	612	Sound	std	5968553	0	3			0		other	0
1	613	Sound	deviant_rise	5976313	0	2			0		other	0
1	613	Sound	0	5988313	12000	3			12000		other	0
1	614	Sound	deviant_flat	5994883	0	2			0		other	0
1	614	Sound	0	6006883	12000	3			12000		other	0
1	615	Sound	std	6012643	0	3			0		other	0
1	616	Sound	std	6020143	0	2			0		other	0
1	617	Sound	deviant_flat	6026513	0	3			0		other	0
1	617	Sound	0	6038513	12000	2			12000		other	0
1	618	Sound	std	6045842	0	3			0		other	0
1	619	Sound	deviant_rise	6051862	0	3			0		other	0
1	619	Sound	0	6063862	12000	3			12000		other	0
1	620	Sound	deviant_flat	6071073	0	2			0		other	0
1	620	Sound	0	6083073	12000	3			12000		other	0
1	621	Sound	std	6090813	0	3			0		other	0
1	622	Sound	std	6097363	0	3			0		other	0
1	623	Sound	std	6104823	0	3			0		other	0
1	624	Sound	std	6110782	0	3			0		other	0
1	625	Sound	std	6116703	0	3			0		other	0
1	626	Sound	std	6122493	0	3			0		other	0
1	627	Sound	std	6128723	0	3			0		other	0
1	628	Sound	std	6135942	0	3			0		other	0
1	629	Sound	std	6143254	0	3			0		other	0
1	630	Sound	std	6149964	0	3			0		other	0
1	631	Sound	std	6157403	0	3			0		other	0
1	632	Sound	std	6163453	0	2			0		other	0
1	633	Sound	std	6169273	0	3			0		other	0
1	634	Sound	std	6176973	0	3			0		other	0
1	635	Sound	deviant_flat	6182773	0	3			0		other	0
1	635	Sound	0	6194773	12000	3			12000		other	0
1	636	Sound	std	6201453	0	3			0		other	0
1	637	Sound	std	6208913	0	3			0		other	0
1	638	Sound	deviant_flat	6215723	0	3			0		other	0
1	638	Sound	0	6227723	12000	3			12000		other	0
1	639	Sound	deviant_flat	6234873	0	3			0		other	0
1	639	Sound	0	6246873	12000	3			12000		other	0
1	640	Sound	std	6254353	0	3			0		other	0
1	641	Sound	deviant_rise	6262013	0	3			0		other	0
1	641	Sound	0	6274013	12000	3			12000		other	0
1	642	Sound	deviant_flat	6280133	0	3			0		other	0
1	642	Sound	0	6292133	12000	3			12000		other	0
1	643	Sound	deviant_flat	6299883	0	3			0		other	0
1	643	Sound	0	6311883	12000	3			12000		other	0
1	644	Sound	std	6319133	0	3			0		other	0
1	645	Sound	std	6325213	0	3			0		other	0
1	646	Sound	std	6331993	0	3			0		other	0
1	647	Sound	deviant_flat	6339723	0	2			0		other	0
1	647	Sound	0	6351723	12000	3			12000		other	0
1	648	Sound	deviant_flat	6357952	0	3			0		other	0
1	648	Sound	0	6369952	12000	3			12000		other	0
1	649	Sound	std	6377572	0	3			0		other	0
1	650	Sound	std	6384603	0	3			0		other	0
1	651	Sound	std	6391333	0	2			0		other	0
1	652	Sound	std	6399083	0	2			0		other	0
1	653	Sound	std	6406153	0	2			0		other	0
1	654	Sound	deviant_fall	6412162	0	3			0		other	0
1	654	Sound	0	6424162	12000	2			12000		other	0
1	655	Sound	std	6430113	0	3			0		other	0
1	656	Sound	deviant_fall	6437143	0	3			0		other	0
1	656	Sound	0	6449143	12000	2			12000		other	0
1	657	Sound	deviant_rise	6455602	0	2			0		other	0
1	657	Sound	0	6467602	12000	3			12000		other	0
1	658	Sound	std	6473883	0	2			0		other	0
1	659	Sound	deviant_rise	6480053	0	3			0		other	0
1	659	Sound	0	6492053	12000	3			12000		other	0
1	660	Sound	std	6498793	0	3			0		other	0
1	661	Sound	std	6504763	0	3			0		other	0
1	662	Sound	std	6511844	0	2			0		other	0
1	663	Sound	std	6519093	0	3			0		other	0
1	664	Sound	std	6525603	0	2			0		other	0
1	665	Sound	std	6532623	0	3			0		other	0
1	666	Sound	std	6538633	0	3			0		other	0
1	667	Sound	std	6544503	0	2			0		other	0
1	668	Sound	std	6551263	0	3			0		other	0
1	669	Sound	deviant_rise	6557843	0	3			0		other	0
1	669	Sound	0	6569843	12000	3			12000		other	0
1	670	Sound	std	6577452	0	3			0		other	0
1	671	Sound	std	6583372	0	3			0		other	0
1	672	Sound	std	6589312	0	3			0		other	0
1	673	Sound	std	6596583	0	3			0		other	0
1	674	Sound	deviant_flat	6603393	0	3			0		other	0
1	674	Sound	0	6615393	12000	3			12000		other	0
1	675	Sound	std	6621532	0	3			0		other	0
1	676	Sound	std	6627472	0	3			0		other	0
1	677	Sound	std	6634122	0	2			0		other	0
1	678	Sound	std	6641632	0	3			0		other	0
1	679	Sound	std	6648622	0	3			0		other	0
1	680	Sound	std	6655502	0	3			0		other	0
1	681	Sound	std	6661313	0	3			0		other	0
1	682	Sound	std	6668132	0	3			0		other	0
1	683	Sound	std	6674013	0	3			0		other	0
1	684	Sound	std	6680242	0	2			0		other	0
1	685	Sound	std	6687583	0	3			0		other	0
1	686	Sound	std	6693652	0	3			0		other	0
1	687	Sound	std	6701163	0	3			0		other	0
1	688	Sound	std	6707702	0	3			0		other	0
1	689	Sound	std	6713462	0	3			0		other	0
1	690	Sound	deviant_flat	6719692	0	3			0		other	0
1	690	Sound	0	6731692	12000	3			12000		other	0
1	691	Sound	std	6738192	0	3			0		other	0
1	692	Sound	deviant_fall	6745662	0	3			0		other	0
1	692	Sound	0	6757662	12000	3			12000		other	0
1	693	Sound	std	6763912	0	3			0		other	0
1	694	Sound	std	6769711	0	2			0		other	0
1	695	Sound	std	6775892	0	3			0		other	0
1	696	Sound	std	6783452	0	3			0		other	0
1	697	Sound	std	6789436	0	3			0		other	0
1	698	Sound	std	6796802	0	3			0		other	0
1	699	Sound	deviant_fall	6802852	0	2			0		other	0
1	699	Sound	0	6814852	12000	2			12000		other	0
1	700	Sound	std	6820682	0	2			0		other	0
1	701	Sound	std	6826842	0	3			0		other	0
1	702	Sound	deviant_fall	6834522	0	2			0		other	0
1	702	Sound	0	6846522	12000	2			12000		other	0
1	703	Sound	std	6853141	0	3			0		other	0
1	704	Sound	std	6860672	0	3			0		other	0
1	705	Sound	deviant_flat	6867492	0	3			0		other	0
1	705	Sound	0	6879492	12000	3			12000		other	0
1	706	Sound	std	6885393	0	2			0		other	0
1	707	Sound	deviant_flat	6892921	0	2			0		other	0
1	707	Sound	0	6904921	12000	3			12000		other	0
1	708	Sound	std	6911491	0	2			0		other	0
1	709	Sound	std	6917541	0	3			0		other	0
1	710	Sound	std	6924241	0	2			0		other	0
1	711	Sound	deviant_rise	6930872	0	3			0		other	0
1	711	Sound	0	6942872	12000	2			12000		other	0
1	712	Sound	deviant_rise	6949951	0	3			0		other	0
1	712	Sound	0	6961951	12000	3			12000		other	0
1	713	Sound	std	6968071	0	2			0		other	0
1	714	Sound	std	6974251	0	3			0		other	0
1	715	Sound	deviant_flat	6981522	0	3			0		other	0
1	715	Sound	0	6993522	12000	3			12000		other	0
1	716	Sound	deviant_flat	7000682	0	3			0		other	0
1	716	Sound	0	7012682	12000	3			12000		other	0
1	717	Sound	deviant_fall	7019542	0	2			0		other	0
1	717	Sound	0	7031542	12000	3			12000		other	0
1	718	Sound	std	7038832	0	3			0		other	0
1	719	Sound	deviant_rise	7046111	0	3			0		other	0
1	719	Sound	0	7058111	12000	2			12000		other	0
1	720	Sound	std	7064662	0	5			0		other	0
1	721	Sound	std	7071951	0	2			0		other	0
1	722	Sound	std	7079672	0	3			0		other	0
1	723	Sound	std	7087282	0	3			0		other	0
1	724	Sound	deviant_rise	7094611	0	3			0		other	0
1	724	Sound	0	7106611	12000	3			12000		other	0
1	725	Sound	std	7113351	0	3			0		other	0
1	726	Sound	std	7119812	0	3			0		other	0
1	727	Sound	std	7127002	0	3			0		other	0
1	728	Sound	std	7134621	0	3			0		other	0
1	729	Sound	std	7141972	0	3			0		other	0
1	730	Sound	deviant_rise	7148832	0	3			0		other	0
1	730	Sound	0	7160832	12000	3			12000		other	0
1	731	Sound	std	7167532	0	2			0		other	0
1	732	Sound	deviant_flat	7173952	0	3			0		other	0
1	732	Sound	0	7185952	12000	3			12000		other	0
1	733	Sound	std	7192222	0	3			0		other	0
1	734	Sound	std	7199652	0	3			0		other	0
1	735	Sound	deviant_flat	7206922	0	3			0		other	0
1	735	Sound	0	7218922	12000	3			12000		other	0
1	736	Sound	deviant_fall	7225882	0	4			0		other	0
1	736	Sound	0	7237882	12000	3			12000		other	0
1	737	Sound	std	7243632	0	3			0		other	0
1	738	Sound	std	7251082	0	3			0		other	0
1	739	Sound	std	7258561	0	3			0		other	0
1	740	Sound	std	7265892	0	3			0		other	0
1	741	Sound	std	7271872	0	3			0		other	0
1	742	Sound	std	7278332	0	3			0		other	0
1	743	Sound	deviant_flat	7285671	0	3			0		other	0
1	743	Sound	0	7297671	12000	3			12000		other	0
1	744	Sound	deviant_flat	7304541	0	3			0		other	0
1	744	Sound	0	7316541	12000	3			12000		other	0
1	745	Sound	std	7323732	0	3			0		other	0
1	746	Sound	std	7330642	0	2			0		other	0
1	747	Sound	deviant_rise	7338211	0	2			0		other	0
1	747	Sound	0	7350211	12000	3			12000		other	0
1	748	Sound	deviant_fall	7357372	0	3			0		other	0
1	748	Sound	0	7369372	12000	3			12000		other	0
1	749	Sound	std	7377131	0	3			0		other	0
1	750	Sound	std	7384891	0	3			0		other	0
1	751	Sound	std	7390871	0	3			0		other	0
1	752	Sound	deviant_rise	7396781	0	2			0		other	0
1	752	Sound	0	7408781	12000	3			12000		other	0
1	753	Sound	std	7416171	0	3			0		other	0
1	754	Sound	deviant_fall	7422732	0	3			0		other	0
1	754	Sound	0	7434732	12000	3			12000		other	0
1	755	Sound	std	7441451	0	3			0		other	0
1	756	Sound	deviant_flat	7448471	0	3			0		other	0
1	756	Sound	0	7460471	12000	3			12000		other	0
1	757	Sound	deviant_fall	7466833	0	3			0		other	0
1	757	Sound	0	7478833	12000	3			12000		other	0
1	758	Sound	std	7484722	0	2			0		other	0
1	759	Sound	deviant_rise	7490651	0	3			0		other	0
1	759	Sound	0	7502651	12000	3			12000		other	0
1	760	Sound	std	7509122	0	3			0		other	0
1	761	Sound	std	7516032	0	3			0		other	0
1	762	Sound	std	7523611	0	3			0		other	0
1	763	Sound	std	7529421	0	2			0		other	0
1	764	Sound	std	7536851	0	3			0		other	0
1	765	Sound	std	7544611	0	3			0		other	0
1	766	Sound	deviant_rise	7551591	0	3			0		other	0
1	766	Sound	0	7563591	12000	3			12000		other	0
1	767	Sound	std	7569591	0	3			0		other	0
1	768	Sound	std	7576831	0	3			0		other	0
1	769	Sound	std	7583771	0	3			0		other	0
1	770	Sound	std	7589962	0	3			0		other	0
1	771	Sound	std	7595841	0	3			0		other	0
1	772	Sound	std	7602732	0	3			0		other	0
1	773	Sound	std	7609291	0	3			0		other	0
1	774	Sound	std	7615541	0	14			0		other	0
1	775	Sound	deviant_rise	7622621	0	3			0		other	0
1	775	Sound	0	7634621	12000	3			12000		other	0
1	776	Sound	std	7640941	0	3			0		other	0
1	777	Sound	std	7646911	0	3			0		other	0
1	778	Sound	deviant_rise	7653392	0	3			0		other	0
1	778	Sound	0	7665392	12000	3			12000		other	0
1	779	Sound	std	7671992	0	3			0		other	0
1	780	Sound	deviant_fall	7678071	0	3			0		other	0
1	780	Sound	0	7690071	12000	2			12000		other	0
1	781	Sound	std	7696621	0	3			0		other	0
1	782	Sound	deviant_fall	7703041	0	3			0		other	0
1	782	Sound	0	7715041	12000	3			12000		other	0
1	783	Sound	deviant_fall	7722121	0	3			0		other	0
1	783	Sound	0	7734121	12000	3			12000		other	0
1	784	Sound	std	7740481	0	3			0		other	0
1	785	Sound	std	7747672	0	3			0		other	0
1	786	Sound	deviant_rise	7753722	0	3			0		other	0
1	786	Sound	0	7765722	12000	3			12000		other	0
1	787	Sound	deviant_flat	7771811	0	3			0		other	0
1	787	Sound	0	7783811	12000	3			12000		other	0
1	788	Sound	deviant_rise	7790681	0	3			0		other	0
1	788	Sound	0	7802681	12000	3			12000		other	0
1	789	Sound	std	7808480	0	3			0		other	0
1	790	Sound	std	7815230	0	3			0		other	0
1	791	Sound	std	7822021	0	3			0		other	0
1	792	Sound	deviant_fall	7828542	0	3			0		other	0
1	792	Sound	0	7840542	12000	3			12000		other	0
1	793	Sound	std	7846451	0	2			0		other	0
1	794	Sound	std	7853420	0	2			0		other	0
1	795	Sound	std	7860220	0	3			0		other	0
1	796	Sound	std	7866791	0	3			0		other	0
1	797	Sound	std	7873310	0	2			0		other	0
1	798	Sound	deviant_fall	7879151	0	3			0		other	0
1	798	Sound	0	7891151	12000	2			12000		other	0
1	799	Sound	std	7897001	0	2			0		other	0
1	800	Sound	deviant_flat	7903981	0	3			0		other	0
1	800	Sound	0	7915981	12000	2			12000		other	0
1	801	Sound	deviant_fall	7921791	0	2			0		other	0
1	801	Sound	0	7933791	12000	2			12000		other	0
1	802	Sound	std	7940500	0	3			0		other	0
1	803	Sound	std	7947380	0	2			0		other	0
1	804	Sound	std	7953910	0	2			0		other	0
1	805	Sound	std	7961362	0	2			0		other	0
1	806	Sound	std	7967541	0	2			0		other	0
1	807	Sound	std	7974390	0	2			0		other	0
1	808	Sound	std	7981681	0	2			0		other	0
1	809	Sound	std	7987460	0	2			0		other	0
1	810	Sound	std	7993611	0	3			0		other	0
1	811	Sound	std	7999330	0	2			0		other	0
1	812	Sound	deviant_rise	8006170	0	12			0		other	0
1	812	Sound	0	8018170	12000	3			12000		other	0
1	813	Sound	std	8025471	0	3			0		other	0
1	814	Sound	std	8032217	0	3			0		other	0
1	815	Sound	std	8038060	0	2			0		other	0
1	816	Sound	std	8045141	0	3			0		other	0
1	817	Sound	deviant_flat	8052420	0	3			0		other	0
1	817	Sound	0	8064420	12000	3			12000		other	0
1	818	Sound	std	8070400	0	3			0		other	0
1	819	Sound	std	8076380	0	2			0		other	0
1	820	Sound	std	8082201	0	3			0		other	0
1	821	Sound	std	8088593	0	2			0		other	0
1	822	Sound	std	8094460	0	2			0		other	0
1	823	Sound	deviant_rise	8101880	0	2			0		other	0
1	823	Sound	0	8113880	12000	3			12000		other	0
1	824	Sound	std	8120720	0	3			0		other	0
1	825	Sound	std	8127750	0	2			0		other	0
1	826	Sound	std	8134171	0	2			0		other	0
1	827	Sound	deviant_fall	8141080	0	2			0		other	0
1	827	Sound	0	8153080	12000	3			12000		other	0
1	828	Sound	std	8158940	0	2			0		other	0
1	829	Sound	std	8166441	0	3			0		other	0
1	830	Sound	std	8173320	0	3			0		other	0
1	831	Sound	std	8179049	0	3			0		other	0
1	832	Sound	std	8186311	0	3			0		other	0
1	833	Sound	deviant_rise	8193760	0	3			0		other	0
1	833	Sound	0	8205760	12000	3			12000		other	0
1	834	Sound	deviant_flat	8213072	0	3			0		other	0
1	834	Sound	0	8225072	12000	2			12000		other	0
1	835	Sound	deviant_rise	8231390	0	2			0		other	0
1	835	Sound	0	8243390	12000	2			12000		other	0
1	836	Sound	std	8250170	0	3			0		other	0
1	837	Sound	std	8256149	0	3			0		other	0
1	838	Sound	std	8262461	0	3			0		other	0
1	839	Sound	std	8269900	0	3			0		other	0
1	840	Sound	std	8276400	0	2			0		other	0
1	841	Sound	std	8284092	0	2			0		other	0
1	842	Sound	std	8290771	0	3			0		other	0
1	843	Sound	std	8297271	0	3			0		other	0
1	844	Sound	deviant_fall	8304050	0	3			0		other	0
1	844	Sound	0	8316050	12000	3			12000		other	0
1	845	Sound	std	8323519	0	2			0		other	0
1	846	Sound	std	8329671	0	3			0		other	0
1	847	Sound	std	8336330	0	2			0		other	0
1	848	Sound	std	8342410	0	2			0		other	0
1	849	Sound	std	8349650	0	3			0		other	0
1	850	Sound	std	8357010	0	2			0		other	0
1	851	Sound	std	8363170	0	2			0		other	0
1	852	Sound	std	8369070	0	2			0		other	0
1	853	Sound	std	8375460	0	3			0		other	0
1	854	Sound	std	8381610	0	3			0		other	0
1	855	Sound	std	8388920	0	3			0		other	0
1	856	Sound	std	8395472	0	3			0		other	0
1	857	Sound	std	8402641	0	3			0		other	0
1	858	Sound	std	8409810	0	3			0		other	0
1	859	Sound	deviant_fall	8417501	0	3			0		other	0
1	859	Sound	0	8429501	12000	3			12000		other	0
1	860	Sound	std	8435890	0	3			0		other	0
1	861	Sound	std	8441730	0	3			0		other	0
1	862	Sound	std	8449390	0	2			0		other	0
1	863	Sound	std	8456760	0	3			0		other	0
1	864	Sound	std	8464090	0	3			0		other	0
1	865	Sound	std	8470770	0	3			0		other	0
1	866	Sound	std	8476650	0	3			0		other	0
1	867	Sound	std	8482459	0	3			0		other	0
1	868	Sound	std	8488600	0	2			0		other	0
1	869	Sound	deviant_flat	8494860	0	2			0		other	0
1	869	Sound	0	8506860	12000	3			12000		other	0
1	870	Sound	std	8513490	0	3			0		other	0
1	871	Sound	std	8519940	0	3			0		other	0
1	872	Sound	deviant_fall	8527510	0	3			0		other	0
1	872	Sound	0	8539510	12000	3			12000		other	0
1	873	Sound	std	8546580	0	3			0		other	0
1	874	Sound	deviant_rise	8553480	0	3			0		other	0
1	874	Sound	0	8565480	12000	2			12000		other	0
1	875	Sound	deviant_rise	8571980	0	3			0		other	0
1	875	Sound	0	8583980	12000	3			12000		other	0
1	876	Sound	deviant_flat	8591210	0	3			0		other	0
1	876	Sound	0	8603210	12000	2			12000		other	0
1	877	Sound	std	8610749	0	2			0		other	0
1	878	Sound	std	8618100	0	3			0		other	0
1	879	Sound	deviant_flat	8623860	0	3			0		other	0
1	879	Sound	0	8635860	12000	2			12000		other	0
1	880	Sound	std	8642969	0	3			0		other	0
1	881	Sound	std	8649049	0	3			0		other	0
1	882	Sound	deviant_fall	8656081	0	3			0		other	0
1	882	Sound	0	8668081	12000	3			12000		other	0
1	883	Sound	deviant_fall	8674770	0	3			0		other	0
1	883	Sound	0	8686770	12000	3			12000		other	0
1	884	Sound	std	8693540	0	3			0		other	0
1	885	Sound	deviant_flat	8701289	0	2			0		other	0
1	885	Sound	0	8713289	12000	3			12000		other	0
1	886	Sound	std	8719829	0	4			0		other	0
1	887	Sound	std	8726800	0	3			0		other	0
1	888	Sound	deviant_flat	8734120	0	3			0		other	0
1	888	Sound	0	8746120	12000	3			12000		other	0
1	889	Sound	std	8752690	0	3			0		other	0
1	890	Sound	std	8759890	0	3			0		other	0
1	891	Sound	std	8766630	0	3			0		other	0
1	892	Sound	deviant_fall	8772520	0	3			0		other	0
1	892	Sound	0	8784520	12000	3			12000		other	0
1	893	Sound	std	8791180	0	3			0		other	0
1	894	Sound	std	8797280	0	3			0		other	0
1	895	Sound	deviant_rise	8804199	0	3			0		other	0
1	895	Sound	0	8816199	12000	3			12000		other	0
1	896	Sound	std	8822460	0	3			0		other	0
1	897	Sound	deviant_rise	8830140	0	2			0		other	0
1	897	Sound	0	8842140	12000	3			12000		other	0
1	898	Sound	std	8848748	0	8			0		other	0
1	899	Sound	std	8855539	0	2			0		other	0
1	900	Sound	std	8861809	0	3			0		other	0
1	901	Sound	std	8867950	0	3			0		other	0
1	902	Sound	std	8874080	0	3			0		other	0
1	903	Sound	std	8881800	0	3			0		other	0
1	904	Sound	std	8889470	0	3			0		other	0
1	905	Sound	std	8895949	0	3			0		other	0
1	906	Sound	deviant_flat	8901850	0	3			0		other	0
1	906	Sound	0	8913850	12000	3			12000		other	0
1	907	Sound	deviant_flat	8921469	0	2			0		other	0
1	907	Sound	0	8933469	12000	3			12000		other	0
1	908	Sound	std	8941099	0	2			0		other	0
1	909	Sound	std	8946851	0	3			0		other	0
1	910	Sound	std	8954619	0	3			0		other	0
1	911	Sound	deviant_flat	8961550	0	2			0		other	0
1	911	Sound	0	8973550	12000	2			12000		other	0
1	912	Sound	deviant_flat	8980479	0	3			0		other	0
1	912	Sound	0	8992479	12000	3			12000		other	0
1	913	Sound	std	8999879	0	3			0		other	0
1	914	Sound	std	9005799	0	3			0		other	0
1	915	Sound	std	9011950	0	2			0		other	0
1	916	Sound	std	9018970	0	3			0		other	0
1	917	Sound	std	9026130	0	3			0		other	0
1	918	Sound	std	9032569	0	2			0		other	0
1	919	Sound	std	9038739	0	2			0		other	0
1	920	Sound	std	9045300	0	3			0		other	0
1	921	Sound	std	9051240	0	3			0		other	0
1	922	Sound	std	9058100	0	5			0		other	0
1	923	Sound	deviant_fall	9064240	0	2			0		other	0
1	923	Sound	0	9076240	12000	3			12000		other	0
1	924	Sound	deviant_rise	9083949	0	3			0		other	0
1	924	Sound	0	9095949	12000	2			12000		other	0
1	925	Sound	deviant_fall	9102680	0	2			0		other	0
1	925	Sound	0	9114680	12000	3			12000		other	0
1	926	Sound	std	9120830	0	3			0		other	0
1	927	Sound	std	9127479	0	3			0		other	0
1	928	Sound	std	9133741	0	2			0		other	0
1	929	Sound	std	9141529	0	2			0		other	0
1	930	Sound	std	9147919	0	2			0		other	0
1	931	Sound	std	9154199	0	3			0		other	0
1	932	Sound	std	9160859	0	2			0		other	0
1	933	Sound	deviant_flat	9167759	0	3			0		other	0
1	933	Sound	0	9179759	12000	3			12000		other	0
1	934	Sound	std	9185769	0	3			0		other	0
1	935	Sound	deviant_flat	9192080	0	3			0		other	0
1	935	Sound	0	9204080	12000	3			12000		other	0
1	936	Sound	std	9210389	0	2			0		other	0
1	937	Sound	std	9217559	0	3			0		other	0
1	938	Sound	std	9223822	0	3			0		other	0
1	939	Sound	std	9230779	0	2			0		other	0
1	940	Sound	std	9237559	0	3			0		other	0
1	941	Sound	std	9244797	0	3			0		other	0
1	942	Sound	std	9250949	0	3			0		other	0
1	943	Sound	deviant_flat	9257469	0	2			0		other	0
1	943	Sound	0	9269469	12000	3			12000		other	0
1	944	Sound	std	9275509	0	2			0		other	0
1	945	Sound	std	9281519	0	3			0		other	0
1	946	Sound	deviant_fall	9288229	0	3			0		other	0
1	946	Sound	0	9300229	12000	3			12000		other	0
1	947	Sound	std	9308029	0	2			0		other	0
1	948	Sound	std	9314719	0	3			0		other	0
1	949	Sound	std	9321659	0	2			0		other	0
1	950	Sound	deviant_rise	9327468	0	3			0		other	0
1	950	Sound	0	9339468	12000	2			12000		other	0
1	951	Sound	std	9346718	0	2			0		other	0
1	952	Sound	deviant_fall	9353799	0	3			0		other	0
1	952	Sound	0	9365799	12000	3			12000		other	0
1	953	Sound	std	9372878	0	3			0		other	0
1	954	Sound	std	9379539	0	3			0		other	0
1	955	Sound	std	9387159	0	3			0		other	0
1	956	Sound	std	9394119	0	3			0		other	0
1	957	Response	1	19058006	9662957	5


Event Type	Code	Type	Response	RT	RT Uncertainty	Time	Uncertainty	Duration	Uncertainty	ReqTime	ReqDur

Sound	std	other				109234	2414			0
Sound	std	other				118520	3			0
Sound	std	other				126140	3			0
Sound	std	other				131960	2			0
Sound	std	other				138690	3			0
Sound	std	other				145941	3			0
Sound	std	other				152050	3			0
Sound	std	other				159161	3			0
Sound	std	other				165910	3			0
Sound	std	other				173131	2			0
Sound	std	other				179040	3			0
Sound	deviant_rise	other				185940	3			0
Sound	0	other				197940	3			12000
Sound	std	other				204611	3			0
Sound	deviant_fall	other				210610	3			0
Sound	0	other				222610	3			12000
Sound	std	other				228720	3			0
Sound	std	other				234920	3			0
Sound	deviant_flat	other				241900	3			0
Sound	0	other				253900	3			12000
Sound	std	other				261190	3			0
Sound	std	other				267001	3			0
Sound	std	other				273770	3			0
Sound	deviant_flat	other				280740	3			0
Sound	0	other				292740	3			12000
Sound	deviant_flat	other				299560	3			0
Sound	0	other				311560	3			12000
Sound	deviant_rise	other				318050	3			0
Sound	0	other				330050	3			12000
Sound	deviant_rise	other				336860	3			0
Sound	0	other				348860	3			12000
Sound	deviant_rise	other				356640	3			0
Sound	0	other				368640	4			12000
Sound	std	other				375481	3			0
Sound	std	other				381870	3			0
Sound	std	other				388810	3			0
Sound	deviant_rise	other				396390	3			0
Sound	0	other				408390	3			12000
Sound	deviant_fall	other				415510	3			0
Sound	0	other				427510	3			12000
Sound	std	other				433970	3			0
Sound	std	other				440039	3			0
Sound	std	other				445920	3			0
Sound	deviant_fall	other				452920	3			0
Sound	0	other				464920	3			12000
Sound	std	other				471109	3			0
Sound	deviant_rise	other				477980	3			0
Sound	0	other				489980	3			12000
Sound	std	other				496370	3			0
Sound	std	other				503669	3			0
Sound	std	other				510679	3			0
Sound	std	other				517110	3			0
Sound	deviant_rise	other				524491	3			0
Sound	0	other				536491	3			12000
Sound	std	other				543140	3			0
Sound	std	other				549120	3			0
Sound	deviant_rise	other				556209	3			0
Sound	0	other				568209	3			12000
Sound	std	other				575860	3			0
Sound	std	other				582260	3			0
Sound	std	other				588080	3			0
Sound	std	other				595389	3			0
Sound	std	other				601460	3			0
Sound	deviant_fall	other				607819	3			0
Sound	0	other				619819	3			12000
Sound	std	other				625709	3			0
Sound	std	other				632180	3			0
Sound	std	other				639730	3			0
Sound	std	other				646109	3			0
Sound	deviant_rise	other				653099	3			0
Sound	0	other				665099	3			12000
Sound	std	other				671949	2			0
Sound	std	other				677759	3			0
Sound	std	other				685140	3			0
Sound	deviant_fall	other				692299	3			0
Sound	0	other				704299	3			12000
Sound	std	other				710899	3			0
Sound	deviant_flat	other				716819	3			0
Sound	0	other				728819	3			12000
Sound	std	other				736360	3			0
Sound	std	other				743239	2			0
Sound	std	other				750269	3			0
Sound	std	other				756959	3			0
Sound	std	other				764559	3			0
Sound	deviant_rise	other				771499	3			0
Sound	0	other				783499	3			12000
Sound	deviant_flat	other				790539	3			0
Sound	0	other				802539	3			12000
Sound	std	other				810120	3			0
Sound	deviant_flat	other				816949	3			0
Sound	0	other				828949	2			12000
Sound	std	other				836430	3			0
Sound	std	other				843879	3			0
Sound	std	other				850149	3			0
Sound	std	other				856449	3			0
Sound	std	other				862969	3			0
Sound	std	other				870459	3			0
Sound	std	other				877881	3			0
Sound	std	other				884959	2			0
Sound	std	other				892439	2			0
Sound	std	other				898290	3			0
Sound	std	other				904219	2			0
Sound	std	other				911000	2			0
Sound	std	other				918278	3			0
Sound	std	other				924300	3			0
Sound	std	other				931240	2			0
Sound	deviant_rise	other				938839	2			0
Sound	0	other				950839	2			12000
Sound	deviant_flat	other				958009	2			0
Sound	0	other				970009	3			12000
Sound	std	other				975979	3			0
Sound	std	other				982349	3			0
Sound	deviant_fall	other				990139	2			0
Sound	0	other				1002139	3			12000
Sound	std	other				1008559	3			0
Sound	std	other				1015939	3			0
Sound	std	other				1023159	3			0
Sound	std	other				1030050	3			0
Sound	deviant_fall	other				1035859	3			0
Sound	0	other				1047859	3			12000
Sound	deviant_rise	other				1054319	3			0
Sound	0	other				1066319	3			12000
Sound	std	other				1072929	3			0
Sound	std	other				1079861	3			0
Sound	deviant_rise	other				1086859	3			0
Sound	0	other				1098859	3			12000
Sound	std	other				1106309	3			0
Sound	std	other				1113199	4			0
Sound	std	other				1119459	3			0
Sound	std	other				1125279	3			0
Sound	std	other				1132949	3			0
Sound	std	other				1140629	3			0
Sound	std	other				1147239	3			0
Sound	std	other				1154838	2			0
Sound	std	other				1160689	2			0
Sound	std	other				1167819	2			0
Sound	std	other				1174338	3			0
Sound	deviant_flat	other				1181248	3			0
Sound	0	other				1193248	3			12000
Sound	std	other				1199949	3			0
Sound	deviant_rise	other				1207458	3			0
Sound	0	other				1219458	3			12000
Sound	std	other				1226469	2			0
Sound	std	other				1232519	3			0
Sound	std	other				1238258	3			0
Sound	deviant_fall	other				1245421	3			0
Sound	0	other				1257421	3			12000
Sound	std	other				1264589	3			0
Sound	std	other				1270368	3			0
Sound	std	other				1276969	3			0
Sound	std	other				1283459	2			0
Sound	std	other				1291209	3			0
Sound	std	other				1297429	3			0
Sound	std	other				1304298	3			0
Sound	std	other				1311219	3			0
Sound	std	other				1317599	3			0
Sound	std	other				1324978	3			0
Sound	deviant_flat	other				1331208	3			0
Sound	0	other				1343208	3			12000
Sound	std	other				1349059	3			0
Sound	std	other				1355349	3			0
Sound	deviant_rise	other				1361309	3			0
Sound	0	other				1373309	3			12000
Sound	std	other				1379118	3			0
Sound	std	other				1385779	3			0
Sound	deviant_fall	other				1391630	3			0
Sound	0	other				1403630	3			12000
Sound	std	other				1410579	3			0
Sound	std	other				1416908	3			0
Sound	deviant_rise	other				1424479	3			0
Sound	0	other				1436479	3			12000
Sound	std	other				1442399	3			0
Sound	std	other				1449848	3			0
Sound	std	other				1456079	3			0
Sound	std	other				1461939	3			0
Sound	deviant_flat	other				1467819	3			0
Sound	0	other				1479819	3			12000
Sound	std	other				1486808	3			0
Sound	std	other				1494079	3			0
Sound	std	other				1500430	3			0
Sound	std	other				1507569	3			0
Sound	std	other				1513480	3			0
Sound	std	other				1519840	3			0
Sound	std	other				1526099	2			0
Sound	deviant_flat	other				1533088	3			0
Sound	0	other				1545088	3			12000
Sound	deviant_rise	other				1552277	3			0
Sound	0	other				1564277	3			12000
Sound	std	other				1571639	3			0
Sound	std	other				1578929	3			0
Sound	std	other				1586389	3			0
Sound	std	other				1592868	3			0
Sound	std	other				1599948	4			0
Sound	deviant_fall	other				1606279	3			0
Sound	0	other				1618279	3			12000
Sound	std	other				1624858	3			0
Sound	std	other				1630749	3			0
Sound	std	other				1637378	3			0
Sound	std	other				1643228	3			0
Sound	std	other				1650449	3			0
Sound	std	other				1658048	3			0
Sound	deviant_rise	other				1664418	3			0
Sound	0	other				1676418	3			12000
Sound	deviant_flat	other				1683388	3			0
Sound	0	other				1695388	3			12000
Sound	std	other				1702846	2			0
Sound	std	other				1709888	3			0
Sound	std	other				1715750	2			0
Sound	std	other				1722048	2			0
Sound	std	other				1728938	3			0
Sound	std	other				1736639	3			0
Sound	std	other				1743528	2			0
Sound	std	other				1751178	3			0
Sound	deviant_rise	other				1757100	2			0
Sound	0	other				1769100	2			12000
Sound	std	other				1775418	2			0
Sound	std	other				1782908	2			0
Sound	std	other				1788778	3			0
Sound	std	other				1795818	2			0
Sound	std	other				1803008	3			0
Sound	deviant_fall	other				1810208	2			0
Sound	0	other				1822208	3			12000
Sound	std	other				1829317	3			0
Sound	deviant_rise	other				1835118	2			0
Sound	0	other				1847118	3			12000
Sound	std	other				1853558	3			0
Sound	std	other				1860258	3			0
Sound	std	other				1867728	3			0
Sound	std	other				1874937	3			0
Sound	deviant_fall	other				1880738	3			0
Sound	0	other				1892738	2			12000
Sound	std	other				1898747	3			0
Sound	deviant_flat	other				1904707	2			0
Sound	0	other				1916707	2			12000
Sound	deviant_flat	other				1923417	3			0
Sound	0	other				1935417	2			12000
Sound	std	other				1942318	3			0
Sound	deviant_flat	other				1948141	2			0
Sound	0	other				1960141	3			12000
Sound	std	other				1966587	3			0
Sound	std	other				1972668	3			0
Sound	std	other				1979017	2			0
Sound	std	other				1984978	3			0
Sound	std	other				1992217	2			0
Sound	std	other				1999517	3			0
Sound	std	other				2006687	9			0
Sound	std	other				2012877	3			0
Sound	std	other				2018758	2			0
Sound	std	other				2026047	3			0
Sound	deviant_rise	other				2032098	2			0
Sound	0	other				2044098	3			12000
Sound	std	other				2051678	3			0
Sound	std	other				2057948	2			0
Sound	std	other				2064408	3			0
Sound	std	other				2071527	3			0
Sound	deviant_rise	other				2077357	3			0
Sound	0	other				2089357	2			12000
Sound	std	other				2095958	2			0
Sound	std	other				2102657	3			0
Sound	std	other				2109408	2			0
Sound	std	other				2115427	3			0
Sound	deviant_flat	other				2121368	2			0
Sound	0	other				2133368	3			12000
Sound	std	other				2139588	3			0
Sound	std	other				2146368	2			0
Sound	deviant_rise	other				2153828	3			0
Sound	0	other				2165828	2			12000
Sound	std	other				2172848	2			0
Sound	std	other				2180068	3			0
Sound	std	other				2186678	3			0
Sound	std	other				2193556	2			0
Sound	std	other				2199417	3			0
Sound	std	other				2206588	3			0
Sound	std	other				2213578	3			0
Sound	deviant_fall	other				2221328	2			0
Sound	0	other				2233328	3			12000
Sound	deviant_fall	other				2239917	3			0
Sound	0	other				2251917	2			12000
Sound	deviant_rise	other				2258667	3			0
Sound	0	other				2270667	2			12000
Sound	std	other				2277148	2			0
Sound	std	other				2284277	2			0
Sound	std	other				2290707	2			0
Sound	std	other				2296799	2			0
Sound	std	other				2303447	3			0
Sound	std	other				2309417	2			0
Sound	std	other				2317118	2			0
Sound	std	other				2323258	3			0
Sound	std	other				2329488	3			0
Sound	std	other				2336766	3			0
Sound	deviant_fall	other				2342537	2			0
Sound	0	other				2354537	3			12000
Sound	std	other				2361677	2			0
Sound	std	other				2368518	3			0
Sound	deviant_flat	other				2376168	3			0
Sound	0	other				2388168	2			12000
Sound	std	other				2395658	3			0
Sound	std	other				2403207	4			0
Sound	std	other				2409018	3			0
Sound	deviant_fall	other				2415357	3			0
Sound	0	other				2427357	2			12000
Sound	std	other				2434329	3			0
Sound	std	other				2441098	3			0
Sound	deviant_rise	other				2448227	3			0
Sound	0	other				2460227	2			12000
Sound	std	other				2466127	2			0
Sound	std	other				2472728	3			0
Sound	std	other				2479007	3			0
Sound	std	other				2485688	2			0
Sound	std	other				2492078	3			0
Sound	std	other				2499837	2			0
Sound	deviant_flat	other				2505588	2			0
Sound	0	other				2517588	3			12000
Sound	std	other				2524117	3			0
Sound	std	other				2531188	3			0
Sound	std	other				2537797	3			0
Sound	deviant_rise	other				2545077	3			0
Sound	0	other				2557077	2			12000
Sound	deviant_fall	other				2564026	3			0
Sound	0	other				2576026	3			12000
Sound	std	other				2581887	3			0
Sound	deviant_flat	other				2588847	3			0
Sound	0	other				2600847	3			12000
Sound	std	other				2607487	3			0
Sound	std	other				2614418	3			0
Sound	std	other				2620487	3			0
Sound	std	other				2627287	3			0
Sound	deviant_rise	other				2634547	2			0
Sound	0	other				2646547	3			12000
Sound	std	other				2653787	3			0
Sound	std	other				2659617	3			0
Sound	std	other				2666076	3			0
Sound	deviant_rise	other				2673436	3			0
Sound	0	other				2685436	3			12000
Sound	std	other				2692736	2			0
Sound	std	other				2698758	3			0
Sound	deviant_fall	other				2705767	3			0
Sound	0	other				2717767	3			12000
Sound	deviant_rise	other				2724137	3			0
Sound	0	other				2736137	3			12000
Sound	std	other				2742347	3			0
Sound	deviant_rise	other				2748197	2			0
Sound	0	other				2760197	3			12000
Sound	std	other				2766237	3			0
Sound	deviant_fall	other				2772327	2			0
Sound	0	other				2784327	3			12000
Sound	std	other				2791967	2			0
Sound	std	other				2798257	3			0
Sound	std	other				2804256	2			0
Sound	std	other				2811437	2			0
Sound	deviant_fall	other				2819008	2			0
Sound	0	other				2831008	3			12000
Sound	std	other				2836896	2			0
Sound	deviant_rise	other				2842877	3			0
Sound	0	other				2854877	3			12000
Sound	deviant_flat	other				2860636	3			0
Sound	0	other				2872636	2			12000
Sound	std	other				2878868	2			0
Sound	deviant_fall	other				2884956	3			0
Sound	0	other				2896956	2			12000
Sound	std	other				2904607	3			0
Sound	deviant_rise	other				2912246	2			0
Sound	0	other				2924246	3			12000
Sound	deviant_flat	other				2931526	3			0
Sound	0	other				2943526	3			12000
Sound	std	other				2949537	2			0
Sound	std	other				2956886	3			0
Sound	std	other				2964357	3			0
Sound	std	other				2971817	3			0
Sound	std	other				2978676	3			0
Sound	std	other				2984607	3			0
Sound	std	other				2991546	3			0
Sound	std	other				2997757	3			0
Sound	std	other				3003558	3			0
Sound	std	other				3010277	3			0
Sound	std	other				3017247	3			0
Sound	std	other				3024986	3			0
Sound	std	other				3030877	3			0
Sound	deviant_rise	other				3038547	3			0
Sound	0	other				3050547	3			12000
Sound	std	other				3058277	3			0
Sound	std	other				3065477	3			0
Sound	std	other				3071417	3			0
Sound	std	other				3077727	3			0
Sound	std	other				3085267	3			0
Sound	std	other				3092477	3			0
Sound	deviant_fall	other				3098947	2			0
Sound	0	other				3110947	3			12000
Sound	deviant_fall	other				3118367	7			0
Sound	0	other				3130367	2			12000
Sound	deviant_rise	other				3138076	3			0
Sound	0	other				3150076	2			12000
Sound	std	other				3156536	2			0
Sound	deviant_fall	other				3163377	3			0
Sound	0	other				3175377	3			12000
Sound	std	other				3183046	3			0
Sound	std	other				3190487	3			0
Sound	std	other				3197826	3			0
Sound	std	other				3203947	3			0
Sound	std	other				3211016	3			0
Sound	std	other				3218726	3			0
Sound	std	other				3225716	2			0
Sound	std	other				3231796	2			0
Sound	std	other				3238096	3			0
Sound	std	other				3245095	3			0
Sound	std	other				3251227	3			0
Sound	std	other				3257316	3			0
Sound	std	other				3264255	2			0
Sound	std	other				3270686	6			0
Sound	std	other				3277048	3			0
Sound	std	other				3283116	3			0
Sound	std	other				3290067	3			0
Sound	deviant_rise	other				3297477	3			0
Sound	0	other				3309477	2			12000
Sound	std	other				3315406	3			0
Sound	std	other				3322107	3			0
Sound	deviant_flat	other				3328126	3			0
Sound	0	other				3340126	3			12000
Sound	std	other				3346816	2			0
Sound	std	other				3353376	3			0
Sound	std	other				3360827	3			0
Sound	std	other				3368336	2			0
Sound	std	other				3374736	3			0
Sound	std	other				3380558	3			0
Sound	std	other				3386446	3			0
Sound	std	other				3392756	3			0
Sound	std	other				3400237	3			0
Sound	std	other				3407347	3			0
Sound	std	other				3414097	3			0
Sound	std	other				3421016	3			0
Sound	std	other				3428237	3			0
Sound	std	other				3434275	2			0
Sound	std	other				3441147	2			0
Sound	std	other				3447166	3			0
Sound	deviant_fall	other				3454407	3			0
Sound	0	other				3466407	3			12000
Sound	std	other				3473836	3			0
Sound	std	other				3480426	2			0
Sound	std	other				3486566	3			0
Sound	deviant_flat	other				3493657	3			0
Sound	0	other				3505657	2			12000
Sound	std	other				3512396	3			0
Sound	std	other				3519196	3			0
Sound	std	other				3525005	3			0
Sound	deviant_rise	other				3532376	3			0
Sound	0	other				3544376	3			12000
Sound	std	other				3552067	3			0
Sound	std	other				3558376	3			0
Sound	deviant_fall	other				3565176	3			0
Sound	0	other				3577176	3			12000
Sound	std	other				3584756	3			0
Sound	std	other				3592337	2			0
Sound	deviant_rise	other				3598956	3			0
Sound	0	other				3610956	2			12000
Sound	deviant_fall	other				3617435	2			0
Sound	0	other				3629435	3			12000
Sound	std	other				3637056	3			0
Sound	deviant_fall	other				3644426	3			0
Sound	0	other				3656426	3			12000
Sound	deviant_rise	other				3663396	3			0
Sound	0	other				3675396	3			12000
Sound	deviant_fall	other				3682566	3			0
Sound	0	other				3694566	3			12000
Sound	std	other				3700855	2			0
Sound	std	other				3706796	3			0
Sound	std	other				3713266	3			0
Sound	deviant_flat	other				3719456	3			0
Sound	0	other				3731456	3			12000
Sound	std	other				3739095	3			0
Sound	std	other				3746806	3			0
Sound	std	other				3754276	3			0
Sound	std	other				3761895	3			0
Sound	deviant_flat	other				3767986	3			0
Sound	0	other				3779986	3			12000
Sound	deviant_flat	other				3785946	2			0
Sound	0	other				3797946	2			12000
Sound	std	other				3804075	2			0
Sound	std	other				3811075	2			0
Sound	std	other				3817215	3			0
Sound	std	other				3823385	3			0
Sound	deviant_fall	other				3830916	3			0
Sound	0	other				3842916	3			12000
Sound	std	other				3849515	3			0
Sound	std	other				3855416	3			0
Sound	deviant_flat	other				3861605	2			0
Sound	0	other				3873605	2			12000
Sound	deviant_fall	other				3880736	2			0
Sound	0	other				3892736	2			12000
Sound	std	other				3899126	2			0
Sound	std	other				3904926	2			0
Sound	std	other				3911165	3			0
Sound	std	other				3917756	3			0
Sound	std	other				3924336	3			0
Sound	std	other				3930696	2			0
Sound	deviant_rise	other				3938236	3			0
Sound	0	other				3950236	3			12000
Sound	deviant_fall	other				3956265	2			0
Sound	0	other				3968265	3			12000
Sound	std	other				3975985	2			0
Sound	std	other				3983706	3			0
Sound	std	other				3991405	2			0
Sound	deviant_rise	other				3998945	2			0
Sound	0	other				4010945	2			12000
Sound	std	other				4017555	3			0
Sound	std	other				4025155	3			0
Sound	std	other				4032745	3			0
Sound	std	other				4039375	3			0
Sound	deviant_rise	other				4046685	3			0
Sound	0	other				4058685	3			12000
Sound	std	other				4065395	2			0
Sound	std	other				4071465	3			0
Sound	deviant_flat	other				4078535	2			0
Sound	0	other				4090535	3			12000
Sound	deviant_fall	other				4097575	2			0
Sound	0	other				4109575	3			12000
Sound	std	other				4115535	2			0
Sound	std	other				4122445	2			0
Sound	std	other				4128965	3			0
Sound	std	other				4134936	3			0
Sound	std	other				4142594	3			0
Sound	deviant_flat	other				4149495	3			0
Sound	0	other				4161495	2			12000
Sound	std	other				4167977	3			0
Sound	std	other				4174905	3			0
Sound	std	other				4182215	2			0
Sound	std	other				4189016	3			0
Sound	std	other				4195586	3			0
Sound	deviant_fall	other				4202495	3			0
Sound	0	other				4214495	3			12000
Sound	deviant_flat	other				4222196	3			0
Sound	0	other				4234196	2			12000
Sound	std	other				4240055	3			0
Sound	std	other				4247815	2			0
Sound	std	other				4255175	3			0
Sound	deviant_rise	other				4262295	4			0
Sound	0	other				4274295	3			12000
Sound	std	other				4280185	3			0
Sound	std	other				4287015	3			0
Sound	deviant_fall	other				4294106	3			0
Sound	0	other				4306106	3			12000
Sound	std	other				4313095	3			0
Sound	std	other				4320025	3			0
Sound	deviant_fall	other				4327235	3			0
Sound	0	other				4339235	2			12000
Sound	std	other				4346765	3			0
Sound	std	other				4353006	2			0
Sound	std	other				4359164	3			0
Sound	std	other				4366824	3			0
Sound	std	other				4374095	3			0
Sound	std	other				4380975	3			0
Sound	deviant_rise	other				4388575	3			0
Sound	0	other				4400575	3			12000
Sound	std	other				4407065	3			0
Sound	std	other				4414335	3			0
Sound	std	other				4421557	3			0
Sound	deviant_rise	other				4428135	2			0
Sound	0	other				4440135	3			12000
Sound	std	other				4446134	3			0
Sound	std	other				4452746	3			0
Sound	std	other				4458925	3			0
Sound	std	other				4465745	3			0
Sound	std	other				4472998	3			0
Sound	deviant_fall	other				4480455	2			0
Sound	0	other				4492455	2			12000
Sound	deviant_fall	other				4498384	3			0
Sound	0	other				4510384	3			12000
Sound	std	other				4516545	3			0
Sound	std	other				4524088	3			0
Sound	std	other				4530275	2			0
Sound	std	other				4536534	3			0
Sound	std	other				4542885	2			0
Sound	deviant_fall	other				4548835	3			0
Sound	0	other				4560835	3			12000
Sound	deviant_flat	other				4567384	3			0
Sound	0	other				4579384	2			12000
Sound	std	other				4586095	3			0
Sound	std	other				4592174	3			0
Sound	std	other				4599704	3			0
Sound	std	other				4606064	2			0
Sound	std	other				4612165	3			0
Sound	std	other				4617984	2			0
Sound	deviant_fall	other				4625694	3			0
Sound	0	other				4637694	2			12000
Sound	std	other				4644134	2			0
Sound	std	other				4651805	3			0
Sound	deviant_fall	other				4657655	3			0
Sound	0	other				4669655	3			12000
Sound	std	other				4677194	3			0
Sound	deviant_fall	other				4684084	3			0
Sound	0	other				4696084	2			12000
Sound	deviant_flat	other				4703435	2			0
Sound	0	other				4715435	3			12000
Sound	deviant_flat	other				4723164	3			0
Sound	0	other				4735164	3			12000
Sound	deviant_fall	other				4742225	3			0
Sound	0	other				4754225	3			12000
Sound	std	other				4761833	3			0
Sound	deviant_rise	other				4769325	2			0
Sound	0	other				4781325	11			12000
Sound	deviant_rise	other				4788864	3			0
Sound	0	other				4800864	2			12000
Sound	std	other				4808325	3			0
Sound	std	other				4815094	3			0
Sound	std	other				4822004	3			0
Sound	std	other				4828674	3			0
Sound	std	other				4835954	3			0
Sound	std	other				4841845	2			0
Sound	std	other				4848995	2			0
Sound	std	other				4855424	2			0
Sound	std	other				4862875	3			0
Sound	std	other				4869394	4			0
Sound	std	other				4876334	2			0
Sound	std	other				4882815	3			0
Sound	std	other				4889324	3			0
Sound	deviant_fall	other				4896354	3			0
Sound	0	other				4908354	3			12000
Sound	std	other				4915863	3			0
Sound	std	other				4922534	2			0
Sound	std	other				4929464	3			0
Sound	std	other				4937165	3			0
Sound	std	other				4943484	3			0
Sound	std	other				4949464	2			0
Sound	std	other				4957105	3			0
Sound	std	other				4963754	2			0
Sound	std	other				4971164	3			0
Sound	std	other				4977004	3			0
Sound	std	other				4982754	3			0
Sound	std	other				4988604	3			0
Sound	deviant_flat	other				4994334	3			0
Sound	0	other				5006334	3			12000
Sound	std	other				5012474	3			0
Sound	std	other				5018235	3			0
Sound	std	other				5025514	3			0
Sound	deviant_flat	other				5031944	3			0
Sound	0	other				5043944	3			12000
Sound	std	other				5051654	3			0
Sound	std	other				5058814	3			0
Sound	std	other				5064815	3			0
Sound	std	other				5070864	3			0
Sound	std	other				5077454	3			0
Sound	std	other				5084904	2			0
Sound	std	other				5090825	3			0
Sound	deviant_fall	other				5098078	3			0
Sound	0	other				5110078	3			12000
Sound	std	other				5116724	3			0
Sound	std	other				5123064	3			0
Sound	std	other				5130114	3			0
Sound	deviant_flat	other				5137054	3			0
Sound	0	other				5149054	3			12000
Sound	std	other				5155604	3			0
Sound	std	other				5162684	2			0
Sound	deviant_flat	other				5169424	3			0
Sound	0	other				5181424	3			12000
Sound	std	other				5188105	3			0
Sound	std	other				5195354	3			0
Sound	std	other				5202125	3			0
Sound	std	other				5209125	2			0
Sound	std	other				5216125	3			0
Sound	std	other				5222954	3			0
Sound	std	other				5229775	3			0
Sound	std	other				5237085	3			0
Sound	std	other				5244434	2			0
Sound	deviant_flat	other				5250725	3			0
Sound	0	other				5262725	3			12000
Sound	std	other				5269953	3			0
Sound	deviant_fall	other				5277144	2			0
Sound	0	other				5289144	2			12000
Sound	deviant_fall	other				5296084	3			0
Sound	0	other				5308084	2			12000
Sound	std	other				5313944	3			0
Sound	std	other				5321213	3			0
Sound	deviant_rise	other				5328003	3			0
Sound	0	other				5340003	3			12000
Sound	deviant_rise	other				5347504	3			0
Sound	0	other				5359504	3			12000
Sound	std	other				5366274	2			0
Sound	deviant_fall	other				5373853	2			0
Sound	0	other				5385853	3			12000
Sound	deviant_rise	other				5392723	3			0
Sound	0	other				5404723	3			12000
Sound	std	other				5411814	2			0
Sound	std	other				5418524	3			0
Sound	std	other				5426174	3			0
Sound	std	other				5433493	2			0
Sound	std	other				5439714	3			0
Sound	std	other				5445576	3			0
Sound	deviant_flat	other				5451384	2			0
Sound	0	other				5463384	3			12000
Sound	std	other				5470564	3			0
Sound	std	other				5476954	3			0
Sound	std	other				5483415	3			0
Sound	std	other				5490953	3			0
Sound	std	other				5498064	3			0
Sound	std	other				5505405	2			0
Sound	std	other				5511814	2			0
Sound	std	other				5519064	42			0
Sound	std	other				5526584	3			0
Sound	std	other				5534024	3			0
Sound	std	other				5540164	3			0
Sound	std	other				5547504	3			0
Sound	deviant_flat	other				5554344	2			0
Sound	0	other				5566344	4			12000
Sound	std	other				5573294	3			0
Sound	std	other				5579913	3			0
Sound	std	other				5586023	2			0
Sound	std	other				5593073	2			0
Sound	std	other				5600433	2			0
Sound	std	other				5607806	3			0
Sound	std	other				5615043	3			0
Sound	std	other				5622583	2			0
Sound	deviant_rise	other				5629873	3			0
Sound	0	other				5641873	2			12000
Sound	std	other				5648324	3			0
Sound	std	other				5654544	3			0
Sound	std	other				5662264	2			0
Sound	deviant_fall	other				5669663	3			0
Sound	0	other				5681663	3			12000
Sound	std	other				5689393	3			0
Sound	std	other				5696143	3			0
Sound	std	other				5702533	4			0
Sound	std	other				5708504	3			0
Sound	std	other				5714383	8			0
Sound	std	other				5721254	3			0
Sound	std	other				5728263	3			0
Sound	std	other				5735333	3			0
Sound	std	other				5742914	2			0
Sound	std	other				5750583	3			0
Sound	deviant_flat	other				5757254	3			0
Sound	0	other				5769254	3			12000
Sound	std	other				5776044	3			0
Sound	std	other				5783303	3			0
Sound	std	other				5790563	3			0
Sound	std	other				5797353	3			0
Sound	deviant_fall	other				5804543	2			0
Sound	0	other				5816543	56			12000
Sound	deviant_fall	other				5823793	3			0
Sound	0	other				5835793	3			12000
Sound	std	other				5842713	3			0
Sound	std	other				5849253	2			0
Sound	std	other				5856993	3			0
Sound	std	other				5864393	2			0
Sound	std	other				5871803	2			0
Sound	std	other				5877983	56			0
Sound	std	other				5885483	3			0
Sound	std	other				5891603	2			0
Sound	std	other				5898913	3			0
Sound	std	other				5905123	3			0
Sound	deviant_flat	other				5911274	3			0
Sound	0	other				5923274	3			12000
Sound	std	other				5930623	2			0
Sound	deviant_fall	other				5937164	3			0
Sound	0	other				5949164	3			12000
Sound	std	other				5955834	3			0
Sound	std	other				5961763	2			0
Sound	std	other				5968553	3			0
Sound	deviant_rise	other				5976313	2			0
Sound	0	other				5988313	3			12000
Sound	deviant_flat	other				5994883	2			0
Sound	0	other				6006883	3			12000
Sound	std	other				6012643	3			0
Sound	std	other				6020143	2			0
Sound	deviant_flat	other				6026513	3			0
Sound	0	other				6038513	2			12000
Sound	std	other				6045842	3			0
Sound	deviant_rise	other				6051862	3			0
Sound	0	other				6063862	3			12000
Sound	deviant_flat	other				6071073	2			0
Sound	0	other				6083073	3			12000
Sound	std	other				6090813	3			0
Sound	std	other				6097363	3			0
Sound	std	other				6104823	3			0
Sound	std	other				6110782	3			0
Sound	std	other				6116703	3			0
Sound	std	other				6122493	3			0
Sound	std	other				6128723	3			0
Sound	std	other				6135942	3			0
Sound	std	other				6143254	3			0
Sound	std	other				6149964	3			0
Sound	std	other				6157403	3			0
Sound	std	other				6163453	2			0
Sound	std	other				6169273	3			0
Sound	std	other				6176973	3			0
Sound	deviant_flat	other				6182773	3			0
Sound	0	other				6194773	3			12000
Sound	std	other				6201453	3			0
Sound	std	other				6208913	3			0
Sound	deviant_flat	other				6215723	3			0
Sound	0	other				6227723	3			12000
Sound	deviant_flat	other				6234873	3			0
Sound	0	other				6246873	3			12000
Sound	std	other				6254353	3			0
Sound	deviant_rise	other				6262013	3			0
Sound	0	other				6274013	3			12000
Sound	deviant_flat	other				6280133	3			0
Sound	0	other				6292133	3			12000
Sound	deviant_flat	other				6299883	3			0
Sound	0	other				6311883	3			12000
Sound	std	other				6319133	3			0
Sound	std	other				6325213	3			0
Sound	std	other				6331993	3			0
Sound	deviant_flat	other				6339723	2			0
Sound	0	other				6351723	3			12000
Sound	deviant_flat	other				6357952	3			0
Sound	0	other				6369952	3			12000
Sound	std	other				6377572	3			0
Sound	std	other				6384603	3			0
Sound	std	other				6391333	2			0
Sound	std	other				6399083	2			0
Sound	std	other				6406153	2			0
Sound	deviant_fall	other				6412162	3			0
Sound	0	other				6424162	2			12000
Sound	std	other				6430113	3			0
Sound	deviant_fall	other				6437143	3			0
Sound	0	other				6449143	2			12000
Sound	deviant_rise	other				6455602	2			0
Sound	0	other				6467602	3			12000
Sound	std	other				6473883	2			0
Sound	deviant_rise	other				6480053	3			0
Sound	0	other				6492053	3			12000
Sound	std	other				6498793	3			0
Sound	std	other				6504763	3			0
Sound	std	other				6511844	2			0
Sound	std	other				6519093	3			0
Sound	std	other				6525603	2			0
Sound	std	other				6532623	3			0
Sound	std	other				6538633	3			0
Sound	std	other				6544503	2			0
Sound	std	other				6551263	3			0
Sound	deviant_rise	other				6557843	3			0
Sound	0	other				6569843	3			12000
Sound	std	other				6577452	3			0
Sound	std	other				6583372	3			0
Sound	std	other				6589312	3			0
Sound	std	other				6596583	3			0
Sound	deviant_flat	other				6603393	3			0
Sound	0	other				6615393	3			12000
Sound	std	other				6621532	3			0
Sound	std	other				6627472	3			0
Sound	std	other				6634122	2			0
Sound	std	other				6641632	3			0
Sound	std	other				6648622	3			0
Sound	std	other				6655502	3			0
Sound	std	other				6661313	3			0
Sound	std	other				6668132	3			0
Sound	std	other				6674013	3			0
Sound	std	other				6680242	2			0
Sound	std	other				6687583	3			0
Sound	std	other				6693652	3			0
Sound	std	other				6701163	3			0
Sound	std	other				6707702	3			0
Sound	std	other				6713462	3			0
Sound	deviant_flat	other				6719692	3			0
Sound	0	other				6731692	3			12000
Sound	std	other				6738192	3			0
Sound	deviant_fall	other				6745662	3			0
Sound	0	other				6757662	3			12000
Sound	std	other				6763912	3			0
Sound	std	other				6769711	2			0
Sound	std	other				6775892	3			0
Sound	std	other				6783452	3			0
Sound	std	other				6789436	3			0
Sound	std	other				6796802	3			0
Sound	deviant_fall	other				6802852	2			0
Sound	0	other				6814852	2			12000
Sound	std	other				6820682	2			0
Sound	std	other				6826842	3			0
Sound	deviant_fall	other				6834522	2			0
Sound	0	other				6846522	2			12000
Sound	std	other				6853141	3			0
Sound	std	other				6860672	3			0
Sound	deviant_flat	other				6867492	3			0
Sound	0	other				6879492	3			12000
Sound	std	other				6885393	2			0
Sound	deviant_flat	other				6892921	2			0
Sound	0	other				6904921	3			12000
Sound	std	other				6911491	2			0
Sound	std	other				6917541	3			0
Sound	std	other				6924241	2			0
Sound	deviant_rise	other				6930872	3			0
Sound	0	other				6942872	2			12000
Sound	deviant_rise	other				6949951	3			0
Sound	0	other				6961951	3			12000
Sound	std	other				6968071	2			0
Sound	std	other				6974251	3			0
Sound	deviant_flat	other				6981522	3			0
Sound	0	other				6993522	3			12000
Sound	deviant_flat	other				7000682	3			0
Sound	0	other				7012682	3			12000
Sound	deviant_fall	other				7019542	2			0
Sound	0	other				7031542	3			12000
Sound	std	other				7038832	3			0
Sound	deviant_rise	other				7046111	3			0
Sound	0	other				7058111	2			12000
Sound	std	other				7064662	5			0
Sound	std	other				7071951	2			0
Sound	std	other				7079672	3			0
Sound	std	other				7087282	3			0
Sound	deviant_rise	other				7094611	3			0
Sound	0	other				7106611	3			12000
Sound	std	other				7113351	3			0
Sound	std	other				7119812	3			0
Sound	std	other				7127002	3			0
Sound	std	other				7134621	3			0
Sound	std	other				7141972	3			0
Sound	deviant_rise	other				7148832	3			0
Sound	0	other				7160832	3			12000
Sound	std	other				7167532	2			0
Sound	deviant_flat	other				7173952	3			0
Sound	0	other				7185952	3			12000
Sound	std	other				7192222	3			0
Sound	std	other				7199652	3			0
Sound	deviant_flat	other				7206922	3			0
Sound	0	other				7218922	3			12000
Sound	deviant_fall	other				7225882	4			0
Sound	0	other				7237882	3			12000
Sound	std	other				7243632	3			0
Sound	std	other				7251082	3			0
Sound	std	other				7258561	3			0
Sound	std	other				7265892	3			0
Sound	std	other				7271872	3			0
Sound	std	other				7278332	3			0
Sound	deviant_flat	other				7285671	3			0
Sound	0	other				7297671	3			12000
Sound	deviant_flat	other				7304541	3			0
Sound	0	other				7316541	3			12000
Sound	std	other				7323732	3			0
Sound	std	other				7330642	2			0
Sound	deviant_rise	other				7338211	2			0
Sound	0	other				7350211	3			12000
Sound	deviant_fall	other				7357372	3			0
Sound	0	other				7369372	3			12000
Sound	std	other				7377131	3			0
Sound	std	other				7384891	3			0
Sound	std	other				7390871	3			0
Sound	deviant_rise	other				7396781	2			0
Sound	0	other				7408781	3			12000
Sound	std	other				7416171	3			0
Sound	deviant_fall	other				7422732	3			0
Sound	0	other				7434732	3			12000
Sound	std	other				7441451	3			0
Sound	deviant_flat	other				7448471	3			0
Sound	0	other				7460471	3			12000
Sound	deviant_fall	other				7466833	3			0
Sound	0	other				7478833	3			12000
Sound	std	other				7484722	2			0
Sound	deviant_rise	other				7490651	3			0
Sound	0	other				7502651	3			12000
Sound	std	other				7509122	3			0
Sound	std	other				7516032	3			0
Sound	std	other				7523611	3			0
Sound	std	other				7529421	2			0
Sound	std	other				7536851	3			0
Sound	std	other				7544611	3			0
Sound	deviant_rise	other				7551591	3			0
Sound	0	other				7563591	3			12000
Sound	std	other				7569591	3			0
Sound	std	other				7576831	3			0
Sound	std	other				7583771	3			0
Sound	std	other				7589962	3			0
Sound	std	other				7595841	3			0
Sound	std	other				7602732	3			0
Sound	std	other				7609291	3			0
Sound	std	other				7615541	14			0
Sound	deviant_rise	other				7622621	3			0
Sound	0	other				7634621	3			12000
Sound	std	other				7640941	3			0
Sound	std	other				7646911	3			0
Sound	deviant_rise	other				7653392	3			0
Sound	0	other				7665392	3			12000
Sound	std	other				7671992	3			0
Sound	deviant_fall	other				7678071	3			0
Sound	0	other				7690071	2			12000
Sound	std	other				7696621	3			0
Sound	deviant_fall	other				7703041	3			0
Sound	0	other				7715041	3			12000
Sound	deviant_fall	other				7722121	3			0
Sound	0	other				7734121	3			12000
Sound	std	other				7740481	3			0
Sound	std	other				7747672	3			0
Sound	deviant_rise	other				7753722	3			0
Sound	0	other				7765722	3			12000
Sound	deviant_flat	other				7771811	3			0
Sound	0	other				7783811	3			12000
Sound	deviant_rise	other				7790681	3			0
Sound	0	other				7802681	3			12000
Sound	std	other				7808480	3			0
Sound	std	other				7815230	3			0
Sound	std	other				7822021	3			0
Sound	deviant_fall	other				7828542	3			0
Sound	0	other				7840542	3			12000
Sound	std	other				7846451	2			0
Sound	std	other				7853420	2			0
Sound	std	other				7860220	3			0
Sound	std	other				7866791	3			0
Sound	std	other				7873310	2			0
Sound	deviant_fall	other				7879151	3			0
Sound	0	other				7891151	2			12000
Sound	std	other				7897001	2			0
Sound	deviant_flat	other				7903981	3			0
Sound	0	other				7915981	2			12000
Sound	deviant_fall	other				7921791	2			0
Sound	0	other				7933791	2			12000
Sound	std	other				7940500	3			0
Sound	std	other				7947380	2			0
Sound	std	other				7953910	2			0
Sound	std	other				7961362	2			0
Sound	std	other				7967541	2			0
Sound	std	other				7974390	2			0
Sound	std	other				7981681	2			0
Sound	std	other				7987460	2			0
Sound	std	other				7993611	3			0
Sound	std	other				7999330	2			0
Sound	deviant_rise	other				8006170	12			0
Sound	0	other				8018170	3			12000
Sound	std	other				8025471	3			0
Sound	std	other				8032217	3			0
Sound	std	other				8038060	2			0
Sound	std	other				8045141	3			0
Sound	deviant_flat	other				8052420	3			0
Sound	0	other				8064420	3			12000
Sound	std	other				8070400	3			0
Sound	std	other				8076380	2			0
Sound	std	other				8082201	3			0
Sound	std	other				8088593	2			0
Sound	std	other				8094460	2			0
Sound	deviant_rise	other				8101880	2			0
Sound	0	other				8113880	3			12000
Sound	std	other				8120720	3			0
Sound	std	other				8127750	2			0
Sound	std	other				8134171	2			0
Sound	deviant_fall	other				8141080	2			0
Sound	0	other				8153080	3			12000
Sound	std	other				8158940	2			0
Sound	std	other				8166441	3			0
Sound	std	other				8173320	3			0
Sound	std	other				8179049	3			0
Sound	std	other				8186311	3			0
Sound	deviant_rise	other				8193760	3			0
Sound	0	other				8205760	3			12000
Sound	deviant_flat	other				8213072	3			0
Sound	0	other				8225072	2			12000
Sound	deviant_rise	other				8231390	2			0
Sound	0	other				8243390	2			12000
Sound	std	other				8250170	3			0
Sound	std	other				8256149	3			0
Sound	std	other				8262461	3			0
Sound	std	other				8269900	3			0
Sound	std	other				8276400	2			0
Sound	std	other				8284092	2			0
Sound	std	other				8290771	3			0
Sound	std	other				8297271	3			0
Sound	deviant_fall	other				8304050	3			0
Sound	0	other				8316050	3			12000
Sound	std	other				8323519	2			0
Sound	std	other				8329671	3			0
Sound	std	other				8336330	2			0
Sound	std	other				8342410	2			0
Sound	std	other				8349650	3			0
Sound	std	other				8357010	2			0
Sound	std	other				8363170	2			0
Sound	std	other				8369070	2			0
Sound	std	other				8375460	3			0
Sound	std	other				8381610	3			0
Sound	std	other				8388920	3			0
Sound	std	other				8395472	3			0
Sound	std	other				8402641	3			0
Sound	std	other				8409810	3			0
Sound	deviant_fall	other				8417501	3			0
Sound	0	other				8429501	3			12000
Sound	std	other				8435890	3			0
Sound	std	other				8441730	3			0
Sound	std	other				8449390	2			0
Sound	std	other				8456760	3			0
Sound	std	other				8464090	3			0
Sound	std	other				8470770	3			0
Sound	std	other				8476650	3			0
Sound	std	other				8482459	3			0
Sound	std	other				8488600	2			0
Sound	deviant_flat	other				8494860	2			0
Sound	0	other				8506860	3			12000
Sound	std	other				8513490	3			0
Sound	std	other				8519940	3			0
Sound	deviant_fall	other				8527510	3			0
Sound	0	other				8539510	3			12000
Sound	std	other				8546580	3			0
Sound	deviant_rise	other				8553480	3			0
Sound	0	other				8565480	2			12000
Sound	deviant_rise	other				8571980	3			0
Sound	0	other				8583980	3			12000
Sound	deviant_flat	other				8591210	3			0
Sound	0	other				8603210	2			12000
Sound	std	other				8610749	2			0
Sound	std	other				8618100	3			0
Sound	deviant_flat	other				8623860	3			0
Sound	0	other				8635860	2			12000
Sound	std	other				8642969	3			0
Sound	std	other				8649049	3			0
Sound	deviant_fall	other				8656081	3			0
Sound	0	other				8668081	3			12000
Sound	deviant_fall	other				8674770	3			0
Sound	0	other				8686770	3			12000
Sound	std	other				8693540	3			0
Sound	deviant_flat	other				8701289	2			0
Sound	0	other				8713289	3			12000
Sound	std	other				8719829	4			0
Sound	std	other				8726800	3			0
Sound	deviant_flat	other				8734120	3			0
Sound	0	other				8746120	3			12000
Sound	std	other				8752690	3			0
Sound	std	other				8759890	3			0
Sound	std	other				8766630	3			0
Sound	deviant_fall	other				8772520	3			0
Sound	0	other				8784520	3			12000
Sound	std	other				8791180	3			0
Sound	std	other				8797280	3			0
Sound	deviant_rise	other				8804199	3			0
Sound	0	other				8816199	3			12000
Sound	std	other				8822460	3			0
Sound	deviant_rise	other				8830140	2			0
Sound	0	other				8842140	3			12000
Sound	std	other				8848748	8			0
Sound	std	other				8855539	2			0
Sound	std	other				8861809	3			0
Sound	std	other				8867950	3			0
Sound	std	other				8874080	3			0
Sound	std	other				8881800	3			0
Sound	std	other				8889470	3			0
Sound	std	other				8895949	3			0
Sound	deviant_flat	other				8901850	3			0
Sound	0	other				8913850	3			12000
Sound	deviant_flat	other				8921469	2			0
Sound	0	other				8933469	3			12000
Sound	std	other				8941099	2			0
Sound	std	other				8946851	3			0
Sound	std	other				8954619	3			0
Sound	deviant_flat	other				8961550	2			0
Sound	0	other				8973550	2			12000
Sound	deviant_flat	other				8980479	3			0
Sound	0	other				8992479	3			12000
Sound	std	other				8999879	3			0
Sound	std	other				9005799	3			0
Sound	std	other				9011950	2			0
Sound	std	other				9018970	3			0
Sound	std	other				9026130	3			0
Sound	std	other				9032569	2			0
Sound	std	other				9038739	2			0
Sound	std	other				9045300	3			0
Sound	std	other				9051240	3			0
Sound	std	other				9058100	5			0
Sound	deviant_fall	other				9064240	2			0
Sound	0	other				9076240	3			12000
Sound	deviant_rise	other				9083949	3			0
Sound	0	other				9095949	2			12000
Sound	deviant_fall	other				9102680	2			0
Sound	0	other				9114680	3			12000
Sound	std	other				9120830	3			0
Sound	std	other				9127479	3			0
Sound	std	other				9133741	2			0
Sound	std	other				9141529	2			0
Sound	std	other				9147919	2			0
Sound	std	other				9154199	3			0
Sound	std	other				9160859	2			0
Sound	deviant_flat	other				9167759	3			0
Sound	0	other				9179759	3			12000
Sound	std	other				9185769	3			0
Sound	deviant_flat	other				9192080	3			0
Sound	0	other				9204080	3			12000
Sound	std	other				9210389	2			0
Sound	std	other				9217559	3			0
Sound	std	other				9223822	3			0
Sound	std	other				9230779	2			0
Sound	std	other				9237559	3			0
Sound	std	other				9244797	3			0
Sound	std	other				9250949	3			0
Sound	deviant_flat	other				9257469	2			0
Sound	0	other				9269469	3			12000
Sound	std	other				9275509	2			0
Sound	std	other				9281519	3			0
Sound	deviant_fall	other				9288229	3			0
Sound	0	other				9300229	3			12000
Sound	std	other				9308029	2			0
Sound	std	other				9314719	3			0
Sound	std	other				9321659	2			0
Sound	deviant_rise	other				9327468	3			0
Sound	0	other				9339468	2			12000
Sound	std	other				9346718	2			0
Sound	deviant_fall	other				9353799	3			0
Sound	0	other				9365799	3			12000
Sound	std	other				9372878	3			0
Sound	std	other				9379539	3			0
Sound	std	other				9387159	3			0
Sound	std	other				9394119	3			0
