Scenario - Own_name
Logfile written - 09/28/2021 17:34:02

Subject	Trial	Event Type	Code	Time	TTime	Uncertainty	Duration	Uncertainty	ReqTime	ReqDur	Stim Type	Pair Index

2	1	Response	1	55840	55467	3
2	2	Sound	std	62043	0	346			0		other	0
2	3	Sound	std	69895	0	3			0		other	0
2	4	Sound	std	76024	0	3			0		other	0
2	5	Sound	std	83714	0	3			0		other	0
2	6	Sound	std	91175	0	3			0		other	0
2	7	Sound	std	98134	0	3			0		other	0
2	8	Sound	std	105754	0	3			0		other	0
2	9	Sound	std	112754	0	3			0		other	0
2	10	Sound	std	119524	0	3			0		other	0
2	11	Sound	std	127264	0	3			0		other	0
2	12	Sound	std	133503	0	2			0		other	0
2	13	Sound	std	139875	0	2			0		other	0
2	14	Sound	deviant_fall	147104	0	3			0		other	0
2	14	Sound	0	159104	12000	3			12000		other	0
2	15	Sound	std	166524	0	2			0		other	0
2	16	Sound	std	173284	0	2			0		other	0
2	17	Sound	std	180904	0	3			0		other	0
2	18	Sound	std	186775	0	3			0		other	0
2	19	Sound	deviant_fall	193065	0	3			0		other	0
2	19	Sound	0	205065	12000	3			12000		other	0
2	20	Sound	std	212684	0	3			0		other	0
2	21	Sound	deviant_fall	220334	0	3			0		other	0
2	21	Sound	0	232334	12000	3			12000		other	0
2	22	Sound	deviant_flat	238404	0	2			0		other	0
2	22	Sound	0	250404	12000	3			12000		other	0
2	23	Sound	std	256224	0	3			0		other	0
2	24	Sound	std	262614	0	3			0		other	0
2	25	Sound	std	270264	0	3			0		other	0
2	26	Sound	std	276014	0	3			0		other	0
2	27	Sound	deviant_flat	282663	0	3			0		other	0
2	27	Sound	0	294663	12000	3			12000		other	0
2	28	Sound	deviant_rise	301403	0	3			0		other	0
2	28	Sound	0	313403	12000	2			12000		other	0
2	29	Sound	std	321155	0	3			0		other	0
2	30	Sound	std	327705	0	32			0		other	0
2	31	Sound	std	334874	0	3			0		other	0
2	32	Sound	std	341264	0	3			0		other	0
2	33	Sound	std	347873	0	3			0		other	0
2	34	Sound	std	354313	0	3			0		other	0
2	35	Sound	std	360554	0	3			0		other	0
2	36	Sound	std	368124	0	3			0		other	0
2	37	Sound	std	374223	0	3			0		other	0
2	38	Sound	std	381214	0	3			0		other	0
2	39	Sound	std	388944	0	3			0		other	0
2	40	Sound	std	395605	0	3			0		other	0
2	41	Sound	std	402074	0	3			0		other	0
2	42	Sound	std	409153	0	3			0		other	0
2	43	Sound	std	415754	0	3			0		other	0
2	44	Sound	std	422104	0	3			0		other	0
2	45	Sound	std	429324	0	2			0		other	0
2	46	Sound	std	436594	0	2			0		other	0
2	47	Sound	std	443794	0	2			0		other	0
2	48	Sound	deviant_flat	451104	0	3			0		other	0
2	48	Sound	0	463104	12000	3			12000		other	0
2	49	Sound	deviant_fall	469883	0	3			0		other	0
2	49	Sound	0	481883	12000	3			12000		other	0
2	50	Sound	deviant_rise	488774	0	2			0		other	0
2	50	Sound	0	500774	12000	2			12000		other	0
2	51	Sound	std	507284	0	2			0		other	0
2	52	Sound	std	514684	0	3			0		other	0
2	53	Sound	std	520964	0	3			0		other	0
2	54	Sound	deviant_fall	526955	0	2			0		other	0
2	54	Sound	0	538955	12000	2			12000		other	0
2	55	Sound	deviant_rise	545764	0	2			0		other	0
2	55	Sound	0	557764	12000	2			12000		other	0
2	56	Sound	std	564364	0	3			0		other	0
2	57	Sound	std	570363	0	3			0		other	0
2	58	Sound	std	576904	0	2			0		other	0
2	59	Sound	std	584253	0	3			0		other	0
2	60	Sound	std	591054	0	3			0		other	0
2	61	Sound	deviant_fall	596953	0	3			0		other	0
2	61	Sound	0	608953	12000	4			12000		other	0
2	62	Sound	std	616066	0	3			0		other	0
2	63	Sound	std	623274	0	3			0		other	0
2	64	Sound	std	629184	0	3			0		other	0
2	65	Sound	std	636203	0	3			0		other	0
2	66	Sound	std	643664	0	3			0		other	0
2	67	Sound	std	650524	0	3			0		other	0
2	68	Sound	deviant_rise	656504	0	3			0		other	0
2	68	Sound	0	668504	12000	2			12000		other	0
2	69	Sound	std	675044	0	2			0		other	0
2	70	Sound	deviant_rise	681004	0	3			0		other	0
2	70	Sound	0	693004	12000	2			12000		other	0
2	71	Sound	std	700403	0	3			0		other	0
2	72	Sound	std	707643	0	3			0		other	0
2	73	Sound	deviant_fall	714283	0	3			0		other	0
2	73	Sound	0	726283	12000	3			12000		other	0
2	74	Sound	std	732993	0	3			0		other	0
2	75	Sound	std	739673	0	3			0		other	0
2	76	Sound	std	746763	0	3			0		other	0
2	77	Sound	std	754113	0	2			0		other	0
2	78	Sound	std	760123	0	3			0		other	0
2	79	Sound	std	767853	0	3			0		other	0
2	80	Sound	std	774822	0	3			0		other	0
2	81	Sound	std	782384	0	3			0		other	0
2	82	Sound	std	789284	0	2			0		other	0
2	83	Sound	std	795664	0	3			0		other	0
2	84	Sound	deviant_rise	801902	0	2			0		other	0
2	84	Sound	0	813902	12000	3			12000		other	0
2	85	Sound	std	821484	0	3			0		other	0
2	86	Sound	std	828792	0	2			0		other	0
2	87	Sound	std	836534	0	2			0		other	0
2	88	Sound	std	842514	0	2			0		other	0
2	89	Sound	deviant_rise	849543	0	3			0		other	0
2	89	Sound	0	861543	12000	3			12000		other	0
2	90	Sound	deviant_flat	868543	0	3			0		other	0
2	90	Sound	0	880543	12000	3			12000		other	0
2	91	Sound	deviant_rise	886833	0	3			0		other	0
2	91	Sound	0	898833	12000	3			12000		other	0
2	92	Sound	std	906133	0	3			0		other	0
2	93	Sound	std	912313	0	2			0		other	0
2	94	Sound	std	918773	0	3			0		other	0
2	95	Sound	std	924773	0	3			0		other	0
2	96	Sound	std	932362	0	2			0		other	0
2	97	Sound	std	939943	0	3			0		other	0
2	98	Sound	deviant_fall	947274	0	2			0		other	0
2	98	Sound	0	959274	12000	2			12000		other	0
2	99	Sound	std	966193	0	3			0		other	0
2	100	Sound	std	972573	0	3			0		other	0
2	101	Sound	std	979044	0	3			0		other	0
2	102	Sound	std	985093	0	3			0		other	0
2	103	Sound	deviant_flat	992802	0	2			0		other	0
2	103	Sound	0	1004802	12000	3			12000		other	0
2	104	Sound	deviant_rise	1011424	0	2			0		other	0
2	104	Sound	0	1023424	12000	2			12000		other	0
2	105	Sound	std	1030522	0	2			0		other	0
2	106	Sound	deviant_flat	1036703	0	3			0		other	0
2	106	Sound	0	1048703	12000	3			12000		other	0
2	107	Sound	std	1055143	0	3			0		other	0
2	108	Sound	std	1061254	0	3			0		other	0
2	109	Sound	deviant_flat	1068713	0	2			0		other	0
2	109	Sound	0	1080713	12000	3			12000		other	0
2	110	Sound	std	1087354	0	3			0		other	0
2	111	Sound	std	1093113	0	2			0		other	0
2	112	Sound	std	1100782	0	3			0		other	0
2	113	Sound	std	1107073	0	3			0		other	0
2	114	Sound	deviant_rise	1113003	0	3			0		other	0
2	114	Sound	0	1125003	12000	3			12000		other	0
2	115	Sound	std	1132092	0	3			0		other	0
2	116	Sound	std	1138612	0	2			0		other	0
2	117	Sound	std	1146244	0	2			0		other	0
2	118	Sound	deviant_fall	1152662	0	3			0		other	0
2	118	Sound	0	1164662	12000	3			12000		other	0
2	119	Sound	deviant_fall	1172253	0	3			0		other	0
2	119	Sound	0	1184253	12000	2			12000		other	0
2	120	Sound	std	1190232	0	2			0		other	0
2	121	Sound	std	1197713	0	3			0		other	0
2	122	Sound	deviant_rise	1204443	0	2			0		other	0
2	122	Sound	0	1216443	12000	3			12000		other	0
2	123	Sound	std	1223962	0	3			0		other	0
2	124	Sound	std	1231292	0	3			0		other	0
2	125	Sound	deviant_rise	1238042	0	3			0		other	0
2	125	Sound	0	1250042	12000	2			12000		other	0
2	126	Sound	std	1256872	0	3			0		other	0
2	127	Sound	std	1263463	0	2			0		other	0
2	128	Sound	std	1270705	0	3			0		other	0
2	129	Sound	std	1276532	0	3			0		other	0
2	130	Sound	std	1282902	0	3			0		other	0
2	131	Sound	std	1289312	0	6			0		other	0
2	132	Sound	std	1295852	0	2			0		other	0
2	133	Sound	std	1302052	0	3			0		other	0
2	134	Sound	std	1309532	0	2			0		other	0
2	135	Sound	std	1315813	0	3			0		other	0
2	136	Sound	std	1322384	0	2			0		other	0
2	137	Sound	std	1329263	0	5			0		other	0
2	138	Sound	std	1336913	0	3			0		other	0
2	139	Sound	deviant_rise	1343573	0	4			0		other	0
2	139	Sound	0	1355573	12000	3			12000		other	0
2	140	Sound	std	1362842	0	2			0		other	0
2	141	Sound	deviant_rise	1369675	0	2			0		other	0
2	141	Sound	0	1381675	12000	3			12000		other	0
2	142	Sound	std	1387472	0	3			0		other	0
2	143	Sound	std	1393973	0	3			0		other	0
2	144	Sound	std	1400622	0	3			0		other	0
2	145	Sound	deviant_rise	1406752	0	3			0		other	0
2	145	Sound	0	1418752	12000	3			12000		other	0
2	146	Sound	std	1425552	0	3			0		other	0
2	147	Sound	std	1431353	0	3			0		other	0
2	148	Sound	deviant_flat	1437332	0	3			0		other	0
2	148	Sound	0	1449332	12000	3			12000		other	0
2	149	Sound	std	1456432	0	2			0		other	0
2	150	Sound	std	1462513	0	2			0		other	0
2	151	Sound	std	1468753	0	3			0		other	0
2	152	Sound	std	1474532	0	3			0		other	0
2	153	Sound	deviant_rise	1480432	0	3			0		other	0
2	153	Sound	0	1492432	12000	2			12000		other	0
2	154	Sound	std	1499803	0	2			0		other	0
2	155	Sound	deviant_rise	1507193	0	3			0		other	0
2	155	Sound	0	1519193	12000	5			12000		other	0
2	156	Sound	deviant_rise	1526522	0	3			0		other	0
2	156	Sound	0	1538522	12000	2			12000		other	0
2	157	Sound	deviant_flat	1544902	0	2			0		other	0
2	157	Sound	0	1556902	12000	3			12000		other	0
2	158	Sound	std	1564143	0	3			0		other	0
2	159	Sound	deviant_fall	1571082	0	2			0		other	0
2	159	Sound	0	1583082	12000	2			12000		other	0
2	160	Sound	std	1589283	0	3			0		other	0
2	161	Sound	std	1596572	0	3			0		other	0
2	162	Sound	deviant_fall	1602582	0	3			0		other	0
2	162	Sound	0	1614582	12000	3			12000		other	0
2	163	Sound	deviant_flat	1620962	0	2			0		other	0
2	163	Sound	0	1632962	12000	2			12000		other	0
2	164	Sound	std	1639502	0	4			0		other	0
2	165	Sound	std	1646252	0	3			0		other	0
2	166	Sound	deviant_rise	1652072	0	2			0		other	0
2	166	Sound	0	1664072	12000	3			12000		other	0
2	167	Sound	std	1670352	0	3			0		other	0
2	168	Sound	std	1676572	0	2			0		other	0
2	169	Sound	deviant_fall	1683682	0	3			0		other	0
2	169	Sound	0	1695682	12000	3			12000		other	0
2	170	Sound	deviant_fall	1702632	0	2			0		other	0
2	170	Sound	0	1714632	12000	2			12000		other	0
2	171	Sound	deviant_fall	1720912	0	3			0		other	0
2	171	Sound	0	1732912	12000	2			12000		other	0
2	172	Sound	std	1739032	0	3			0		other	0
2	173	Sound	std	1745392	0	3			0		other	0
2	174	Sound	deviant_fall	1751312	0	3			0		other	0
2	174	Sound	0	1763312	12000	3			12000		other	0
2	175	Sound	deviant_fall	1769322	0	3			0		other	0
2	175	Sound	0	1781322	12000	2			12000		other	0
2	176	Sound	std	1788252	0	2			0		other	0
2	177	Sound	deviant_fall	1794002	0	3			0		other	0
2	177	Sound	0	1806002	12000	2			12000		other	0
2	178	Sound	std	1813612	0	3			0		other	0
2	179	Sound	std	1820272	0	3			0		other	0
2	180	Sound	deviant_fall	1826002	0	3			0		other	0
2	180	Sound	0	1838002	12000	2			12000		other	0
2	181	Sound	std	1844402	0	3			0		other	0
2	182	Sound	deviant_rise	1850982	0	3			0		other	0
2	182	Sound	0	1862982	12000	2			12000		other	0
2	183	Sound	std	1869812	0	2			0		other	0
2	184	Sound	std	1877342	0	2			0		other	0
2	185	Sound	std	1884042	0	3			0		other	0
2	186	Sound	std	1890692	0	3			0		other	0
2	187	Sound	std	1897313	0	2			0		other	0
2	188	Sound	std	1904471	0	3			0		other	0
2	189	Sound	deviant_flat	1910712	0	3			0		other	0
2	189	Sound	0	1922712	12000	3			12000		other	0
2	190	Sound	std	1929302	0	3			0		other	0
2	191	Sound	deviant_rise	1935332	0	3			0		other	0
2	191	Sound	0	1947332	12000	3			12000		other	0
2	192	Sound	std	1954342	0	3			0		other	0
2	193	Sound	std	1961772	0	3			0		other	0
2	194	Sound	std	1969482	0	3			0		other	0
2	195	Sound	deviant_flat	1977194	0	3			0		other	0
2	195	Sound	0	1989194	12000	2			12000		other	0
2	196	Sound	std	1996392	0	2			0		other	0
2	197	Sound	deviant_rise	2002752	0	3			0		other	0
2	197	Sound	0	2014752	12000	3			12000		other	0
2	198	Sound	std	2021961	0	2			0		other	0
2	199	Sound	std	2029391	0	3			0		other	0
2	200	Sound	std	2035552	0	3			0		other	0
2	201	Sound	std	2043172	0	3			0		other	0
2	202	Sound	std	2049643	0	3			0		other	0
2	203	Sound	std	2056732	0	3			0		other	0
2	204	Sound	std	2063072	0	3			0		other	0
2	205	Sound	std	2069543	0	3			0		other	0
2	206	Sound	std	2076952	0	3			0		other	0
2	207	Sound	std	2084412	0	3			0		other	0
2	208	Sound	deviant_fall	2092052	0	3			0		other	0
2	208	Sound	0	2104052	12000	2			12000		other	0
2	209	Sound	std	2111031	0	3			0		other	0
2	210	Sound	std	2118372	0	3			0		other	0
2	211	Sound	deviant_flat	2126061	0	3			0		other	0
2	211	Sound	0	2138061	12000	2			12000		other	0
2	212	Sound	deviant_flat	2145661	0	2			0		other	0
2	212	Sound	0	2157661	12000	2			12000		other	0
2	213	Sound	std	2163692	0	3			0		other	0
2	214	Sound	std	2169903	0	3			0		other	0
2	215	Sound	std	2176332	0	3			0		other	0
2	216	Sound	std	2183871	0	3			0		other	0
2	217	Sound	std	2190002	0	3			0		other	0
2	218	Sound	std	2197612	0	2			0		other	0
2	219	Sound	deviant_flat	2204542	0	2			0		other	0
2	219	Sound	0	2216542	12000	3			12000		other	0
2	220	Sound	std	2222501	0	3			0		other	0
2	221	Sound	deviant_fall	2229362	0	3			0		other	0
2	221	Sound	0	2241362	12000	3			12000		other	0
2	222	Sound	std	2247441	0	3			0		other	0
2	223	Sound	std	2253401	0	2			0		other	0
2	224	Sound	std	2260592	0	2			0		other	0
2	225	Sound	std	2267641	0	3			0		other	0
2	226	Sound	std	2274062	0	3			0		other	0
2	227	Sound	std	2280422	0	2			0		other	0
2	228	Sound	std	2286761	0	2			0		other	0
2	229	Sound	deviant_flat	2294391	0	2			0		other	0
2	229	Sound	0	2306391	12000	3			12000		other	0
2	230	Sound	std	2312441	0	3			0		other	0
2	231	Sound	std	2319071	0	3			0		other	0
2	232	Sound	std	2325641	0	3			0		other	0
2	233	Sound	std	2333191	0	3			0		other	0
2	234	Sound	std	2339201	0	3			0		other	0
2	235	Sound	std	2345923	0	3			0		other	0
2	236	Sound	std	2353412	0	3			0		other	0
2	237	Sound	std	2359922	0	3			0		other	0
2	238	Sound	std	2366751	0	3			0		other	0
2	239	Sound	std	2374261	0	3			0		other	0
2	240	Sound	std	2380301	0	3			0		other	0
2	241	Sound	std	2387140	0	2			0		other	0
2	242	Sound	std	2393292	0	3			0		other	0
2	243	Sound	deviant_fall	2399931	0	3			0		other	0
2	243	Sound	0	2411931	12000	3			12000		other	0
2	244	Sound	std	2419642	0	3			0		other	0
2	245	Sound	std	2426342	0	3			0		other	0
2	246	Sound	deviant_rise	2434051	0	3			0		other	0
2	246	Sound	0	2446051	12000	2			12000		other	0
2	247	Sound	std	2452031	0	3			0		other	0
2	248	Sound	std	2459592	0	4			0		other	0
2	249	Sound	std	2466911	0	2			0		other	0
2	250	Sound	deviant_rise	2473362	0	3			0		other	0
2	250	Sound	0	2485362	12000	3			12000		other	0
2	251	Sound	std	2491120	0	5			0		other	0
2	252	Sound	std	2498242	0	3			0		other	0
2	253	Sound	std	2505291	0	3			0		other	0
2	254	Sound	std	2511271	0	2			0		other	0
2	255	Sound	std	2518711	0	2			0		other	0
2	256	Sound	std	2525281	0	3			0		other	0
2	257	Sound	deviant_flat	2532661	0	3			0		other	0
2	257	Sound	0	2544661	12000	2			12000		other	0
2	258	Sound	std	2550951	0	3			0		other	0
2	259	Sound	std	2558451	0	3			0		other	0
2	260	Sound	std	2564502	0	2			0		other	0
2	261	Sound	deviant_rise	2571811	0	3			0		other	0
2	261	Sound	0	2583811	12000	2			12000		other	0
2	262	Sound	std	2590941	0	3			0		other	0
2	263	Sound	std	2596931	0	3			0		other	0
2	264	Sound	std	2602730	0	2			0		other	0
2	265	Sound	std	2610275	0	3			0		other	0
2	266	Sound	std	2617331	0	3			0		other	0
2	267	Sound	deviant_rise	2624451	0	4			0		other	0
2	267	Sound	0	2636451	12000	3			12000		other	0
2	268	Sound	deviant_rise	2644111	0	3			0		other	0
2	268	Sound	0	2656111	12000	3			12000		other	0
2	269	Sound	std	2663522	0	3			0		other	0
2	270	Sound	std	2671242	0	2			0		other	0
2	271	Sound	deviant_rise	2678281	0	3			0		other	0
2	271	Sound	0	2690281	12000	3			12000		other	0
2	272	Sound	std	2697701	0	2			0		other	0
2	273	Sound	std	2703572	0	3			0		other	0
2	274	Sound	deviant_flat	2709481	0	3			0		other	0
2	274	Sound	0	2721481	12000	2			12000		other	0
2	275	Sound	std	2728401	0	3			0		other	0
2	276	Sound	std	2735362	0	2			0		other	0
2	277	Sound	std	2742640	0	3			0		other	0
2	278	Sound	deviant_fall	2749201	0	2			0		other	0
2	278	Sound	0	2761201	12000	3			12000		other	0
2	279	Sound	std	2768071	0	2			0		other	0
2	280	Sound	std	2775781	0	3			0		other	0
2	281	Sound	std	2782872	0	2			0		other	0
2	282	Sound	deviant_flat	2788940	0	3			0		other	0
2	282	Sound	0	2800940	12000	3			12000		other	0
2	283	Sound	std	2807721	0	2			0		other	0
2	284	Sound	std	2814881	0	3			0		other	0
2	285	Sound	std	2821331	0	3			0		other	0
2	286	Sound	std	2827781	0	3			0		other	0
2	287	Sound	std	2835381	0	3			0		other	0
2	288	Sound	std	2842920	0	3			0		other	0
2	289	Sound	std	2849721	0	2			0		other	0
2	290	Sound	std	2857462	0	3			0		other	0
2	291	Sound	std	2864241	0	3			0		other	0
2	292	Sound	std	2870551	0	3			0		other	0
2	293	Sound	std	2877481	0	3			0		other	0
2	294	Sound	std	2883711	0	3			0		other	0
2	295	Sound	std	2889711	0	3			0		other	0
2	296	Sound	std	2896181	0	3			0		other	0
2	297	Sound	deviant_fall	2902861	0	3			0		other	0
2	297	Sound	0	2914861	12000	3			12000		other	0
2	298	Sound	std	2921351	0	3			0		other	0
2	299	Sound	deviant_fall	2927501	0	3			0		other	0
2	299	Sound	0	2939501	12000	2			12000		other	0
2	300	Sound	std	2945561	0	3			0		other	0
2	301	Sound	std	2952881	0	3			0		other	0
2	302	Sound	std	2960020	0	3			0		other	0
2	303	Sound	std	2967592	0	3			0		other	0
2	304	Sound	deviant_flat	2973541	0	2			0		other	0
2	304	Sound	0	2985541	12000	2			12000		other	0
2	305	Sound	std	2992341	0	3			0		other	0
2	306	Sound	deviant_flat	2999941	0	3			0		other	0
2	306	Sound	0	3011941	12000	3			12000		other	0
2	307	Sound	std	3019541	0	3			0		other	0
2	308	Sound	deviant_flat	3026811	0	3			0		other	0
2	308	Sound	0	3038811	12000	3			12000		other	0
2	309	Sound	deviant_rise	3044881	0	3			0		other	0
2	309	Sound	0	3056881	12000	3			12000		other	0
2	310	Sound	std	3063990	0	3			0		other	0
2	311	Sound	std	3070490	0	3			0		other	0
2	312	Sound	std	3078180	0	3			0		other	0
2	313	Sound	std	3084690	0	3			0		other	0
2	314	Sound	deviant_fall	3091720	0	3			0		other	0
2	314	Sound	0	3103720	12000	3			12000		other	0
2	315	Sound	std	3110341	0	3			0		other	0
2	316	Sound	std	3117241	0	2			0		other	0
2	317	Sound	std	3124470	0	3			0		other	0
2	318	Sound	std	3131221	0	2			0		other	0
2	319	Sound	std	3137551	0	2			0		other	0
2	320	Sound	std	3144331	0	2			0		other	0
2	321	Sound	deviant_rise	3152070	0	3			0		other	0
2	321	Sound	0	3164070	12000	3			12000		other	0
2	322	Sound	std	3169850	0	3			0		other	0
2	323	Sound	std	3177070	0	2			0		other	0
2	324	Sound	std	3184300	0	3			0		other	0
2	325	Sound	deviant_rise	3191694	0	3			0		other	0
2	325	Sound	0	3203694	12000	2			12000		other	0
2	326	Sound	std	3209950	0	3			0		other	0
2	327	Sound	std	3215950	0	18			0		other	0
2	328	Sound	std	3222040	0	3			0		other	0
2	329	Sound	std	3229120	0	3			0		other	0
2	330	Sound	std	3235760	0	3			0		other	0
2	331	Sound	deviant_flat	3242351	0	2			0		other	0
2	331	Sound	0	3254351	12000	3			12000		other	0
2	332	Sound	std	3260330	0	3			0		other	0
2	333	Sound	std	3266090	0	3			0		other	0
2	334	Sound	std	3273250	0	3			0		other	0
2	335	Sound	std	3280261	0	3			0		other	0
2	336	Sound	std	3286081	0	3			0		other	0
2	337	Sound	std	3293390	0	4			0		other	0
2	338	Sound	std	3301040	0	3			0		other	0
2	339	Sound	deviant_flat	3307740	0	3			0		other	0
2	339	Sound	0	3319740	12000	3			12000		other	0
2	340	Sound	std	3326050	0	2			0		other	0
2	341	Sound	std	3332361	0	3			0		other	0
2	342	Sound	deviant_rise	3339670	0	3			0		other	0
2	342	Sound	0	3351670	12000	4			12000		other	0
2	343	Sound	std	3358771	0	3			0		other	0
2	344	Sound	std	3364550	0	3			0		other	0
2	345	Sound	deviant_rise	3371460	0	3			0		other	0
2	345	Sound	0	3383460	12000	3			12000		other	0
2	346	Sound	deviant_rise	3390181	0	3			0		other	0
2	346	Sound	0	3402181	12000	3			12000		other	0
2	347	Sound	std	3409760	0	3			0		other	0
2	348	Sound	std	3417161	0	3			0		other	0
2	349	Sound	deviant_flat	3424440	0	3			0		other	0
2	349	Sound	0	3436440	12000	3			12000		other	0
2	350	Sound	std	3442810	0	3			0		other	0
2	351	Sound	std	3449830	0	3			0		other	0
2	352	Sound	std	3456180	0	3			0		other	0
2	353	Sound	deviant_fall	3463760	0	3			0		other	0
2	353	Sound	0	3475760	12000	3			12000		other	0
2	354	Sound	std	3481691	0	12			0		other	0
2	355	Sound	std	3487611	0	3			0		other	0
2	356	Sound	deviant_rise	3495381	0	3			0		other	0
2	356	Sound	0	3507381	12000	3			12000		other	0
2	357	Sound	std	3514100	0	2			0		other	0
2	358	Sound	std	3521500	0	3			0		other	0
2	359	Sound	deviant_rise	3528831	0	3			0		other	0
2	359	Sound	0	3540831	12000	3			12000		other	0
2	360	Sound	std	3547120	0	3			0		other	0
2	361	Sound	deviant_fall	3553770	0	4			0		other	0
2	361	Sound	0	3565770	12000	2			12000		other	0
2	362	Sound	deviant_flat	3573390	0	3			0		other	0
2	362	Sound	0	3585390	12000	2			12000		other	0
2	363	Sound	std	3592070	0	3			0		other	0
2	364	Sound	std	3599400	0	3			0		other	0
2	365	Sound	std	3605300	0	3			0		other	0
2	366	Sound	std	3612651	0	2			0		other	0
2	367	Sound	std	3618430	0	3			0		other	0
2	368	Sound	deviant_fall	3625811	0	3			0		other	0
2	368	Sound	0	3637811	12000	3			12000		other	0
2	369	Sound	deviant_flat	3643980	0	3			0		other	0
2	369	Sound	0	3655980	12000	3			12000		other	0
2	370	Sound	std	3662450	0	3			0		other	0
2	371	Sound	deviant_flat	3668770	0	3			0		other	0
2	371	Sound	0	3680770	12000	3			12000		other	0
2	372	Sound	std	3686930	0	2			0		other	0
2	373	Sound	std	3693021	0	3			0		other	0
2	374	Sound	std	3699920	0	3			0		other	0
2	375	Sound	std	3706130	0	3			0		other	0
2	376	Sound	std	3712160	0	3			0		other	0
2	377	Sound	std	3718110	0	3			0		other	0
2	378	Sound	deviant_fall	3724740	0	3			0		other	0
2	378	Sound	0	3736740	12000	3			12000		other	0
2	379	Sound	std	3743200	0	3			0		other	0
2	380	Sound	std	3750300	0	3			0		other	0
2	381	Sound	std	3758020	0	3			0		other	0
2	382	Sound	std	3765710	0	3			0		other	0
2	383	Sound	std	3772860	0	3			0		other	0
2	384	Sound	std	3779080	0	3			0		other	0
2	385	Sound	std	3784960	0	2			0		other	0
2	386	Sound	std	3792170	0	3			0		other	0
2	387	Sound	std	3799655	0	3			0		other	0
2	388	Sound	std	3805500	0	2			0		other	0
2	389	Sound	std	3813070	0	3			0		other	0
2	390	Sound	std	3819110	0	3			0		other	0
2	391	Sound	deviant_flat	3825570	0	3			0		other	0
2	391	Sound	0	3837570	12000	3			12000		other	0
2	392	Sound	std	3843961	0	3			0		other	0
2	393	Sound	std	3850009	0	3			0		other	0
2	394	Sound	deviant_flat	3857520	0	3			0		other	0
2	394	Sound	0	3869520	12000	3			12000		other	0
2	395	Sound	std	3876010	0	3			0		other	0
2	396	Sound	std	3883460	0	3			0		other	0
2	397	Sound	std	3891071	0	3			0		other	0
2	398	Sound	std	3897769	0	3			0		other	0
2	399	Sound	std	3903970	0	3			0		other	0
2	400	Sound	std	3910760	0	2			0		other	0
2	401	Sound	std	3916830	0	3			0		other	0
2	402	Sound	std	3924450	0	3			0		other	0
2	403	Sound	std	3931089	0	3			0		other	0
2	404	Sound	std	3937620	0	3			0		other	0
2	405	Sound	std	3944940	0	3			0		other	0
2	406	Sound	deviant_rise	3951740	0	3			0		other	0
2	406	Sound	0	3963740	12000	3			12000		other	0
2	407	Sound	std	3970130	0	2			0		other	0
2	408	Sound	std	3977779	0	3			0		other	0
2	409	Sound	std	3983609	0	3			0		other	0
2	410	Sound	deviant_fall	3991209	0	3			0		other	0
2	410	Sound	0	4003209	12000	6			12000		other	0
2	411	Sound	std	4010669	0	3			0		other	0
2	412	Sound	std	4017890	0	3			0		other	0
2	413	Sound	std	4024760	0	3			0		other	0
2	414	Sound	std	4031939	0	4			0		other	0
2	415	Sound	deviant_rise	4038020	0	3			0		other	0
2	415	Sound	0	4050020	12000	3			12000		other	0
2	416	Sound	std	4055979	0	2			0		other	0
2	417	Sound	std	4062050	0	3			0		other	0
2	418	Sound	std	4068399	0	2			0		other	0
2	419	Sound	std	4074390	0	3			0		other	0
2	420	Sound	deviant_fall	4080509	0	2			0		other	0
2	420	Sound	0	4092509	12000	3			12000		other	0
2	421	Sound	std	4099740	0	2			0		other	0
2	422	Sound	std	4107249	0	4			0		other	0
2	423	Sound	deviant_rise	4113219	0	3			0		other	0
2	423	Sound	0	4125219	12000	3			12000		other	0
2	424	Sound	deviant_rise	4131399	0	3			0		other	0
2	424	Sound	0	4143399	12000	6			12000		other	0
2	425	Sound	std	4150569	0	3			0		other	0
2	426	Sound	std	4157009	0	2			0		other	0
2	427	Sound	std	4163619	0	3			0		other	0
2	428	Sound	deviant_fall	4170262	0	3			0		other	0
2	428	Sound	0	4182262	12000	2			12000		other	0
2	429	Sound	std	4189378	0	3			0		other	0
2	430	Sound	std	4195680	0	3			0		other	0
2	431	Sound	deviant_fall	4203298	0	2			0		other	0
2	431	Sound	0	4215298	12000	3			12000		other	0
2	432	Sound	deviant_fall	4223020	0	3			0		other	0
2	432	Sound	0	4235020	12000	3			12000		other	0
2	433	Sound	std	4242240	0	3			0		other	0
2	434	Sound	std	4249029	0	2			0		other	0
2	435	Sound	std	4256250	0	3			0		other	0
2	436	Sound	std	4263389	0	3			0		other	0
2	437	Sound	std	4269910	0	3			0		other	0
2	438	Sound	std	4277350	0	3			0		other	0
2	439	Sound	deviant_rise	4283620	0	7			0		other	0
2	439	Sound	0	4295620	12000	2			12000		other	0
2	440	Sound	std	4301778	0	2			0		other	0
2	441	Sound	std	4307639	0	3			0		other	0
2	442	Sound	std	4314109	0	3			0		other	0
2	443	Sound	std	4321080	0	3			0		other	0
2	444	Sound	std	4327439	0	2			0		other	0
2	445	Sound	deviant_fall	4333269	0	3			0		other	0
2	445	Sound	0	4345269	12000	2			12000		other	0
2	446	Sound	std	4351129	0	3			0		other	0
2	447	Sound	std	4356939	0	2			0		other	0
2	448	Sound	std	4364349	0	3			0		other	0
2	449	Sound	std	4370199	0	3			0		other	0
2	450	Sound	std	4377769	0	3			0		other	0
2	451	Sound	deviant_flat	4384449	0	3			0		other	0
2	451	Sound	0	4396449	12000	3			12000		other	0
2	452	Sound	deviant_fall	4403318	0	2			0		other	0
2	452	Sound	0	4415318	12000	2			12000		other	0
2	453	Sound	deviant_flat	4422568	0	3			0		other	0
2	453	Sound	0	4434568	12000	3			12000		other	0
2	454	Sound	std	4440969	0	3			0		other	0
2	455	Sound	deviant_fall	4447839	0	3			0		other	0
2	455	Sound	0	4459839	12000	2			12000		other	0
2	456	Sound	deviant_flat	4465760	0	3			0		other	0
2	456	Sound	0	4477760	12000	3			12000		other	0
2	457	Sound	std	4483869	0	2			0		other	0
2	458	Sound	deviant_rise	4490349	0	54			0		other	0
2	458	Sound	0	4502349	12000	3			12000		other	0
2	459	Sound	std	4508709	0	3			0		other	0
2	460	Sound	deviant_flat	4516089	0	3			0		other	0
2	460	Sound	0	4528089	12000	3			12000		other	0
2	461	Sound	std	4534049	0	3			0		other	0
2	462	Sound	std	4541009	0	2			0		other	0
2	463	Sound	deviant_rise	4546791	0	3			0		other	0
2	463	Sound	0	4558791	12000	3			12000		other	0
2	464	Sound	std	4565669	0	3			0		other	0
2	465	Sound	std	4572739	0	3			0		other	0
2	466	Sound	std	4580329	0	3			0		other	0
2	467	Sound	std	4586228	0	3			0		other	0
2	468	Sound	deviant_fall	4592579	0	3			0		other	0
2	468	Sound	0	4604579	12000	3			12000		other	0
2	469	Sound	std	4611089	0	3			0		other	0
2	470	Sound	std	4616989	0	3			0		other	0
2	471	Sound	std	4623129	0	3			0		other	0
2	472	Sound	std	4629319	0	3			0		other	0
2	473	Sound	std	4635589	0	2			0		other	0
2	474	Sound	std	4642418	0	3			0		other	0
2	475	Sound	std	4649989	0	3			0		other	0
2	476	Sound	std	4656299	0	3			0		other	0
2	477	Sound	std	4663939	0	3			0		other	0
2	478	Sound	std	4671290	0	3			0		other	0
2	479	Sound	deviant_flat	4677749	0	3			0		other	0
2	479	Sound	0	4689749	12000	3			12000		other	0
2	480	Sound	std	4696578	0	3			0		other	0
2	481	Sound	std	4704229	0	5			0		other	0
2	482	Sound	std	4710078	0	3			0		other	0
2	483	Sound	std	4717029	0	3			0		other	0
2	484	Sound	deviant_rise	4724189	0	3			0		other	0
2	484	Sound	0	4736189	12000	3			12000		other	0
2	485	Sound	std	4742169	0	3			0		other	0
2	486	Sound	deviant_fall	4749219	0	3			0		other	0
2	486	Sound	0	4761219	12000	3			12000		other	0
2	487	Sound	std	4768279	0	3			0		other	0
2	488	Sound	std	4774569	0	3			0		other	0
2	489	Sound	deviant_flat	4781399	0	3			0		other	0
2	489	Sound	0	4793399	12000	3			12000		other	0
2	490	Sound	deviant_flat	4800739	0	3			0		other	0
2	490	Sound	0	4812739	12000	3			12000		other	0
2	491	Sound	std	4818868	0	3			0		other	0
2	492	Sound	std	4825798	0	3			0		other	0
2	493	Sound	deviant_flat	4832790	0	3			0		other	0
2	493	Sound	0	4844790	12000	3			12000		other	0
2	494	Sound	deviant_rise	4851329	0	3			0		other	0
2	494	Sound	0	4863329	12000	3			12000		other	0
2	495	Sound	std	4869409	0	3			0		other	0
2	496	Sound	std	4875619	0	3			0		other	0
2	497	Sound	std	4881399	0	3			0		other	0
2	498	Sound	deviant_fall	4887408	0	3			0		other	0
2	498	Sound	0	4899408	12000	3			12000		other	0
2	499	Sound	std	4906999	0	3			0		other	0
2	500	Sound	deviant_rise	4913839	0	3			0		other	0
2	500	Sound	0	4925839	12000	3			12000		other	0
2	501	Sound	std	4931688	0	3			0		other	0
2	502	Sound	std	4939138	0	3			0		other	0
2	503	Sound	std	4946789	0	3			0		other	0
2	504	Sound	std	4953258	0	3			0		other	0
2	505	Sound	std	4960018	0	6			0		other	0
2	506	Sound	std	4966349	0	3			0		other	0
2	507	Sound	deviant_fall	4972888	0	3			0		other	0
2	507	Sound	0	4984888	12000	3			12000		other	0
2	508	Sound	std	4990989	0	3			0		other	0
2	509	Sound	std	4998548	0	3			0		other	0
2	510	Sound	std	5005429	0	3			0		other	0
2	511	Sound	std	5012798	0	3			0		other	0
2	512	Sound	std	5019978	0	3			0		other	0
2	513	Sound	deviant_fall	5026488	0	3			0		other	0
2	513	Sound	0	5038488	12000	3			12000		other	0
2	514	Sound	std	5045558	0	3			0		other	0
2	515	Sound	deviant_fall	5051448	0	3			0		other	0
2	515	Sound	0	5063448	12000	3			12000		other	0
2	516	Sound	std	5069218	0	3			0		other	0
2	517	Sound	std	5076599	0	3			0		other	0
2	518	Sound	std	5082998	0	6			0		other	0
2	519	Sound	std	5089459	0	3			0		other	0
2	520	Sound	deviant_flat	5096478	0	3			0		other	0
2	520	Sound	0	5108478	12000	3			12000		other	0
2	521	Sound	std	5115248	0	3			0		other	0
2	522	Sound	deviant_rise	5122658	0	3			0		other	0
2	522	Sound	0	5134658	12000	2			12000		other	0
2	523	Sound	deviant_flat	5141259	0	2			0		other	0
2	523	Sound	0	5153259	12000	3			12000		other	0
2	524	Sound	deviant_rise	5160059	0	2			0		other	0
2	524	Sound	0	5172059	12000	3			12000		other	0
2	525	Sound	deviant_fall	5179328	0	3			0		other	0
2	525	Sound	0	5191328	12000	3			12000		other	0
2	526	Sound	std	5197958	0	3			0		other	0
2	527	Sound	std	5204828	0	2			0		other	0
2	528	Sound	std	5211089	0	2			0		other	0
2	529	Sound	deviant_flat	5217038	0	3			0		other	0
2	529	Sound	0	5229038	12000	3			12000		other	0
2	530	Sound	std	5234988	0	3			0		other	0
2	531	Sound	std	5241848	0	3			0		other	0
2	532	Sound	std	5247768	0	3			0		other	0
2	533	Sound	std	5255317	0	2			0		other	0
2	534	Sound	std	5261118	0	3			0		other	0
2	535	Sound	std	5268558	0	3			0		other	0
2	536	Sound	deviant_fall	5276048	0	3			0		other	0
2	536	Sound	0	5288048	12000	2			12000		other	0
2	537	Sound	std	5293858	0	3			0		other	0
2	538	Sound	std	5300158	0	2			0		other	0
2	539	Sound	std	5306458	0	2			0		other	0
2	540	Sound	std	5312660	0	2			0		other	0
2	541	Sound	deviant_fall	5320258	0	2			0		other	0
2	541	Sound	0	5332258	12000	3			12000		other	0
2	542	Sound	std	5339237	0	3			0		other	0
2	543	Sound	std	5346898	0	3			0		other	0
2	544	Sound	deviant_flat	5354609	0	3			0		other	0
2	544	Sound	0	5366609	12000	3			12000		other	0
2	545	Sound	deviant_fall	5374028	0	3			0		other	0
2	545	Sound	0	5386028	12000	3			12000		other	0
2	546	Sound	std	5393597	0	4			0		other	0
2	547	Sound	std	5401008	0	3			0		other	0
2	548	Sound	std	5407078	0	3			0		other	0
2	549	Sound	std	5413378	0	3			0		other	0
2	550	Sound	deviant_rise	5419728	0	3			0		other	0
2	550	Sound	0	5431728	12000	3			12000		other	0
2	551	Sound	std	5438267	0	3			0		other	0
2	552	Sound	std	5444988	0	3			0		other	0
2	553	Sound	std	5451498	0	3			0		other	0
2	554	Sound	std	5459288	0	3			0		other	0
2	555	Sound	std	5466813	0	2			0		other	0
2	556	Sound	std	5473558	0	3			0		other	0
2	557	Sound	std	5480327	0	4			0		other	0
2	558	Sound	std	5486828	0	3			0		other	0
2	559	Sound	std	5493428	0	3			0		other	0
2	560	Sound	std	5500908	0	3			0		other	0
2	561	Sound	std	5507397	0	3			0		other	0
2	562	Sound	std	5513798	0	3			0		other	0
2	563	Sound	std	5520718	0	3			0		other	0
2	564	Sound	deviant_flat	5527027	0	3			0		other	0
2	564	Sound	0	5539027	12000	3			12000		other	0
2	565	Sound	std	5546198	0	3			0		other	0
2	566	Sound	std	5553187	0	3			0		other	0
2	567	Sound	deviant_fall	5560538	0	2			0		other	0
2	567	Sound	0	5572538	12000	3			12000		other	0
2	568	Sound	std	5578997	0	3			0		other	0
2	569	Sound	std	5586058	0	3			0		other	0
2	570	Sound	std	5592478	0	3			0		other	0
2	571	Sound	deviant_flat	5599427	0	3			0		other	0
2	571	Sound	0	5611427	12000	3			12000		other	0
2	572	Sound	std	5618147	0	3			0		other	0
2	573	Sound	std	5624417	0	3			0		other	0
2	574	Sound	std	5631128	0	3			0		other	0
2	575	Sound	std	5638258	0	2			0		other	0
2	576	Sound	std	5644028	0	3			0		other	0
2	577	Sound	std	5651727	0	3			0		other	0
2	578	Sound	std	5657778	0	3			0		other	0
2	579	Sound	deviant_rise	5664948	0	4			0		other	0
2	579	Sound	0	5676948	12000	3			12000		other	0
2	580	Sound	std	5683807	0	2			0		other	0
2	581	Sound	std	5691577	0	3			0		other	0
2	582	Sound	deviant_flat	5699048	0	2			0		other	0
2	582	Sound	0	5711048	12000	3			12000		other	0
2	583	Sound	std	5718157	0	3			0		other	0
2	584	Sound	std	5724007	0	3			0		other	0
2	585	Sound	std	5730137	0	3			0		other	0
2	586	Sound	std	5737788	0	2			0		other	0
2	587	Sound	std	5744420	0	3			0		other	0
2	588	Sound	deviant_flat	5751567	0	3			0		other	0
2	588	Sound	0	5763567	12000	3			12000		other	0
2	589	Sound	std	5770077	0	3			0		other	0
2	590	Sound	deviant_fall	5776858	0	2			0		other	0
2	590	Sound	0	5788858	12000	3			12000		other	0
2	591	Sound	std	5795817	0	3			0		other	0
2	592	Sound	deviant_flat	5803517	0	3			0		other	0
2	592	Sound	0	5815517	12000	2			12000		other	0
2	593	Sound	std	5822398	0	3			0		other	0
2	594	Sound	std	5828458	0	3			0		other	0
2	595	Sound	std	5835877	0	3			0		other	0
2	596	Sound	std	5842068	0	3			0		other	0
2	597	Sound	deviant_flat	5849477	0	3			0		other	0
2	597	Sound	0	5861477	12000	2			12000		other	0
2	598	Sound	std	5869097	0	3			0		other	0
2	599	Sound	std	5876367	0	2			0		other	0
2	600	Sound	deviant_rise	5882578	0	2			0		other	0
2	600	Sound	0	5894578	12000	3			12000		other	0
2	601	Sound	std	5901567	0	2			0		other	0
2	602	Sound	std	5907887	0	3			0		other	0
2	603	Sound	std	5914467	0	3			0		other	0
2	604	Sound	deviant_fall	5921847	0	3			0		other	0
2	604	Sound	0	5933847	12000	3			12000		other	0
2	605	Sound	std	5940247	0	2			0		other	0
2	606	Sound	std	5946578	0	3			0		other	0
2	607	Sound	std	5953117	0	3			0		other	0
2	608	Sound	std	5959048	0	3			0		other	0
2	609	Sound	deviant_fall	5965367	0	3			0		other	0
2	609	Sound	0	5977367	12000	3			12000		other	0
2	610	Sound	std	5984777	0	3			0		other	0
2	611	Sound	deviant_rise	5991006	0	3			0		other	0
2	611	Sound	0	6003006	12000	3			12000		other	0
2	612	Sound	std	6010117	0	3			0		other	0
2	613	Sound	std	6016517	0	3			0		other	0
2	614	Sound	std	6022537	0	2			0		other	0
2	615	Sound	std	6030077	0	3			0		other	0
2	616	Sound	deviant_flat	6036078	0	2			0		other	0
2	616	Sound	0	6048078	12000	2			12000		other	0
2	617	Sound	std	6054678	0	3			0		other	0
2	618	Sound	std	6061017	0	3			0		other	0
2	619	Sound	std	6067947	0	3			0		other	0
2	620	Sound	std	6074687	0	3			0		other	0
2	621	Sound	std	6081106	0	2			0		other	0
2	622	Sound	std	6087897	0	3			0		other	0
2	623	Sound	std	6094027	0	2			0		other	0
2	624	Sound	std	6100787	0	3			0		other	0
2	625	Sound	std	6106667	0	4			0		other	0
2	626	Sound	std	6114336	0	2			0		other	0
2	627	Sound	std	6121777	0	3			0		other	0
2	628	Sound	deviant_fall	6129177	0	2			0		other	0
2	628	Sound	0	6141177	12000	3			12000		other	0
2	629	Sound	std	6147876	0	3			0		other	0
2	630	Sound	deviant_rise	6154116	0	2			0		other	0
2	630	Sound	0	6166116	12000	2			12000		other	0
2	631	Sound	std	6172357	0	3			0		other	0
2	632	Sound	deviant_rise	6179677	0	2			0		other	0
2	632	Sound	0	6191677	12000	2			12000		other	0
2	633	Sound	std	6199047	0	2			0		other	0
2	634	Sound	std	6205027	0	2			0		other	0
2	635	Sound	std	6210806	0	3			0		other	0
2	636	Sound	std	6217017	0	3			0		other	0
2	637	Sound	deviant_fall	6223176	0	3			0		other	0
2	637	Sound	0	6235176	12000	2			12000		other	0
2	638	Sound	deviant_fall	6242607	0	3			0		other	0
2	638	Sound	0	6254607	12000	3			12000		other	0
2	639	Sound	std	6261247	0	3			0		other	0
2	640	Sound	std	6267897	0	3			0		other	0
2	641	Sound	std	6274756	0	3			0		other	0
2	642	Sound	std	6280866	0	3			0		other	0
2	643	Sound	std	6288187	0	3			0		other	0
2	644	Sound	std	6294477	0	3			0		other	0
2	645	Sound	std	6300356	0	3			0		other	0
2	646	Sound	std	6307906	0	6			0		other	0
2	647	Sound	std	6313686	0	3			0		other	0
2	648	Sound	std	6321156	0	2			0		other	0
2	649	Sound	std	6327577	0	2			0		other	0
2	650	Sound	std	6334997	0	2			0		other	0
2	651	Sound	std	6341997	0	3			0		other	0
2	652	Sound	std	6349437	0	3			0		other	0
2	653	Sound	std	6356566	0	3			0		other	0
2	654	Sound	std	6364237	0	3			0		other	0
2	655	Sound	deviant_fall	6370127	0	2			0		other	0
2	655	Sound	0	6382127	12000	2			12000		other	0
2	656	Sound	std	6388696	0	2			0		other	0
2	657	Sound	deviant_fall	6395787	0	3			0		other	0
2	657	Sound	0	6407787	12000	2			12000		other	0
2	658	Sound	deviant_fall	6414666	0	2			0		other	0
2	658	Sound	0	6426666	12000	3			12000		other	0
2	659	Sound	std	6432397	0	2			0		other	0
2	660	Sound	deviant_flat	6438927	0	3			0		other	0
2	660	Sound	0	6450927	12000	3			12000		other	0
2	661	Sound	std	6456886	0	7			0		other	0
2	662	Sound	std	6463407	0	3			0		other	0
2	663	Sound	deviant_flat	6470357	0	2			0		other	0
2	663	Sound	0	6482357	12000	3			12000		other	0
2	664	Sound	std	6489556	0	2			0		other	0
2	665	Sound	deviant_fall	6495526	0	3			0		other	0
2	665	Sound	0	6507526	12000	3			12000		other	0
2	666	Sound	std	6513736	0	3			0		other	0
2	667	Sound	std	6520006	0	3			0		other	0
2	668	Sound	std	6525907	0	3			0		other	0
2	669	Sound	std	6531848	0	3			0		other	0
2	670	Sound	std	6538336	0	3			0		other	0
2	671	Sound	deviant_flat	6545626	0	3			0		other	0
2	671	Sound	0	6557626	12000	2			12000		other	0
2	672	Sound	std	6563577	0	3			0		other	0
2	673	Sound	std	6571087	0	3			0		other	0
2	674	Sound	std	6578497	0	2			0		other	0
2	675	Sound	std	6584346	0	2			0		other	0
2	676	Sound	deviant_fall	6590976	0	2			0		other	0
2	676	Sound	0	6602976	12000	2			12000		other	0
2	677	Sound	std	6608766	0	3			0		other	0
2	678	Sound	std	6615997	0	2			0		other	0
2	679	Sound	std	6623007	0	3			0		other	0
2	680	Sound	std	6630727	0	3			0		other	0
2	681	Sound	std	6638257	0	3			0		other	0
2	682	Sound	std	6644266	0	3			0		other	0
2	683	Sound	std	6651406	0	3			0		other	0
2	684	Sound	std	6658846	0	3			0		other	0
2	685	Sound	std	6665167	0	3			0		other	0
2	686	Sound	deviant_fall	6671137	0	3			0		other	0
2	686	Sound	0	6683137	12000	3			12000		other	0
2	687	Sound	std	6689537	0	3			0		other	0
2	688	Sound	deviant_rise	6697027	0	2			0		other	0
2	688	Sound	0	6709027	12000	2			12000		other	0
2	689	Sound	deviant_flat	6716776	0	2			0		other	0
2	689	Sound	0	6728776	12000	3			12000		other	0
2	690	Sound	deviant_flat	6734766	0	2			0		other	0
2	690	Sound	0	6746766	12000	3			12000		other	0
2	691	Sound	std	6753166	0	3			0		other	0
2	692	Sound	std	6759667	0	2			0		other	0
2	693	Sound	std	6765786	0	3			0		other	0
2	694	Sound	std	6773137	0	3			0		other	0
2	695	Sound	std	6780355	0	2			0		other	0
2	696	Sound	std	6787467	0	10			0		other	0
2	697	Sound	std	6793746	0	3			0		other	0
2	698	Sound	std	6801296	0	3			0		other	0
2	699	Sound	std	6807929	0	12			0		other	0
2	700	Sound	std	6814027	0	2			0		other	0
2	701	Sound	std	6821656	0	3			0		other	0
2	702	Sound	deviant_flat	6829186	0	2			0		other	0
2	702	Sound	0	6841186	12000	3			12000		other	0
2	703	Sound	std	6847216	0	2			0		other	0
2	704	Sound	std	6853256	0	2			0		other	0
2	705	Sound	deviant_fall	6860546	0	2			0		other	0
2	705	Sound	0	6872546	12000	3			12000		other	0
2	706	Sound	std	6878896	0	3			0		other	0
2	707	Sound	std	6885448	0	3			0		other	0
2	708	Sound	std	6892056	0	3			0		other	0
2	709	Sound	std	6898676	0	2			0		other	0
2	710	Sound	std	6905536	0	3			0		other	0
2	711	Sound	deviant_rise	6912066	0	2			0		other	0
2	711	Sound	0	6924066	12000	3			12000		other	0
2	712	Sound	deviant_flat	6931246	0	2			0		other	0
2	712	Sound	0	6943246	12000	2			12000		other	0
2	713	Sound	std	6950346	0	3			0		other	0
2	714	Sound	std	6956636	0	3			0		other	0
2	715	Sound	std	6962536	0	3			0		other	0
2	716	Sound	std	6968536	0	3			0		other	0
2	717	Sound	std	6974416	0	2			0		other	0
2	718	Sound	deviant_flat	6981966	0	3			0		other	0
2	718	Sound	0	6993966	12000	3			12000		other	0
2	719	Sound	deviant_rise	7001265	0	2			0		other	0
2	719	Sound	0	7013265	12000	2			12000		other	0
2	720	Sound	std	7019806	0	3			0		other	0
2	721	Sound	std	7025806	0	3			0		other	0
2	722	Sound	deviant_flat	7031886	0	3			0		other	0
2	722	Sound	0	7043886	12000	3			12000		other	0
2	723	Sound	std	7050915	0	2			0		other	0
2	724	Sound	std	7056806	0	3			0		other	0
2	725	Sound	std	7063846	0	3			0		other	0
2	726	Sound	deviant_flat	7069676	0	3			0		other	0
2	726	Sound	0	7081676	12000	3			12000		other	0
2	727	Sound	std	7088315	0	3			0		other	0
2	728	Sound	std	7095286	0	3			0		other	0
2	729	Sound	std	7102867	0	3			0		other	0
2	730	Sound	std	7108657	0	2			0		other	0
2	731	Sound	std	7114435	0	2			0		other	0
2	732	Sound	std	7121606	0	3			0		other	0
2	733	Sound	deviant_flat	7129305	0	3			0		other	0
2	733	Sound	0	7141305	12000	3			12000		other	0
2	734	Sound	std	7148945	0	3			0		other	0
2	735	Sound	std	7155936	0	2			0		other	0
2	736	Sound	std	7162705	0	3			0		other	0
2	737	Sound	std	7170126	0	2			0		other	0
2	738	Sound	std	7176226	0	2			0		other	0
2	739	Sound	std	7182857	0	2			0		other	0
2	740	Sound	std	7190006	0	5			0		other	0
2	741	Sound	deviant_rise	7196806	0	2			0		other	0
2	741	Sound	0	7208806	12000	3			12000		other	0
2	742	Sound	std	7215646	0	2			0		other	0
2	743	Sound	std	7222865	0	3			0		other	0
2	744	Sound	std	7229656	0	3			0		other	0
2	745	Sound	deviant_fall	7236215	0	3			0		other	0
2	745	Sound	0	7248215	12000	3			12000		other	0
2	746	Sound	std	7254956	0	3			0		other	0
2	747	Sound	std	7261076	0	3			0		other	0
2	748	Sound	deviant_rise	7266796	0	3			0		other	0
2	748	Sound	0	7278796	12000	3			12000		other	0
2	749	Sound	deviant_rise	7286486	0	3			0		other	0
2	749	Sound	0	7298486	12000	3			12000		other	0
2	750	Sound	std	7306076	0	3			0		other	0
2	751	Sound	std	7313276	0	3			0		other	0
2	752	Sound	std	7320895	0	3			0		other	0
2	753	Sound	deviant_rise	7326746	0	3			0		other	0
2	753	Sound	0	7338746	12000	3			12000		other	0
2	754	Sound	std	7346325	0	3			0		other	0
2	755	Sound	std	7353146	0	3			0		other	0
2	756	Sound	std	7360316	0	3			0		other	0
2	757	Sound	std	7366535	0	3			0		other	0
2	758	Sound	deviant_fall	7373676	0	3			0		other	0
2	758	Sound	0	7385676	12000	3			12000		other	0
2	759	Sound	std	7392118	0	2			0		other	0
2	760	Sound	std	7398815	0	3			0		other	0
2	761	Sound	std	7406276	0	3			0		other	0
2	762	Sound	std	7412975	0	3			0		other	0
2	763	Sound	deviant_flat	7420565	0	2			0		other	0
2	763	Sound	0	7432565	12000	2			12000		other	0
2	764	Sound	std	7439965	0	3			0		other	0
2	765	Sound	deviant_fall	7446605	0	3			0		other	0
2	765	Sound	0	7458605	12000	3			12000		other	0
2	766	Sound	std	7465135	0	3			0		other	0
2	767	Sound	std	7472795	0	3			0		other	0
2	768	Sound	deviant_fall	7480506	0	2			0		other	0
2	768	Sound	0	7492506	12000	2			12000		other	0
2	769	Sound	deviant_flat	7499025	0	2			0		other	0
2	769	Sound	0	7511025	12000	3			12000		other	0
2	770	Sound	std	7518355	0	3			0		other	0
2	771	Sound	std	7525487	0	3			0		other	0
2	772	Sound	std	7532425	0	3			0		other	0
2	773	Sound	std	7540025	0	2			0		other	0
2	774	Sound	std	7545916	0	3			0		other	0
2	775	Sound	deviant_flat	7552815	0	3			0		other	0
2	775	Sound	0	7564815	12000	3			12000		other	0
2	776	Sound	deviant_flat	7571596	0	2			0		other	0
2	776	Sound	0	7583596	12000	3			12000		other	0
2	777	Sound	deviant_fall	7590645	0	3			0		other	0
2	777	Sound	0	7602645	12000	3			12000		other	0
2	778	Sound	deviant_flat	7609965	0	3			0		other	0
2	778	Sound	0	7621965	12000	3			12000		other	0
2	779	Sound	deviant_flat	7629125	0	3			0		other	0
2	779	Sound	0	7641125	12000	3			12000		other	0
2	780	Sound	std	7648625	0	7			0		other	0
2	781	Sound	std	7654416	0	3			0		other	0
2	782	Sound	std	7661235	0	3			0		other	0
2	783	Sound	std	7667565	0	4			0		other	0
2	784	Sound	std	7674655	0	3			0		other	0
2	785	Sound	std	7680925	0	2			0		other	0
2	786	Sound	std	7686695	0	2			0		other	0
2	787	Sound	std	7693565	0	3			0		other	0
2	788	Sound	deviant_fall	7699555	0	2			0		other	0
2	788	Sound	0	7711555	12000	3			12000		other	0
2	789	Sound	std	7717845	0	3			0		other	0
2	790	Sound	std	7724686	0	3			0		other	0
2	791	Sound	std	7731235	0	3			0		other	0
2	792	Sound	std	7737315	0	3			0		other	0
2	793	Sound	deviant_flat	7744524	0	3			0		other	0
2	793	Sound	0	7756524	12000	2			12000		other	0
2	794	Sound	std	7763075	0	3			0		other	0
2	795	Sound	deviant_rise	7770735	0	3			0		other	0
2	795	Sound	0	7782735	12000	3			12000		other	0
2	796	Sound	deviant_flat	7790075	0	3			0		other	0
2	796	Sound	0	7802075	12000	3			12000		other	0
2	797	Sound	std	7808815	0	3			0		other	0
2	798	Sound	std	7816225	0	3			0		other	0
2	799	Sound	std	7823895	0	3			0		other	0
2	800	Sound	deviant_flat	7831345	0	2			0		other	0
2	800	Sound	0	7843345	12000	3			12000		other	0
2	801	Sound	std	7850355	0	3			0		other	0
2	802	Sound	deviant_flat	7857474	0	3			0		other	0
2	802	Sound	0	7869474	12000	2			12000		other	0
2	803	Sound	std	7875774	0	3			0		other	0
2	804	Sound	std	7882114	0	3			0		other	0
2	805	Sound	std	7888134	0	3			0		other	0
2	806	Sound	deviant_flat	7895775	0	2			0		other	0
2	806	Sound	0	7907775	12000	3			12000		other	0
2	807	Sound	std	7914815	0	3			0		other	0
2	808	Sound	std	7920615	0	3			0		other	0
2	809	Sound	deviant_fall	7926645	0	3			0		other	0
2	809	Sound	0	7938645	12000	2			12000		other	0
2	810	Sound	deviant_rise	7945645	0	3			0		other	0
2	810	Sound	0	7957645	12000	2			12000		other	0
2	811	Sound	std	7964815	0	3			0		other	0
2	812	Sound	std	7971604	0	3			0		other	0
2	813	Sound	deviant_rise	7977706	0	3			0		other	0
2	813	Sound	0	7989706	12000	2			12000		other	0
2	814	Sound	deviant_fall	7996974	0	2			0		other	0
2	814	Sound	0	8008974	12000	2			12000		other	0
2	815	Sound	std	8014755	0	3			0		other	0
2	816	Sound	deviant_rise	8020554	0	2			0		other	0
2	816	Sound	0	8032554	12000	3			12000		other	0
2	817	Sound	std	8039374	0	3			0		other	0
2	818	Sound	deviant_flat	8046224	0	3			0		other	0
2	818	Sound	0	8058224	12000	3			12000		other	0
2	819	Sound	std	8065215	0	2			0		other	0
2	820	Sound	deviant_rise	8072895	0	3			0		other	0
2	820	Sound	0	8084895	12000	2			12000		other	0
2	821	Sound	std	8091925	0	2			0		other	0
2	822	Sound	std	8098664	0	3			0		other	0
2	823	Sound	deviant_rise	8105025	0	3			0		other	0
2	823	Sound	0	8117025	12000	3			12000		other	0
2	824	Sound	deviant_flat	8122825	0	2			0		other	0
2	824	Sound	0	8134825	12000	3			12000		other	0
2	825	Sound	std	8141774	0	3			0		other	0
2	826	Sound	std	8148065	0	2			0		other	0
2	827	Sound	std	8154945	0	2			0		other	0
2	828	Sound	std	8162004	0	3			0		other	0
2	829	Sound	std	8168614	0	3			0		other	0
2	830	Sound	std	8175675	0	4			0		other	0
2	831	Sound	std	8183245	0	2			0		other	0
2	832	Sound	std	8189534	0	10			0		other	0
2	833	Sound	std	8197024	0	2			0		other	0
2	834	Sound	std	8204395	0	2			0		other	0
2	835	Sound	deviant_rise	8211024	0	3			0		other	0
2	835	Sound	0	8223024	12000	2			12000		other	0
2	836	Sound	std	8230024	0	3			0		other	0
2	837	Sound	std	8237224	0	3			0		other	0
2	838	Sound	std	8244924	0	3			0		other	0
2	839	Sound	std	8252684	0	3			0		other	0
2	840	Sound	deviant_rise	8259154	0	2			0		other	0
2	840	Sound	0	8271154	12000	3			12000		other	0
2	841	Sound	std	8278174	0	3			0		other	0
2	842	Sound	std	8285403	0	3			0		other	0
2	843	Sound	std	8291694	0	3			0		other	0
2	844	Sound	std	8298294	0	3			0		other	0
2	845	Sound	std	8304224	0	3			0		other	0
2	846	Sound	std	8311504	0	2			0		other	0
2	847	Sound	std	8318585	0	3			0		other	0
2	848	Sound	deviant_rise	8326144	0	2			0		other	0
2	848	Sound	0	8338144	12000	3			12000		other	0
2	849	Sound	std	8345445	0	2			0		other	0
2	850	Sound	std	8351504	0	3			0		other	0
2	851	Sound	std	8357364	0	3			0		other	0
2	852	Sound	std	8364394	0	3			0		other	0
2	853	Sound	deviant_rise	8370664	0	2			0		other	0
2	853	Sound	0	8382665	12000	3			12000		other	0
2	854	Sound	std	8388864	0	3			0		other	0
2	855	Sound	std	8395714	0	3			0		other	0
2	856	Sound	std	8402404	0	3			0		other	0
2	857	Sound	std	8409025	0	3			0		other	0
2	858	Sound	std	8414974	0	3			0		other	0
2	859	Sound	std	8421784	0	2			0		other	0
2	860	Sound	std	8427584	0	3			0		other	0
2	861	Sound	std	8433795	0	2			0		other	0
2	862	Sound	std	8441294	0	3			0		other	0
2	863	Sound	std	8447964	0	3			0		other	0
2	864	Sound	std	8453814	0	3			0		other	0
2	865	Sound	std	8459724	0	3			0		other	0
2	866	Sound	std	8466225	0	2			0		other	0
2	867	Sound	std	8472104	0	3			0		other	0
2	868	Sound	std	8479644	0	3			0		other	0
2	869	Sound	std	8487014	0	3			0		other	0
2	870	Sound	deviant_flat	8494565	0	2			0		other	0
2	870	Sound	0	8506565	12000	2			12000		other	0
2	871	Sound	deviant_flat	8513594	0	3			0		other	0
2	871	Sound	0	8525594	12000	3			12000		other	0
2	872	Sound	std	8533084	0	4			0		other	0
2	873	Sound	std	8539904	0	3			0		other	0
2	874	Sound	std	8545894	0	3			0		other	0
2	875	Sound	std	8553244	0	3			0		other	0
2	876	Sound	std	8559345	0	3			0		other	0
2	877	Sound	std	8565295	0	2			0		other	0
2	878	Sound	std	8572373	0	2			0		other	0
2	879	Sound	std	8578174	0	3			0		other	0
2	880	Sound	std	8585743	0	3			0		other	0
2	881	Sound	std	8593094	0	2			0		other	0
2	882	Sound	std	8600304	0	3			0		other	0
2	883	Sound	std	8606273	0	2			0		other	0
2	884	Sound	std	8612803	0	3			0		other	0
2	885	Sound	std	8620134	0	2			0		other	0
2	886	Sound	std	8627374	0	2			0		other	0
2	887	Sound	std	8633964	0	3			0		other	0
2	888	Sound	std	8639784	0	3			0		other	0
2	889	Sound	std	8647064	0	3			0		other	0
2	890	Sound	std	8653423	0	3			0		other	0
2	891	Sound	std	8659734	0	3			0		other	0
2	892	Sound	std	8667343	0	3			0		other	0
2	893	Sound	std	8674585	0	3			0		other	0
2	894	Sound	std	8681384	0	4			0		other	0
2	895	Sound	std	8687715	0	2			0		other	0
2	896	Sound	deviant_fall	8694434	0	3			0		other	0
2	896	Sound	0	8706434	12000	3			12000		other	0
2	897	Sound	std	8713484	0	3			0		other	0
2	898	Sound	deviant_flat	8720434	0	3			0		other	0
2	898	Sound	0	8732434	12000	2			12000		other	0
2	899	Sound	deviant_fall	8740134	0	3			0		other	0
2	899	Sound	0	8752134	12000	3			12000		other	0
2	900	Sound	deviant_fall	8758934	0	3			0		other	0
2	900	Sound	0	8770934	12000	2			12000		other	0
2	901	Sound	std	8778015	0	3			0		other	0
2	902	Sound	std	8784553	0	3			0		other	0
2	903	Sound	std	8790844	0	4			0		other	0
2	904	Sound	deviant_fall	8798384	0	3			0		other	0
2	904	Sound	0	8810384	12000	11			12000		other	0
2	905	Sound	std	8816704	0	2			0		other	0
2	906	Sound	deviant_rise	8822903	0	3			0		other	0
2	906	Sound	0	8834903	12000	3			12000		other	0
2	907	Sound	std	8842644	0	3			0		other	0
2	908	Sound	deviant_rise	8849943	0	3			0		other	0
2	908	Sound	0	8861943	12000	3			12000		other	0
2	909	Sound	std	8868764	0	2			0		other	0
2	910	Sound	std	8874645	0	3			0		other	0
2	911	Sound	std	8881093	0	3			0		other	0
2	912	Sound	deviant_rise	8888363	0	3			0		other	0
2	912	Sound	0	8900363	12000	3			12000		other	0
2	913	Sound	std	8908073	0	3			0		other	0
2	914	Sound	std	8914993	0	3			0		other	0
2	915	Sound	std	8922714	0	3			0		other	0
2	916	Sound	std	8930403	0	3			0		other	0
2	917	Sound	deviant_rise	8936594	0	2			0		other	0
2	917	Sound	0	8948594	12000	3			12000		other	0
2	918	Sound	deviant_flat	8955873	0	3			0		other	0
2	918	Sound	0	8967873	12000	3			12000		other	0
2	919	Sound	deviant_flat	8974194	0	3			0		other	0
2	919	Sound	0	8986194	12000	3			12000		other	0
2	920	Sound	std	8992393	0	3			0		other	0
2	921	Sound	deviant_fall	8999833	0	3			0		other	0
2	921	Sound	0	9011833	12000	3			12000		other	0
2	922	Sound	std	9018334	0	2			0		other	0
2	923	Sound	std	9024704	0	3			0		other	0
2	924	Sound	std	9031783	0	3			0		other	0
2	925	Sound	std	9037844	0	2			0		other	0
2	926	Sound	std	9043955	0	3			0		other	0
2	927	Sound	std	9050983	0	3			0		other	0
2	928	Sound	std	9058593	0	2			0		other	0
2	929	Sound	std	9064864	0	2			0		other	0
2	930	Sound	deviant_flat	9072294	0	2			0		other	0
2	930	Sound	0	9084294	12000	3			12000		other	0
2	931	Sound	std	9090633	0	3			0		other	0
2	932	Sound	deviant_rise	9097694	0	3			0		other	0
2	932	Sound	0	9109694	12000	3			12000		other	0
2	933	Sound	std	9115813	0	2			0		other	0
2	934	Sound	std	9122483	0	3			0		other	0
2	935	Sound	std	9128324	0	3			0		other	0
2	936	Sound	std	9135623	0	3			0		other	0
2	937	Sound	std	9141824	0	2			0		other	0
2	938	Sound	std	9148353	0	3			0		other	0
2	939	Sound	deviant_rise	9154394	0	3			0		other	0
2	939	Sound	0	9166394	12000	2			12000		other	0
2	940	Sound	std	9173573	0	3			0		other	0
2	941	Sound	std	9181253	0	3			0		other	0
2	942	Sound	deviant_fall	9188623	0	2			0		other	0
2	942	Sound	0	9200623	12000	3			12000		other	0
2	943	Sound	deviant_rise	9207413	0	3			0		other	0
2	943	Sound	0	9219413	12000	3			12000		other	0
2	944	Sound	deviant_fall	9226154	0	3			0		other	0
2	944	Sound	0	9238154	12000	3			12000		other	0
2	945	Sound	std	9244394	0	3			0		other	0
2	946	Sound	deviant_fall	9251693	0	2			0		other	0
2	946	Sound	0	9263693	12000	3			12000		other	0
2	947	Sound	deviant_rise	9270973	0	7			0		other	0
2	947	Sound	0	9282973	12000	2			12000		other	0
2	948	Sound	std	9288774	0	3			0		other	0
2	949	Sound	std	9295713	0	3			0		other	0
2	950	Sound	std	9302074	0	2			0		other	0
2	951	Sound	std	9308333	0	2			0		other	0
2	952	Sound	std	9314963	0	3			0		other	0
2	953	Sound	std	9322093	0	3			0		other	0
2	954	Sound	std	9328654	0	3			0		other	0
2	955	Sound	std	9334544	0	3			0		other	0
2	956	Sound	deviant_fall	9340714	0	3			0		other	0
2	956	Sound	0	9352714	12000	3			12000		other	0
2	957	Response	1	11620465	2266723	3


Event Type	Code	Type	Response	RT	RT Uncertainty	Time	Uncertainty	Duration	Uncertainty	ReqTime	ReqDur

Sound	std	other				62043	346			0
Sound	std	other				69895	3			0
Sound	std	other				76024	3			0
Sound	std	other				83714	3			0
Sound	std	other				91175	3			0
Sound	std	other				98134	3			0
Sound	std	other				105754	3			0
Sound	std	other				112754	3			0
Sound	std	other				119524	3			0
Sound	std	other				127264	3			0
Sound	std	other				133503	2			0
Sound	std	other				139875	2			0
Sound	deviant_fall	other				147104	3			0
Sound	0	other				159104	3			12000
Sound	std	other				166524	2			0
Sound	std	other				173284	2			0
Sound	std	other				180904	3			0
Sound	std	other				186775	3			0
Sound	deviant_fall	other				193065	3			0
Sound	0	other				205065	3			12000
Sound	std	other				212684	3			0
Sound	deviant_fall	other				220334	3			0
Sound	0	other				232334	3			12000
Sound	deviant_flat	other				238404	2			0
Sound	0	other				250404	3			12000
Sound	std	other				256224	3			0
Sound	std	other				262614	3			0
Sound	std	other				270264	3			0
Sound	std	other				276014	3			0
Sound	deviant_flat	other				282663	3			0
Sound	0	other				294663	3			12000
Sound	deviant_rise	other				301403	3			0
Sound	0	other				313403	2			12000
Sound	std	other				321155	3			0
Sound	std	other				327705	32			0
Sound	std	other				334874	3			0
Sound	std	other				341264	3			0
Sound	std	other				347873	3			0
Sound	std	other				354313	3			0
Sound	std	other				360554	3			0
Sound	std	other				368124	3			0
Sound	std	other				374223	3			0
Sound	std	other				381214	3			0
Sound	std	other				388944	3			0
Sound	std	other				395605	3			0
Sound	std	other				402074	3			0
Sound	std	other				409153	3			0
Sound	std	other				415754	3			0
Sound	std	other				422104	3			0
Sound	std	other				429324	2			0
Sound	std	other				436594	2			0
Sound	std	other				443794	2			0
Sound	deviant_flat	other				451104	3			0
Sound	0	other				463104	3			12000
Sound	deviant_fall	other				469883	3			0
Sound	0	other				481883	3			12000
Sound	deviant_rise	other				488774	2			0
Sound	0	other				500774	2			12000
Sound	std	other				507284	2			0
Sound	std	other				514684	3			0
Sound	std	other				520964	3			0
Sound	deviant_fall	other				526955	2			0
Sound	0	other				538955	2			12000
Sound	deviant_rise	other				545764	2			0
Sound	0	other				557764	2			12000
Sound	std	other				564364	3			0
Sound	std	other				570363	3			0
Sound	std	other				576904	2			0
Sound	std	other				584253	3			0
Sound	std	other				591054	3			0
Sound	deviant_fall	other				596953	3			0
Sound	0	other				608953	4			12000
Sound	std	other				616066	3			0
Sound	std	other				623274	3			0
Sound	std	other				629184	3			0
Sound	std	other				636203	3			0
Sound	std	other				643664	3			0
Sound	std	other				650524	3			0
Sound	deviant_rise	other				656504	3			0
Sound	0	other				668504	2			12000
Sound	std	other				675044	2			0
Sound	deviant_rise	other				681004	3			0
Sound	0	other				693004	2			12000
Sound	std	other				700403	3			0
Sound	std	other				707643	3			0
Sound	deviant_fall	other				714283	3			0
Sound	0	other				726283	3			12000
Sound	std	other				732993	3			0
Sound	std	other				739673	3			0
Sound	std	other				746763	3			0
Sound	std	other				754113	2			0
Sound	std	other				760123	3			0
Sound	std	other				767853	3			0
Sound	std	other				774822	3			0
Sound	std	other				782384	3			0
Sound	std	other				789284	2			0
Sound	std	other				795664	3			0
Sound	deviant_rise	other				801902	2			0
Sound	0	other				813902	3			12000
Sound	std	other				821484	3			0
Sound	std	other				828792	2			0
Sound	std	other				836534	2			0
Sound	std	other				842514	2			0
Sound	deviant_rise	other				849543	3			0
Sound	0	other				861543	3			12000
Sound	deviant_flat	other				868543	3			0
Sound	0	other				880543	3			12000
Sound	deviant_rise	other				886833	3			0
Sound	0	other				898833	3			12000
Sound	std	other				906133	3			0
Sound	std	other				912313	2			0
Sound	std	other				918773	3			0
Sound	std	other				924773	3			0
Sound	std	other				932362	2			0
Sound	std	other				939943	3			0
Sound	deviant_fall	other				947274	2			0
Sound	0	other				959274	2			12000
Sound	std	other				966193	3			0
Sound	std	other				972573	3			0
Sound	std	other				979044	3			0
Sound	std	other				985093	3			0
Sound	deviant_flat	other				992802	2			0
Sound	0	other				1004802	3			12000
Sound	deviant_rise	other				1011424	2			0
Sound	0	other				1023424	2			12000
Sound	std	other				1030522	2			0
Sound	deviant_flat	other				1036703	3			0
Sound	0	other				1048703	3			12000
Sound	std	other				1055143	3			0
Sound	std	other				1061254	3			0
Sound	deviant_flat	other				1068713	2			0
Sound	0	other				1080713	3			12000
Sound	std	other				1087354	3			0
Sound	std	other				1093113	2			0
Sound	std	other				1100782	3			0
Sound	std	other				1107073	3			0
Sound	deviant_rise	other				1113003	3			0
Sound	0	other				1125003	3			12000
Sound	std	other				1132092	3			0
Sound	std	other				1138612	2			0
Sound	std	other				1146244	2			0
Sound	deviant_fall	other				1152662	3			0
Sound	0	other				1164662	3			12000
Sound	deviant_fall	other				1172253	3			0
Sound	0	other				1184253	2			12000
Sound	std	other				1190232	2			0
Sound	std	other				1197713	3			0
Sound	deviant_rise	other				1204443	2			0
Sound	0	other				1216443	3			12000
Sound	std	other				1223962	3			0
Sound	std	other				1231292	3			0
Sound	deviant_rise	other				1238042	3			0
Sound	0	other				1250042	2			12000
Sound	std	other				1256872	3			0
Sound	std	other				1263463	2			0
Sound	std	other				1270705	3			0
Sound	std	other				1276532	3			0
Sound	std	other				1282902	3			0
Sound	std	other				1289312	6			0
Sound	std	other				1295852	2			0
Sound	std	other				1302052	3			0
Sound	std	other				1309532	2			0
Sound	std	other				1315813	3			0
Sound	std	other				1322384	2			0
Sound	std	other				1329263	5			0
Sound	std	other				1336913	3			0
Sound	deviant_rise	other				1343573	4			0
Sound	0	other				1355573	3			12000
Sound	std	other				1362842	2			0
Sound	deviant_rise	other				1369675	2			0
Sound	0	other				1381675	3			12000
Sound	std	other				1387472	3			0
Sound	std	other				1393973	3			0
Sound	std	other				1400622	3			0
Sound	deviant_rise	other				1406752	3			0
Sound	0	other				1418752	3			12000
Sound	std	other				1425552	3			0
Sound	std	other				1431353	3			0
Sound	deviant_flat	other				1437332	3			0
Sound	0	other				1449332	3			12000
Sound	std	other				1456432	2			0
Sound	std	other				1462513	2			0
Sound	std	other				1468753	3			0
Sound	std	other				1474532	3			0
Sound	deviant_rise	other				1480432	3			0
Sound	0	other				1492432	2			12000
Sound	std	other				1499803	2			0
Sound	deviant_rise	other				1507193	3			0
Sound	0	other				1519193	5			12000
Sound	deviant_rise	other				1526522	3			0
Sound	0	other				1538522	2			12000
Sound	deviant_flat	other				1544902	2			0
Sound	0	other				1556902	3			12000
Sound	std	other				1564143	3			0
Sound	deviant_fall	other				1571082	2			0
Sound	0	other				1583082	2			12000
Sound	std	other				1589283	3			0
Sound	std	other				1596572	3			0
Sound	deviant_fall	other				1602582	3			0
Sound	0	other				1614582	3			12000
Sound	deviant_flat	other				1620962	2			0
Sound	0	other				1632962	2			12000
Sound	std	other				1639502	4			0
Sound	std	other				1646252	3			0
Sound	deviant_rise	other				1652072	2			0
Sound	0	other				1664072	3			12000
Sound	std	other				1670352	3			0
Sound	std	other				1676572	2			0
Sound	deviant_fall	other				1683682	3			0
Sound	0	other				1695682	3			12000
Sound	deviant_fall	other				1702632	2			0
Sound	0	other				1714632	2			12000
Sound	deviant_fall	other				1720912	3			0
Sound	0	other				1732912	2			12000
Sound	std	other				1739032	3			0
Sound	std	other				1745392	3			0
Sound	deviant_fall	other				1751312	3			0
Sound	0	other				1763312	3			12000
Sound	deviant_fall	other				1769322	3			0
Sound	0	other				1781322	2			12000
Sound	std	other				1788252	2			0
Sound	deviant_fall	other				1794002	3			0
Sound	0	other				1806002	2			12000
Sound	std	other				1813612	3			0
Sound	std	other				1820272	3			0
Sound	deviant_fall	other				1826002	3			0
Sound	0	other				1838002	2			12000
Sound	std	other				1844402	3			0
Sound	deviant_rise	other				1850982	3			0
Sound	0	other				1862982	2			12000
Sound	std	other				1869812	2			0
Sound	std	other				1877342	2			0
Sound	std	other				1884042	3			0
Sound	std	other				1890692	3			0
Sound	std	other				1897313	2			0
Sound	std	other				1904471	3			0
Sound	deviant_flat	other				1910712	3			0
Sound	0	other				1922712	3			12000
Sound	std	other				1929302	3			0
Sound	deviant_rise	other				1935332	3			0
Sound	0	other				1947332	3			12000
Sound	std	other				1954342	3			0
Sound	std	other				1961772	3			0
Sound	std	other				1969482	3			0
Sound	deviant_flat	other				1977194	3			0
Sound	0	other				1989194	2			12000
Sound	std	other				1996392	2			0
Sound	deviant_rise	other				2002752	3			0
Sound	0	other				2014752	3			12000
Sound	std	other				2021961	2			0
Sound	std	other				2029391	3			0
Sound	std	other				2035552	3			0
Sound	std	other				2043172	3			0
Sound	std	other				2049643	3			0
Sound	std	other				2056732	3			0
Sound	std	other				2063072	3			0
Sound	std	other				2069543	3			0
Sound	std	other				2076952	3			0
Sound	std	other				2084412	3			0
Sound	deviant_fall	other				2092052	3			0
Sound	0	other				2104052	2			12000
Sound	std	other				2111031	3			0
Sound	std	other				2118372	3			0
Sound	deviant_flat	other				2126061	3			0
Sound	0	other				2138061	2			12000
Sound	deviant_flat	other				2145661	2			0
Sound	0	other				2157661	2			12000
Sound	std	other				2163692	3			0
Sound	std	other				2169903	3			0
Sound	std	other				2176332	3			0
Sound	std	other				2183871	3			0
Sound	std	other				2190002	3			0
Sound	std	other				2197612	2			0
Sound	deviant_flat	other				2204542	2			0
Sound	0	other				2216542	3			12000
Sound	std	other				2222501	3			0
Sound	deviant_fall	other				2229362	3			0
Sound	0	other				2241362	3			12000
Sound	std	other				2247441	3			0
Sound	std	other				2253401	2			0
Sound	std	other				2260592	2			0
Sound	std	other				2267641	3			0
Sound	std	other				2274062	3			0
Sound	std	other				2280422	2			0
Sound	std	other				2286761	2			0
Sound	deviant_flat	other				2294391	2			0
Sound	0	other				2306391	3			12000
Sound	std	other				2312441	3			0
Sound	std	other				2319071	3			0
Sound	std	other				2325641	3			0
Sound	std	other				2333191	3			0
Sound	std	other				2339201	3			0
Sound	std	other				2345923	3			0
Sound	std	other				2353412	3			0
Sound	std	other				2359922	3			0
Sound	std	other				2366751	3			0
Sound	std	other				2374261	3			0
Sound	std	other				2380301	3			0
Sound	std	other				2387140	2			0
Sound	std	other				2393292	3			0
Sound	deviant_fall	other				2399931	3			0
Sound	0	other				2411931	3			12000
Sound	std	other				2419642	3			0
Sound	std	other				2426342	3			0
Sound	deviant_rise	other				2434051	3			0
Sound	0	other				2446051	2			12000
Sound	std	other				2452031	3			0
Sound	std	other				2459592	4			0
Sound	std	other				2466911	2			0
Sound	deviant_rise	other				2473362	3			0
Sound	0	other				2485362	3			12000
Sound	std	other				2491120	5			0
Sound	std	other				2498242	3			0
Sound	std	other				2505291	3			0
Sound	std	other				2511271	2			0
Sound	std	other				2518711	2			0
Sound	std	other				2525281	3			0
Sound	deviant_flat	other				2532661	3			0
Sound	0	other				2544661	2			12000
Sound	std	other				2550951	3			0
Sound	std	other				2558451	3			0
Sound	std	other				2564502	2			0
Sound	deviant_rise	other				2571811	3			0
Sound	0	other				2583811	2			12000
Sound	std	other				2590941	3			0
Sound	std	other				2596931	3			0
Sound	std	other				2602730	2			0
Sound	std	other				2610275	3			0
Sound	std	other				2617331	3			0
Sound	deviant_rise	other				2624451	4			0
Sound	0	other				2636451	3			12000
Sound	deviant_rise	other				2644111	3			0
Sound	0	other				2656111	3			12000
Sound	std	other				2663522	3			0
Sound	std	other				2671242	2			0
Sound	deviant_rise	other				2678281	3			0
Sound	0	other				2690281	3			12000
Sound	std	other				2697701	2			0
Sound	std	other				2703572	3			0
Sound	deviant_flat	other				2709481	3			0
Sound	0	other				2721481	2			12000
Sound	std	other				2728401	3			0
Sound	std	other				2735362	2			0
Sound	std	other				2742640	3			0
Sound	deviant_fall	other				2749201	2			0
Sound	0	other				2761201	3			12000
Sound	std	other				2768071	2			0
Sound	std	other				2775781	3			0
Sound	std	other				2782872	2			0
Sound	deviant_flat	other				2788940	3			0
Sound	0	other				2800940	3			12000
Sound	std	other				2807721	2			0
Sound	std	other				2814881	3			0
Sound	std	other				2821331	3			0
Sound	std	other				2827781	3			0
Sound	std	other				2835381	3			0
Sound	std	other				2842920	3			0
Sound	std	other				2849721	2			0
Sound	std	other				2857462	3			0
Sound	std	other				2864241	3			0
Sound	std	other				2870551	3			0
Sound	std	other				2877481	3			0
Sound	std	other				2883711	3			0
Sound	std	other				2889711	3			0
Sound	std	other				2896181	3			0
Sound	deviant_fall	other				2902861	3			0
Sound	0	other				2914861	3			12000
Sound	std	other				2921351	3			0
Sound	deviant_fall	other				2927501	3			0
Sound	0	other				2939501	2			12000
Sound	std	other				2945561	3			0
Sound	std	other				2952881	3			0
Sound	std	other				2960020	3			0
Sound	std	other				2967592	3			0
Sound	deviant_flat	other				2973541	2			0
Sound	0	other				2985541	2			12000
Sound	std	other				2992341	3			0
Sound	deviant_flat	other				2999941	3			0
Sound	0	other				3011941	3			12000
Sound	std	other				3019541	3			0
Sound	deviant_flat	other				3026811	3			0
Sound	0	other				3038811	3			12000
Sound	deviant_rise	other				3044881	3			0
Sound	0	other				3056881	3			12000
Sound	std	other				3063990	3			0
Sound	std	other				3070490	3			0
Sound	std	other				3078180	3			0
Sound	std	other				3084690	3			0
Sound	deviant_fall	other				3091720	3			0
Sound	0	other				3103720	3			12000
Sound	std	other				3110341	3			0
Sound	std	other				3117241	2			0
Sound	std	other				3124470	3			0
Sound	std	other				3131221	2			0
Sound	std	other				3137551	2			0
Sound	std	other				3144331	2			0
Sound	deviant_rise	other				3152070	3			0
Sound	0	other				3164070	3			12000
Sound	std	other				3169850	3			0
Sound	std	other				3177070	2			0
Sound	std	other				3184300	3			0
Sound	deviant_rise	other				3191694	3			0
Sound	0	other				3203694	2			12000
Sound	std	other				3209950	3			0
Sound	std	other				3215950	18			0
Sound	std	other				3222040	3			0
Sound	std	other				3229120	3			0
Sound	std	other				3235760	3			0
Sound	deviant_flat	other				3242351	2			0
Sound	0	other				3254351	3			12000
Sound	std	other				3260330	3			0
Sound	std	other				3266090	3			0
Sound	std	other				3273250	3			0
Sound	std	other				3280261	3			0
Sound	std	other				3286081	3			0
Sound	std	other				3293390	4			0
Sound	std	other				3301040	3			0
Sound	deviant_flat	other				3307740	3			0
Sound	0	other				3319740	3			12000
Sound	std	other				3326050	2			0
Sound	std	other				3332361	3			0
Sound	deviant_rise	other				3339670	3			0
Sound	0	other				3351670	4			12000
Sound	std	other				3358771	3			0
Sound	std	other				3364550	3			0
Sound	deviant_rise	other				3371460	3			0
Sound	0	other				3383460	3			12000
Sound	deviant_rise	other				3390181	3			0
Sound	0	other				3402181	3			12000
Sound	std	other				3409760	3			0
Sound	std	other				3417161	3			0
Sound	deviant_flat	other				3424440	3			0
Sound	0	other				3436440	3			12000
Sound	std	other				3442810	3			0
Sound	std	other				3449830	3			0
Sound	std	other				3456180	3			0
Sound	deviant_fall	other				3463760	3			0
Sound	0	other				3475760	3			12000
Sound	std	other				3481691	12			0
Sound	std	other				3487611	3			0
Sound	deviant_rise	other				3495381	3			0
Sound	0	other				3507381	3			12000
Sound	std	other				3514100	2			0
Sound	std	other				3521500	3			0
Sound	deviant_rise	other				3528831	3			0
Sound	0	other				3540831	3			12000
Sound	std	other				3547120	3			0
Sound	deviant_fall	other				3553770	4			0
Sound	0	other				3565770	2			12000
Sound	deviant_flat	other				3573390	3			0
Sound	0	other				3585390	2			12000
Sound	std	other				3592070	3			0
Sound	std	other				3599400	3			0
Sound	std	other				3605300	3			0
Sound	std	other				3612651	2			0
Sound	std	other				3618430	3			0
Sound	deviant_fall	other				3625811	3			0
Sound	0	other				3637811	3			12000
Sound	deviant_flat	other				3643980	3			0
Sound	0	other				3655980	3			12000
Sound	std	other				3662450	3			0
Sound	deviant_flat	other				3668770	3			0
Sound	0	other				3680770	3			12000
Sound	std	other				3686930	2			0
Sound	std	other				3693021	3			0
Sound	std	other				3699920	3			0
Sound	std	other				3706130	3			0
Sound	std	other				3712160	3			0
Sound	std	other				3718110	3			0
Sound	deviant_fall	other				3724740	3			0
Sound	0	other				3736740	3			12000
Sound	std	other				3743200	3			0
Sound	std	other				3750300	3			0
Sound	std	other				3758020	3			0
Sound	std	other				3765710	3			0
Sound	std	other				3772860	3			0
Sound	std	other				3779080	3			0
Sound	std	other				3784960	2			0
Sound	std	other				3792170	3			0
Sound	std	other				3799655	3			0
Sound	std	other				3805500	2			0
Sound	std	other				3813070	3			0
Sound	std	other				3819110	3			0
Sound	deviant_flat	other				3825570	3			0
Sound	0	other				3837570	3			12000
Sound	std	other				3843961	3			0
Sound	std	other				3850009	3			0
Sound	deviant_flat	other				3857520	3			0
Sound	0	other				3869520	3			12000
Sound	std	other				3876010	3			0
Sound	std	other				3883460	3			0
Sound	std	other				3891071	3			0
Sound	std	other				3897769	3			0
Sound	std	other				3903970	3			0
Sound	std	other				3910760	2			0
Sound	std	other				3916830	3			0
Sound	std	other				3924450	3			0
Sound	std	other				3931089	3			0
Sound	std	other				3937620	3			0
Sound	std	other				3944940	3			0
Sound	deviant_rise	other				3951740	3			0
Sound	0	other				3963740	3			12000
Sound	std	other				3970130	2			0
Sound	std	other				3977779	3			0
Sound	std	other				3983609	3			0
Sound	deviant_fall	other				3991209	3			0
Sound	0	other				4003209	6			12000
Sound	std	other				4010669	3			0
Sound	std	other				4017890	3			0
Sound	std	other				4024760	3			0
Sound	std	other				4031939	4			0
Sound	deviant_rise	other				4038020	3			0
Sound	0	other				4050020	3			12000
Sound	std	other				4055979	2			0
Sound	std	other				4062050	3			0
Sound	std	other				4068399	2			0
Sound	std	other				4074390	3			0
Sound	deviant_fall	other				4080509	2			0
Sound	0	other				4092509	3			12000
Sound	std	other				4099740	2			0
Sound	std	other				4107249	4			0
Sound	deviant_rise	other				4113219	3			0
Sound	0	other				4125219	3			12000
Sound	deviant_rise	other				4131399	3			0
Sound	0	other				4143399	6			12000
Sound	std	other				4150569	3			0
Sound	std	other				4157009	2			0
Sound	std	other				4163619	3			0
Sound	deviant_fall	other				4170262	3			0
Sound	0	other				4182262	2			12000
Sound	std	other				4189378	3			0
Sound	std	other				4195680	3			0
Sound	deviant_fall	other				4203298	2			0
Sound	0	other				4215298	3			12000
Sound	deviant_fall	other				4223020	3			0
Sound	0	other				4235020	3			12000
Sound	std	other				4242240	3			0
Sound	std	other				4249029	2			0
Sound	std	other				4256250	3			0
Sound	std	other				4263389	3			0
Sound	std	other				4269910	3			0
Sound	std	other				4277350	3			0
Sound	deviant_rise	other				4283620	7			0
Sound	0	other				4295620	2			12000
Sound	std	other				4301778	2			0
Sound	std	other				4307639	3			0
Sound	std	other				4314109	3			0
Sound	std	other				4321080	3			0
Sound	std	other				4327439	2			0
Sound	deviant_fall	other				4333269	3			0
Sound	0	other				4345269	2			12000
Sound	std	other				4351129	3			0
Sound	std	other				4356939	2			0
Sound	std	other				4364349	3			0
Sound	std	other				4370199	3			0
Sound	std	other				4377769	3			0
Sound	deviant_flat	other				4384449	3			0
Sound	0	other				4396449	3			12000
Sound	deviant_fall	other				4403318	2			0
Sound	0	other				4415318	2			12000
Sound	deviant_flat	other				4422568	3			0
Sound	0	other				4434568	3			12000
Sound	std	other				4440969	3			0
Sound	deviant_fall	other				4447839	3			0
Sound	0	other				4459839	2			12000
Sound	deviant_flat	other				4465760	3			0
Sound	0	other				4477760	3			12000
Sound	std	other				4483869	2			0
Sound	deviant_rise	other				4490349	54			0
Sound	0	other				4502349	3			12000
Sound	std	other				4508709	3			0
Sound	deviant_flat	other				4516089	3			0
Sound	0	other				4528089	3			12000
Sound	std	other				4534049	3			0
Sound	std	other				4541009	2			0
Sound	deviant_rise	other				4546791	3			0
Sound	0	other				4558791	3			12000
Sound	std	other				4565669	3			0
Sound	std	other				4572739	3			0
Sound	std	other				4580329	3			0
Sound	std	other				4586228	3			0
Sound	deviant_fall	other				4592579	3			0
Sound	0	other				4604579	3			12000
Sound	std	other				4611089	3			0
Sound	std	other				4616989	3			0
Sound	std	other				4623129	3			0
Sound	std	other				4629319	3			0
Sound	std	other				4635589	2			0
Sound	std	other				4642418	3			0
Sound	std	other				4649989	3			0
Sound	std	other				4656299	3			0
Sound	std	other				4663939	3			0
Sound	std	other				4671290	3			0
Sound	deviant_flat	other				4677749	3			0
Sound	0	other				4689749	3			12000
Sound	std	other				4696578	3			0
Sound	std	other				4704229	5			0
Sound	std	other				4710078	3			0
Sound	std	other				4717029	3			0
Sound	deviant_rise	other				4724189	3			0
Sound	0	other				4736189	3			12000
Sound	std	other				4742169	3			0
Sound	deviant_fall	other				4749219	3			0
Sound	0	other				4761219	3			12000
Sound	std	other				4768279	3			0
Sound	std	other				4774569	3			0
Sound	deviant_flat	other				4781399	3			0
Sound	0	other				4793399	3			12000
Sound	deviant_flat	other				4800739	3			0
Sound	0	other				4812739	3			12000
Sound	std	other				4818868	3			0
Sound	std	other				4825798	3			0
Sound	deviant_flat	other				4832790	3			0
Sound	0	other				4844790	3			12000
Sound	deviant_rise	other				4851329	3			0
Sound	0	other				4863329	3			12000
Sound	std	other				4869409	3			0
Sound	std	other				4875619	3			0
Sound	std	other				4881399	3			0
Sound	deviant_fall	other				4887408	3			0
Sound	0	other				4899408	3			12000
Sound	std	other				4906999	3			0
Sound	deviant_rise	other				4913839	3			0
Sound	0	other				4925839	3			12000
Sound	std	other				4931688	3			0
Sound	std	other				4939138	3			0
Sound	std	other				4946789	3			0
Sound	std	other				4953258	3			0
Sound	std	other				4960018	6			0
Sound	std	other				4966349	3			0
Sound	deviant_fall	other				4972888	3			0
Sound	0	other				4984888	3			12000
Sound	std	other				4990989	3			0
Sound	std	other				4998548	3			0
Sound	std	other				5005429	3			0
Sound	std	other				5012798	3			0
Sound	std	other				5019978	3			0
Sound	deviant_fall	other				5026488	3			0
Sound	0	other				5038488	3			12000
Sound	std	other				5045558	3			0
Sound	deviant_fall	other				5051448	3			0
Sound	0	other				5063448	3			12000
Sound	std	other				5069218	3			0
Sound	std	other				5076599	3			0
Sound	std	other				5082998	6			0
Sound	std	other				5089459	3			0
Sound	deviant_flat	other				5096478	3			0
Sound	0	other				5108478	3			12000
Sound	std	other				5115248	3			0
Sound	deviant_rise	other				5122658	3			0
Sound	0	other				5134658	2			12000
Sound	deviant_flat	other				5141259	2			0
Sound	0	other				5153259	3			12000
Sound	deviant_rise	other				5160059	2			0
Sound	0	other				5172059	3			12000
Sound	deviant_fall	other				5179328	3			0
Sound	0	other				5191328	3			12000
Sound	std	other				5197958	3			0
Sound	std	other				5204828	2			0
Sound	std	other				5211089	2			0
Sound	deviant_flat	other				5217038	3			0
Sound	0	other				5229038	3			12000
Sound	std	other				5234988	3			0
Sound	std	other				5241848	3			0
Sound	std	other				5247768	3			0
Sound	std	other				5255317	2			0
Sound	std	other				5261118	3			0
Sound	std	other				5268558	3			0
Sound	deviant_fall	other				5276048	3			0
Sound	0	other				5288048	2			12000
Sound	std	other				5293858	3			0
Sound	std	other				5300158	2			0
Sound	std	other				5306458	2			0
Sound	std	other				5312660	2			0
Sound	deviant_fall	other				5320258	2			0
Sound	0	other				5332258	3			12000
Sound	std	other				5339237	3			0
Sound	std	other				5346898	3			0
Sound	deviant_flat	other				5354609	3			0
Sound	0	other				5366609	3			12000
Sound	deviant_fall	other				5374028	3			0
Sound	0	other				5386028	3			12000
Sound	std	other				5393597	4			0
Sound	std	other				5401008	3			0
Sound	std	other				5407078	3			0
Sound	std	other				5413378	3			0
Sound	deviant_rise	other				5419728	3			0
Sound	0	other				5431728	3			12000
Sound	std	other				5438267	3			0
Sound	std	other				5444988	3			0
Sound	std	other				5451498	3			0
Sound	std	other				5459288	3			0
Sound	std	other				5466813	2			0
Sound	std	other				5473558	3			0
Sound	std	other				5480327	4			0
Sound	std	other				5486828	3			0
Sound	std	other				5493428	3			0
Sound	std	other				5500908	3			0
Sound	std	other				5507397	3			0
Sound	std	other				5513798	3			0
Sound	std	other				5520718	3			0
Sound	deviant_flat	other				5527027	3			0
Sound	0	other				5539027	3			12000
Sound	std	other				5546198	3			0
Sound	std	other				5553187	3			0
Sound	deviant_fall	other				5560538	2			0
Sound	0	other				5572538	3			12000
Sound	std	other				5578997	3			0
Sound	std	other				5586058	3			0
Sound	std	other				5592478	3			0
Sound	deviant_flat	other				5599427	3			0
Sound	0	other				5611427	3			12000
Sound	std	other				5618147	3			0
Sound	std	other				5624417	3			0
Sound	std	other				5631128	3			0
Sound	std	other				5638258	2			0
Sound	std	other				5644028	3			0
Sound	std	other				5651727	3			0
Sound	std	other				5657778	3			0
Sound	deviant_rise	other				5664948	4			0
Sound	0	other				5676948	3			12000
Sound	std	other				5683807	2			0
Sound	std	other				5691577	3			0
Sound	deviant_flat	other				5699048	2			0
Sound	0	other				5711048	3			12000
Sound	std	other				5718157	3			0
Sound	std	other				5724007	3			0
Sound	std	other				5730137	3			0
Sound	std	other				5737788	2			0
Sound	std	other				5744420	3			0
Sound	deviant_flat	other				5751567	3			0
Sound	0	other				5763567	3			12000
Sound	std	other				5770077	3			0
Sound	deviant_fall	other				5776858	2			0
Sound	0	other				5788858	3			12000
Sound	std	other				5795817	3			0
Sound	deviant_flat	other				5803517	3			0
Sound	0	other				5815517	2			12000
Sound	std	other				5822398	3			0
Sound	std	other				5828458	3			0
Sound	std	other				5835877	3			0
Sound	std	other				5842068	3			0
Sound	deviant_flat	other				5849477	3			0
Sound	0	other				5861477	2			12000
Sound	std	other				5869097	3			0
Sound	std	other				5876367	2			0
Sound	deviant_rise	other				5882578	2			0
Sound	0	other				5894578	3			12000
Sound	std	other				5901567	2			0
Sound	std	other				5907887	3			0
Sound	std	other				5914467	3			0
Sound	deviant_fall	other				5921847	3			0
Sound	0	other				5933847	3			12000
Sound	std	other				5940247	2			0
Sound	std	other				5946578	3			0
Sound	std	other				5953117	3			0
Sound	std	other				5959048	3			0
Sound	deviant_fall	other				5965367	3			0
Sound	0	other				5977367	3			12000
Sound	std	other				5984777	3			0
Sound	deviant_rise	other				5991006	3			0
Sound	0	other				6003006	3			12000
Sound	std	other				6010117	3			0
Sound	std	other				6016517	3			0
Sound	std	other				6022537	2			0
Sound	std	other				6030077	3			0
Sound	deviant_flat	other				6036078	2			0
Sound	0	other				6048078	2			12000
Sound	std	other				6054678	3			0
Sound	std	other				6061017	3			0
Sound	std	other				6067947	3			0
Sound	std	other				6074687	3			0
Sound	std	other				6081106	2			0
Sound	std	other				6087897	3			0
Sound	std	other				6094027	2			0
Sound	std	other				6100787	3			0
Sound	std	other				6106667	4			0
Sound	std	other				6114336	2			0
Sound	std	other				6121777	3			0
Sound	deviant_fall	other				6129177	2			0
Sound	0	other				6141177	3			12000
Sound	std	other				6147876	3			0
Sound	deviant_rise	other				6154116	2			0
Sound	0	other				6166116	2			12000
Sound	std	other				6172357	3			0
Sound	deviant_rise	other				6179677	2			0
Sound	0	other				6191677	2			12000
Sound	std	other				6199047	2			0
Sound	std	other				6205027	2			0
Sound	std	other				6210806	3			0
Sound	std	other				6217017	3			0
Sound	deviant_fall	other				6223176	3			0
Sound	0	other				6235176	2			12000
Sound	deviant_fall	other				6242607	3			0
Sound	0	other				6254607	3			12000
Sound	std	other				6261247	3			0
Sound	std	other				6267897	3			0
Sound	std	other				6274756	3			0
Sound	std	other				6280866	3			0
Sound	std	other				6288187	3			0
Sound	std	other				6294477	3			0
Sound	std	other				6300356	3			0
Sound	std	other				6307906	6			0
Sound	std	other				6313686	3			0
Sound	std	other				6321156	2			0
Sound	std	other				6327577	2			0
Sound	std	other				6334997	2			0
Sound	std	other				6341997	3			0
Sound	std	other				6349437	3			0
Sound	std	other				6356566	3			0
Sound	std	other				6364237	3			0
Sound	deviant_fall	other				6370127	2			0
Sound	0	other				6382127	2			12000
Sound	std	other				6388696	2			0
Sound	deviant_fall	other				6395787	3			0
Sound	0	other				6407787	2			12000
Sound	deviant_fall	other				6414666	2			0
Sound	0	other				6426666	3			12000
Sound	std	other				6432397	2			0
Sound	deviant_flat	other				6438927	3			0
Sound	0	other				6450927	3			12000
Sound	std	other				6456886	7			0
Sound	std	other				6463407	3			0
Sound	deviant_flat	other				6470357	2			0
Sound	0	other				6482357	3			12000
Sound	std	other				6489556	2			0
Sound	deviant_fall	other				6495526	3			0
Sound	0	other				6507526	3			12000
Sound	std	other				6513736	3			0
Sound	std	other				6520006	3			0
Sound	std	other				6525907	3			0
Sound	std	other				6531848	3			0
Sound	std	other				6538336	3			0
Sound	deviant_flat	other				6545626	3			0
Sound	0	other				6557626	2			12000
Sound	std	other				6563577	3			0
Sound	std	other				6571087	3			0
Sound	std	other				6578497	2			0
Sound	std	other				6584346	2			0
Sound	deviant_fall	other				6590976	2			0
Sound	0	other				6602976	2			12000
Sound	std	other				6608766	3			0
Sound	std	other				6615997	2			0
Sound	std	other				6623007	3			0
Sound	std	other				6630727	3			0
Sound	std	other				6638257	3			0
Sound	std	other				6644266	3			0
Sound	std	other				6651406	3			0
Sound	std	other				6658846	3			0
Sound	std	other				6665167	3			0
Sound	deviant_fall	other				6671137	3			0
Sound	0	other				6683137	3			12000
Sound	std	other				6689537	3			0
Sound	deviant_rise	other				6697027	2			0
Sound	0	other				6709027	2			12000
Sound	deviant_flat	other				6716776	2			0
Sound	0	other				6728776	3			12000
Sound	deviant_flat	other				6734766	2			0
Sound	0	other				6746766	3			12000
Sound	std	other				6753166	3			0
Sound	std	other				6759667	2			0
Sound	std	other				6765786	3			0
Sound	std	other				6773137	3			0
Sound	std	other				6780355	2			0
Sound	std	other				6787467	10			0
Sound	std	other				6793746	3			0
Sound	std	other				6801296	3			0
Sound	std	other				6807929	12			0
Sound	std	other				6814027	2			0
Sound	std	other				6821656	3			0
Sound	deviant_flat	other				6829186	2			0
Sound	0	other				6841186	3			12000
Sound	std	other				6847216	2			0
Sound	std	other				6853256	2			0
Sound	deviant_fall	other				6860546	2			0
Sound	0	other				6872546	3			12000
Sound	std	other				6878896	3			0
Sound	std	other				6885448	3			0
Sound	std	other				6892056	3			0
Sound	std	other				6898676	2			0
Sound	std	other				6905536	3			0
Sound	deviant_rise	other				6912066	2			0
Sound	0	other				6924066	3			12000
Sound	deviant_flat	other				6931246	2			0
Sound	0	other				6943246	2			12000
Sound	std	other				6950346	3			0
Sound	std	other				6956636	3			0
Sound	std	other				6962536	3			0
Sound	std	other				6968536	3			0
Sound	std	other				6974416	2			0
Sound	deviant_flat	other				6981966	3			0
Sound	0	other				6993966	3			12000
Sound	deviant_rise	other				7001265	2			0
Sound	0	other				7013265	2			12000
Sound	std	other				7019806	3			0
Sound	std	other				7025806	3			0
Sound	deviant_flat	other				7031886	3			0
Sound	0	other				7043886	3			12000
Sound	std	other				7050915	2			0
Sound	std	other				7056806	3			0
Sound	std	other				7063846	3			0
Sound	deviant_flat	other				7069676	3			0
Sound	0	other				7081676	3			12000
Sound	std	other				7088315	3			0
Sound	std	other				7095286	3			0
Sound	std	other				7102867	3			0
Sound	std	other				7108657	2			0
Sound	std	other				7114435	2			0
Sound	std	other				7121606	3			0
Sound	deviant_flat	other				7129305	3			0
Sound	0	other				7141305	3			12000
Sound	std	other				7148945	3			0
Sound	std	other				7155936	2			0
Sound	std	other				7162705	3			0
Sound	std	other				7170126	2			0
Sound	std	other				7176226	2			0
Sound	std	other				7182857	2			0
Sound	std	other				7190006	5			0
Sound	deviant_rise	other				7196806	2			0
Sound	0	other				7208806	3			12000
Sound	std	other				7215646	2			0
Sound	std	other				7222865	3			0
Sound	std	other				7229656	3			0
Sound	deviant_fall	other				7236215	3			0
Sound	0	other				7248215	3			12000
Sound	std	other				7254956	3			0
Sound	std	other				7261076	3			0
Sound	deviant_rise	other				7266796	3			0
Sound	0	other				7278796	3			12000
Sound	deviant_rise	other				7286486	3			0
Sound	0	other				7298486	3			12000
Sound	std	other				7306076	3			0
Sound	std	other				7313276	3			0
Sound	std	other				7320895	3			0
Sound	deviant_rise	other				7326746	3			0
Sound	0	other				7338746	3			12000
Sound	std	other				7346325	3			0
Sound	std	other				7353146	3			0
Sound	std	other				7360316	3			0
Sound	std	other				7366535	3			0
Sound	deviant_fall	other				7373676	3			0
Sound	0	other				7385676	3			12000
Sound	std	other				7392118	2			0
Sound	std	other				7398815	3			0
Sound	std	other				7406276	3			0
Sound	std	other				7412975	3			0
Sound	deviant_flat	other				7420565	2			0
Sound	0	other				7432565	2			12000
Sound	std	other				7439965	3			0
Sound	deviant_fall	other				7446605	3			0
Sound	0	other				7458605	3			12000
Sound	std	other				7465135	3			0
Sound	std	other				7472795	3			0
Sound	deviant_fall	other				7480506	2			0
Sound	0	other				7492506	2			12000
Sound	deviant_flat	other				7499025	2			0
Sound	0	other				7511025	3			12000
Sound	std	other				7518355	3			0
Sound	std	other				7525487	3			0
Sound	std	other				7532425	3			0
Sound	std	other				7540025	2			0
Sound	std	other				7545916	3			0
Sound	deviant_flat	other				7552815	3			0
Sound	0	other				7564815	3			12000
Sound	deviant_flat	other				7571596	2			0
Sound	0	other				7583596	3			12000
Sound	deviant_fall	other				7590645	3			0
Sound	0	other				7602645	3			12000
Sound	deviant_flat	other				7609965	3			0
Sound	0	other				7621965	3			12000
Sound	deviant_flat	other				7629125	3			0
Sound	0	other				7641125	3			12000
Sound	std	other				7648625	7			0
Sound	std	other				7654416	3			0
Sound	std	other				7661235	3			0
Sound	std	other				7667565	4			0
Sound	std	other				7674655	3			0
Sound	std	other				7680925	2			0
Sound	std	other				7686695	2			0
Sound	std	other				7693565	3			0
Sound	deviant_fall	other				7699555	2			0
Sound	0	other				7711555	3			12000
Sound	std	other				7717845	3			0
Sound	std	other				7724686	3			0
Sound	std	other				7731235	3			0
Sound	std	other				7737315	3			0
Sound	deviant_flat	other				7744524	3			0
Sound	0	other				7756524	2			12000
Sound	std	other				7763075	3			0
Sound	deviant_rise	other				7770735	3			0
Sound	0	other				7782735	3			12000
Sound	deviant_flat	other				7790075	3			0
Sound	0	other				7802075	3			12000
Sound	std	other				7808815	3			0
Sound	std	other				7816225	3			0
Sound	std	other				7823895	3			0
Sound	deviant_flat	other				7831345	2			0
Sound	0	other				7843345	3			12000
Sound	std	other				7850355	3			0
Sound	deviant_flat	other				7857474	3			0
Sound	0	other				7869474	2			12000
Sound	std	other				7875774	3			0
Sound	std	other				7882114	3			0
Sound	std	other				7888134	3			0
Sound	deviant_flat	other				7895775	2			0
Sound	0	other				7907775	3			12000
Sound	std	other				7914815	3			0
Sound	std	other				7920615	3			0
Sound	deviant_fall	other				7926645	3			0
Sound	0	other				7938645	2			12000
Sound	deviant_rise	other				7945645	3			0
Sound	0	other				7957645	2			12000
Sound	std	other				7964815	3			0
Sound	std	other				7971604	3			0
Sound	deviant_rise	other				7977706	3			0
Sound	0	other				7989706	2			12000
Sound	deviant_fall	other				7996974	2			0
Sound	0	other				8008974	2			12000
Sound	std	other				8014755	3			0
Sound	deviant_rise	other				8020554	2			0
Sound	0	other				8032554	3			12000
Sound	std	other				8039374	3			0
Sound	deviant_flat	other				8046224	3			0
Sound	0	other				8058224	3			12000
Sound	std	other				8065215	2			0
Sound	deviant_rise	other				8072895	3			0
Sound	0	other				8084895	2			12000
Sound	std	other				8091925	2			0
Sound	std	other				8098664	3			0
Sound	deviant_rise	other				8105025	3			0
Sound	0	other				8117025	3			12000
Sound	deviant_flat	other				8122825	2			0
Sound	0	other				8134825	3			12000
Sound	std	other				8141774	3			0
Sound	std	other				8148065	2			0
Sound	std	other				8154945	2			0
Sound	std	other				8162004	3			0
Sound	std	other				8168614	3			0
Sound	std	other				8175675	4			0
Sound	std	other				8183245	2			0
Sound	std	other				8189534	10			0
Sound	std	other				8197024	2			0
Sound	std	other				8204395	2			0
Sound	deviant_rise	other				8211024	3			0
Sound	0	other				8223024	2			12000
Sound	std	other				8230024	3			0
Sound	std	other				8237224	3			0
Sound	std	other				8244924	3			0
Sound	std	other				8252684	3			0
Sound	deviant_rise	other				8259154	2			0
Sound	0	other				8271154	3			12000
Sound	std	other				8278174	3			0
Sound	std	other				8285403	3			0
Sound	std	other				8291694	3			0
Sound	std	other				8298294	3			0
Sound	std	other				8304224	3			0
Sound	std	other				8311504	2			0
Sound	std	other				8318585	3			0
Sound	deviant_rise	other				8326144	2			0
Sound	0	other				8338144	3			12000
Sound	std	other				8345445	2			0
Sound	std	other				8351504	3			0
Sound	std	other				8357364	3			0
Sound	std	other				8364394	3			0
Sound	deviant_rise	other				8370664	2			0
Sound	0	other				8382665	3			12000
Sound	std	other				8388864	3			0
Sound	std	other				8395714	3			0
Sound	std	other				8402404	3			0
Sound	std	other				8409025	3			0
Sound	std	other				8414974	3			0
Sound	std	other				8421784	2			0
Sound	std	other				8427584	3			0
Sound	std	other				8433795	2			0
Sound	std	other				8441294	3			0
Sound	std	other				8447964	3			0
Sound	std	other				8453814	3			0
Sound	std	other				8459724	3			0
Sound	std	other				8466225	2			0
Sound	std	other				8472104	3			0
Sound	std	other				8479644	3			0
Sound	std	other				8487014	3			0
Sound	deviant_flat	other				8494565	2			0
Sound	0	other				8506565	2			12000
Sound	deviant_flat	other				8513594	3			0
Sound	0	other				8525594	3			12000
Sound	std	other				8533084	4			0
Sound	std	other				8539904	3			0
Sound	std	other				8545894	3			0
Sound	std	other				8553244	3			0
Sound	std	other				8559345	3			0
Sound	std	other				8565295	2			0
Sound	std	other				8572373	2			0
Sound	std	other				8578174	3			0
Sound	std	other				8585743	3			0
Sound	std	other				8593094	2			0
Sound	std	other				8600304	3			0
Sound	std	other				8606273	2			0
Sound	std	other				8612803	3			0
Sound	std	other				8620134	2			0
Sound	std	other				8627374	2			0
Sound	std	other				8633964	3			0
Sound	std	other				8639784	3			0
Sound	std	other				8647064	3			0
Sound	std	other				8653423	3			0
Sound	std	other				8659734	3			0
Sound	std	other				8667343	3			0
Sound	std	other				8674585	3			0
Sound	std	other				8681384	4			0
Sound	std	other				8687715	2			0
Sound	deviant_fall	other				8694434	3			0
Sound	0	other				8706434	3			12000
Sound	std	other				8713484	3			0
Sound	deviant_flat	other				8720434	3			0
Sound	0	other				8732434	2			12000
Sound	deviant_fall	other				8740134	3			0
Sound	0	other				8752134	3			12000
Sound	deviant_fall	other				8758934	3			0
Sound	0	other				8770934	2			12000
Sound	std	other				8778015	3			0
Sound	std	other				8784553	3			0
Sound	std	other				8790844	4			0
Sound	deviant_fall	other				8798384	3			0
Sound	0	other				8810384	11			12000
Sound	std	other				8816704	2			0
Sound	deviant_rise	other				8822903	3			0
Sound	0	other				8834903	3			12000
Sound	std	other				8842644	3			0
Sound	deviant_rise	other				8849943	3			0
Sound	0	other				8861943	3			12000
Sound	std	other				8868764	2			0
Sound	std	other				8874645	3			0
Sound	std	other				8881093	3			0
Sound	deviant_rise	other				8888363	3			0
Sound	0	other				8900363	3			12000
Sound	std	other				8908073	3			0
Sound	std	other				8914993	3			0
Sound	std	other				8922714	3			0
Sound	std	other				8930403	3			0
Sound	deviant_rise	other				8936594	2			0
Sound	0	other				8948594	3			12000
Sound	deviant_flat	other				8955873	3			0
Sound	0	other				8967873	3			12000
Sound	deviant_flat	other				8974194	3			0
Sound	0	other				8986194	3			12000
Sound	std	other				8992393	3			0
Sound	deviant_fall	other				8999833	3			0
Sound	0	other				9011833	3			12000
Sound	std	other				9018334	2			0
Sound	std	other				9024704	3			0
Sound	std	other				9031783	3			0
Sound	std	other				9037844	2			0
Sound	std	other				9043955	3			0
Sound	std	other				9050983	3			0
Sound	std	other				9058593	2			0
Sound	std	other				9064864	2			0
Sound	deviant_flat	other				9072294	2			0
Sound	0	other				9084294	3			12000
Sound	std	other				9090633	3			0
Sound	deviant_rise	other				9097694	3			0
Sound	0	other				9109694	3			12000
Sound	std	other				9115813	2			0
Sound	std	other				9122483	3			0
Sound	std	other				9128324	3			0
Sound	std	other				9135623	3			0
Sound	std	other				9141824	2			0
Sound	std	other				9148353	3			0
Sound	deviant_rise	other				9154394	3			0
Sound	0	other				9166394	2			12000
Sound	std	other				9173573	3			0
Sound	std	other				9181253	3			0
Sound	deviant_fall	other				9188623	2			0
Sound	0	other				9200623	3			12000
Sound	deviant_rise	other				9207413	3			0
Sound	0	other				9219413	3			12000
Sound	deviant_fall	other				9226154	3			0
Sound	0	other				9238154	3			12000
Sound	std	other				9244394	3			0
Sound	deviant_fall	other				9251693	2			0
Sound	0	other				9263693	3			12000
Sound	deviant_rise	other				9270973	7			0
Sound	0	other				9282973	2			12000
Sound	std	other				9288774	3			0
Sound	std	other				9295713	3			0
Sound	std	other				9302074	2			0
Sound	std	other				9308333	2			0
Sound	std	other				9314963	3			0
Sound	std	other				9322093	3			0
Sound	std	other				9328654	3			0
Sound	std	other				9334544	3			0
Sound	deviant_fall	other				9340714	3			0
Sound	0	other				9352714	3			12000
